Namespace(PDB='test_pdbs/AF-Q9ZNE0-F1-model_v4.pdb', GLN_threshold=None, Calpha='False', topoly_density=None)
pdb_dir: test_pdbs/AF-Q9ZNE0-F1-model_v4.pdb
g_threshold: 0.6
density: 0
Calpha: False
COMPUTING ENTANGLEMENTS FOR [4mAF-Q9ZNE0-F1-model_v4[0m
Checking for disulfide bonds
disulfide_bonds: []
Number of ENTs found: 192
WRITING: unmapped_GE/AF-Q9ZNE0-F1-model_v4_GE.txt
(36, 356, 0.30490604168809177, 0.9013256823259245)
(36, 358, 0.30709376113444514, 0.8635773808425182)
(40, 137, 1.1320887425566382, -0.2855146309540918)
(41, 137, 1.043839659730042, -0.2965805696936239)
(41, 140, 1.0422006027134305, -0.16882368793523334)
(41, 141, 1.1142120036968697, -0.22241040028315445)
(41, 144, 1.159941764382386, -0.05719731787504748)
(44, 137, 0.9854975831748919, -0.2907344693964359)
(44, 138, 1.0100616107780995, -0.43340709461437193)
(44, 141, 1.0785045669232158, -0.2038617035244922)
(45, 141, 0.9913670338559056, -0.2092878917379671)
(45, 145, 1.074130719680646, -0.03435620089559225)
(48, 141, 0.9804933090405733, -0.19056003491433976)
(48, 142, 0.9787064523091258, -0.15633341146132543)
(48, 145, 1.0761452129084397, -0.03318598103169889)
(50, 145, 0.9931579745251415, -0.039099877264050426)
(51, 144, 0.9743922065615168, -0.07063167992004678)
(51, 145, 0.98616950780605, -0.04096986218830419)
(52, 144, 0.9827510712011821, -0.0744058944421403)
(52, 145, 1.0014877079234876, -0.043615713747704926)
(53, 144, 0.9690484565747719, -0.0863871260989679)
(53, 145, 0.9899279535360517, -0.053481853412279685)
(53, 146, 0.9801473891060885, -0.018568694951148133)
(53, 147, 0.9914367507817732, -0.002071148753645267)
(54, 144, 0.9403841919253165, -0.08807474222038433)
(54, 147, 0.9510163618648492, -0.004741313118853905)
(58, 144, 0.8824483266733373, -0.06162964186324498)
(63, 351, 0.17898630291884338, 0.8008522679965987)
(63, 352, 0.19731881363043058, 0.8633692774689484)
(64, 352, 0.2455101071253215, 0.8441098808010536)
(64, 353, 0.2447129023243674, 0.8570039812378343)
(64, 356, 0.2743239519865645, 0.9071954237011275)
(64, 359, 0.25862634553348224, 0.8444179334603218)
(65, 358, 0.38693529333400495, 0.880285764343948)
(65, 359, 0.3748917584202146, 0.8582490647925908)
(66, 349, 0.3784868445470324, 0.6742768414191561)
(66, 359, 0.43468457318567394, 0.8674518926926517)
(66, 360, 0.4276480232174314, 0.8304716235979078)
(67, 349, 0.4653493473494281, 0.6895016333172884)
(67, 359, 0.5515665984999835, 0.8766260378211067)
(69, 358, 0.6137308818076491, 0.8987313654045853)
(69, 359, 0.607792634361661, 0.8783464756967987)
(94, 349, 0.26341726472619864, 0.7149979337420428)
(95, 325, 0.16740057742578274, 1.1551634752177657)
(95, 349, 0.18957335566392433, 0.7099373822426116)
(95, 350, 0.1824691676613962, 0.809194986894706)
(96, 324, 0.20101284998039562, 1.1080524192167263)
(96, 325, 0.18006966509260386, 1.1884429273245372)
(96, 326, 0.18387561016587595, 1.1167430575126398)
(96, 350, 0.1976024122148543, 0.7989938461322096)
(97, 323, 0.18131202493364368, 1.047930496398616)
(97, 324, 0.14673798378065295, 1.1391365014623007)
(97, 350, 0.14387626293997197, 0.7857028880894631)
(97, 351, 0.1599073494611715, 0.8387537268174238)
(98, 291, 0.1829426304252101, 1.0692059420371791)
(98, 292, 0.17945385163103808, 1.1280069608349865)
(98, 323, 0.10843147907337511, 1.06936746494096)
(98, 351, 0.08576400384275137, 0.820506374992046)
(98, 352, 0.15374063771112842, 0.9032968966619269)
(100, 209, 0.3146585158829379, 1.1804253584615567)
(100, 292, 0.15722760182839504, 1.1181393795166132)
(101, 209, 0.3811141827409084, 1.177673779424401)
(101, 296, 0.16664392021869676, 1.1977477710556674)
(101, 323, 0.1407772821740397, 1.1005762183501209)
(101, 324, 0.0986326255498, 1.1889419831106782)
(101, 327, 0.11465093644292934, 1.1324990652780604)
(104, 205, 0.4344023280242162, 1.1455415720887563)
(104, 209, 0.4718928885374227, 1.1325766798604298)
(105, 324, 0.3995399851526524, 1.1757517396965431)
(105, 326, 0.4025629996082912, 1.1753684089810925)
(105, 327, 0.40104995853966235, 1.1216397995643328)
(106, 326, 0.4480826524525992, 1.1635206871920305)
(120, 375, -0.10742834017877333, 1.1241578982073246)
(121, 213, -0.0034257714582412824, 1.0786674856736065)
(121, 216, 0.03910330475550914, 0.7069948364988417)
(121, 217, 0.047261056061298164, 0.7260652392116062)
(121, 292, -0.15517213683629938, 1.1246330663549888)
(121, 374, -0.14772246580256, 1.0039093678819417)
(121, 375, -0.13466562338812305, 1.1319877233966957)
(123, 212, 0.16188548010381826, 1.1707500874340668)
(123, 213, 0.1708347334153173, 1.0452394399275058)
(123, 215, 0.2103912971966239, 0.7358299984192311)
(123, 216, 0.2316647263987024, 0.6617217883522483)
(124, 209, 0.2545554121000021, 1.142348617882332)
(124, 212, 0.2844979031765, 1.164642106037585)
(124, 213, 0.29283068218605496, 1.0412366864731706)
(126, 212, 0.3250383547659997, 1.0541513892561731)
(127, 205, 0.2758637150458986, 1.1233491998881573)
(127, 208, 0.2885552387035286, 1.0635861603648369)
(127, 209, 0.2835504302519823, 1.0802201934069595)
(127, 212, 0.2971408632647829, 1.0943003063069976)
(128, 205, 0.41246056993775937, 1.0320790774044688)
(165, 257, 0.7764861624393667, -0.11005698422246948)
(166, 257, 0.8582473494436763, -0.12510178664264407)
(166, 258, 0.856468045297105, -0.053974838233556865)
(166, 260, 0.8632680914146297, 0.0025996319468667563)
(168, 262, 0.9434828609705906, 0.01194400822349465)
(168, 394, 0.9683214541443415, -0.27379647738887775)
(168, 409, 0.9569993794175775, 0)
(169, 260, 0.8727049705197293, -0.013853459230294471)
(169, 261, 0.8769664119809971, 0.02676031961721025)
(169, 262, 0.8911381799558924, 0.020874527958099413)
(170, 392, 0.8355042096065326, -0.10554874450750212)
(170, 394, 0.8407455937873015, -0.27356410139848464)
(172, 293, 0.8614140644872504, 1.1143204770735384)
(172, 294, 0.8650300781543321, 1.076192163138802)
(172, 372, 0.8795401923087747, 0.7993238026659915)
(172, 373, 0.8818230622033854, 0.8955983040243584)
(172, 374, 0.8750079821773967, 0.9865452980065065)
(172, 390, 0.851022885270011, -0.03006210511810814)
(172, 391, 0.8550194368893271, -0.23147642280510689)
(172, 392, 0.8757333807762052, -0.11117597271494674)
(173, 261, 0.7999668421651047, 0.07268369947479662)
(173, 262, 0.8415774171831257, 0.06593948273353263)
(173, 263, 0.845096112895512, -0.016826108296571916)
(173, 392, 0.9181738336573203, -0.11761571237200553)
(174, 255, 0.8122625251018795, -0.06921293634039564)
(174, 257, 0.8867689111879852, -0.05373024769525556)
(174, 260, 0.7996732923202338, 0.035227534476134206)
(176, 263, 0.8823705762120088, 0.03865064870894161)
(176, 264, 0.8715718372308271, -0.09343763875626308)
(176, 265, 0.8734052785913267, -0.26236588557062596)
(176, 273, 0.8582605696754614, -0.05189095424854308)
(176, 390, 0.8804975275006504, -0.04956272314141789)
(177, 255, 0.9084013803240857, -0.007407070624237248)
(177, 260, 0.8790640747252815, 0.03613926041495873)
(177, 263, 0.8350578647711261, -0.03060072235180508)
(177, 273, 0.8091110242656279, -0.07122895452145814)
(178, 255, 0.8543731054026658, -0.019835406516359882)
(179, 270, 0.7329801496033115, -0.1308581208223761)
(179, 271, 0.7200786033195726, -0.08579536417131263)
(180, 271, 0.7927430136628767, -0.09399163915435435)
(180, 273, 0.7866014262613068, -0.051024782265443554)
(181, 251, 0.8367548551935446, -0.05584418344826641)
(181, 253, 0.8598362967163689, -0.0062554099049757375)
(181, 255, 0.8995909872994226, -0.00852953450469181)
(182, 251, 0.7922628602248419, -0.0623440480646943)
(182, 253, 0.8118939785499182, -0.012991453584249642)
(183, 271, 0.6075370693481484, -0.07724692299886772)
(200, 257, 1.035896971038791, -0.03500956345815678)
(206, 296, 0.7755848507038787, 1.1738880785249297)
(206, 298, 0.7636020597504051, 1.0894008743006072)
(207, 298, 0.8429146537751359, 1.0996120454327811)
(209, 296, 0.8216161780737608, 1.1851789473262575)
(210, 293, 0.8865279825684664, 1.1089935784406626)
(210, 294, 0.8869792283244876, 1.0612924801871872)
(210, 296, 0.8980184530270693, 1.203520595795559)
(213, 292, 0.8083645698501859, 1.092593957635258)
(213, 293, 0.7805404530026558, 1.1018903314228456)
(213, 374, 0.8067501815923429, 0.9749354440812252)
(214, 293, 0.8343408003528462, 1.1173956455721854)
(214, 374, 0.8643309664534954, 0.9549006296054307)
(216, 375, 0.743692179977033, 1.076259313671526)
(217, 270, 0.788646156659572, -0.09735944189083215)
(217, 374, 0.7600080837053441, 0.9359086382249154)
(217, 375, 0.7745947476967142, 1.0689297505727098)
(265, 376, -0.04581798381204434, 0.9605352813253984)
(266, 376, -0.03004581771393672, 0.9156142510671886)
(267, 376, -0.0492746598381918, 0.9490062543630069)
(268, 376, -0.13518851170257745, 0.9702718312689276)
(268, 377, -0.1439461992314315, 0.9772063326775609)
(268, 378, -0.1408168599714627, 0.9339089310763848)
(269, 376, -0.30456916514306404, 0.9811919130530775)
(270, 374, -0.4452451377183119, 0.8910740403291237)
(270, 376, -0.43715919999144737, 1.0092292751104157)
(299, 393, 0.8999377632744925, -0.21254661124694685)
(302, 394, 1.0884849707243398, -0.3537226054380362)
(303, 393, 0.9395935842788539, -0.19347751889052223)
(303, 397, 1.0584149054332583, -0.1933853562395142)
(305, 394, 1.0002491269696847, -0.32507522079495793)
(306, 394, 0.961505194621167, -0.3113581679486614)
(306, 397, 1.0305536367114356, -0.1648014213561378)
(306, 398, 1.051233393382022, -0.16285706020118396)
(306, 408, 1.0585670495568753, 0)
(307, 397, 0.9450167356269498, -0.1482951079241848)
(307, 401, 1.0489905799285293, -0.08329753401196785)
(310, 401, 0.991062953504228, -0.06871308030633204)
(310, 411, 0.94595088974121, 0)
(310, 412, 0.9547123420878343, 0)
(310, 415, 0.9858147774202378, 0)
(311, 401, 0.9608495587143057, -0.059016650275891036)
(312, 400, 0.9330567848511778, -0.06479593844158452)
(312, 401, 0.976810771509443, -0.05183818934507048)
(313, 400, 0.9240389780286288, -0.049627472031762807)
(313, 401, 0.9657946536623154, -0.03907373533855874)
(313, 402, 0.9532316815663384, -0.030301480794807507)
(313, 403, 0.9586453838242829, -0.01994109087335193)
(315, 402, 0.8623350072158676, -0.025163013978194093)
(315, 403, 0.8726784942603548, -0.016445162303894856)
(316, 400, 0.8878731067547865, -0.0539400162878645)
(316, 403, 0.8945980391388663, -0.01755033478814593)
(318, 400, 0.8498584943842037, -0.06830259886517785)
NORMAL TERMINATION
