Warning: The unmapped_GE filenames should only contain a single "_" character:  P0AD61_4YNG_C_GE.txt
CLUSTERING ENTANGLEMENTS FOR [4mP0AD61[0m
Loading unmapped_GE_CA/P0AD61_4YNG_C_GE.txt
['Chain C ', " (22, 322, ['+8']) ", ' 0.8296320600313153 ', ' 0.013503444865087984 ', ' CCbond-False\n']
['Chain C ', " (23, 322, ['+8']) ", ' 0.7687673879002749 ', ' 0.03370276707988164 ', ' CCbond-False\n']
['Chain C ', " (23, 325, ['+8']) ", ' 0.7807704022915948 ', ' 0.06370503083496538 ', ' CCbond-False\n']
['Chain C ', " (26, 322, ['+7']) ", ' 0.7933404875751218 ', ' 0.008571405198053094 ', ' CCbond-False\n']
['Chain C ', " (26, 325, ['+7']) ", ' 0.8131075079148495 ', ' 0.04511966185215608 ', ' CCbond-False\n']
['Chain C ', " (26, 326, ['+7']) ", ' 0.8061808737093675 ', ' 0.07027379918067551 ', ' CCbond-False\n']
['Chain C ', " (26, 329, ['+7']) ", ' 0.8141865694700633 ', ' 0.059135343521623585 ', ' CCbond-False\n']
['Chain C ', " (27, 325, ['+7']) ", ' 0.7027640703697804 ', ' 0.0753421886303243 ', ' CCbond-False\n']
['Chain C ', " (27, 326, ['+7']) ", ' 0.7001305477132707 ', ' 0.09831267698036904 ', ' CCbond-False\n']
['Chain C ', " (27, 329, ['+7']) ", ' 0.7110200894508407 ', ' 0.08370423101777644 ', ' CCbond-False\n']
['Chain C ', " (28, 325, ['+7']) ", ' 0.6459508163972623 ', ' 0.10311648477073058 ', ' CCbond-False\n']
['Chain C ', " (382, 460, ['+375']) ", ' 0.754121664338647 ', ' 0 ', ' CCbond-False\n']
['Chain C ', " (383, 452, ['+375']) ", ' 0.9099748078158841 ', ' -0.020110553707751052 ', ' CCbond-False\n']
['Chain C ', " (383, 453, ['+375']) ", ' 0.8810248446993456 ', ' -0.09759414145831502 ', ' CCbond-False\n']
['Chain C ', " (383, 460, ['+375']) ", ' 0.8691906847998241 ', ' 0 ', ' CCbond-False\n']
['Chain C ', " (383, 461, ['+375']) ", ' 0.8701363096230805 ', ' 0 ', ' CCbond-False\n']
['Chain C ', " (383, 462, ['+375']) ", ' 0.875269225810889 ', ' 0 ', ' CCbond-False\n']
Step 1 results
('Chain C', '+8') [(22, 322), (23, 322), (23, 325)]
('Chain C', '+7') [(26, 322), (26, 325), (26, 326), (26, 329), (27, 325), (27, 326), (27, 329), (28, 325)]
('Chain C', '+375') [(382, 460), (383, 452), (383, 453), (383, 460), (383, 461), (383, 462)]
CCBonds: []

# Step 2
Step 2 results
0 (3, 23, 322, '+8', '22-322;23-322;23-325')
1 (8, 26, 322, '+7', '26-322;26-325;26-326;26-329;27-325;27-326;27-329;28-325')
2 (6, 383, 452, '+375', '382-460;383-452;383-453;383-460;383-461;383-462')

# Step 2b

Step 2b results
0 [(3, 23, 322, '+8', '22-322;23-322;23-325')]
1 [(8, 26, 322, '+7', '26-322;26-325;26-326;26-329;27-325;27-326;27-329;28-325')]
2 [(6, 383, 452, '+375', '382-460;383-452;383-453;383-460;383-461;383-462')]

### Update entanglement dict with those that got merged
Number of merged pairs: 0

### merge ents to final and reform ent_data
Results after adding those that got merged to each representative entanglement
(3, 23, 322, '+8', '22-322;23-322;23-325')
(8, 26, 322, '+7', '26-322;26-325;26-326;26-329;27-325;27-326;27-329;28-325')
(6, 383, 452, '+375', '382-460;383-452;383-453;383-460;383-461;383-462')

# Step 3
Step 3 results
(6, 383, 452, '+375', '382-460;383-452;383-453;383-460;383-461;383-462')
(11, 26, 322, '+7', '26-322;26-325;26-326;26-329;27-325;27-326;27-329;28-325;22-322;23-322;23-325')

# Step 4 prep
# Step 4 prep results
(6, 383, 452, '+375', '382-460;383-452;383-453;383-460;383-461;383-462')
(11, 26, 322, '+7', '26-322;26-325;26-326;26-329;27-325;27-326;27-329;28-325;22-322;23-322;23-325')

# Step 4

Step 5: Output file
Chain C|(383, 452, '+375')|0.90997|-0.02011|6|382-460;383-452;383-453;383-460;383-461;383-462|False
Chain C|(26, 322, '+7')|0.79334|0.00857|11|26-322;26-325;26-326;26-329;27-325;27-326;27-329;28-325;22-322;23-322;23-325|False
SAVED: clustered_unmapped_GE_CA//P0AD61_clustered_GE.txt
NORMAL TERMINATION
