Warning: The unmapped_GE filenames should only contain a single "_" character:  AF-Q9ZNE0-F1-model_v4_GE.txt
CLUSTERING ENTANGLEMENTS FOR [4mAF-Q9ZNE0-F1-model[0m
Loading unmapped_GE/AF-Q9ZNE0-F1-model_v4_GE.txt
['Chain A ', " (36, 356, ['+390']) ", ' 0.30490604168809177 ', ' 0.9013256823259245 ', ' CCbond-False\n']
['Chain A ', " (36, 358, ['+390']) ", ' 0.30709376113444514 ', ' 0.8635773808425182 ', ' CCbond-False\n']
['Chain A ', " (40, 137, ['+32']) ", ' 1.1320887425566382 ', ' -0.2855146309540918 ', ' CCbond-False\n']
['Chain A ', " (41, 137, ['+32']) ", ' 1.043839659730042 ', ' -0.2965805696936239 ', ' CCbond-False\n']
['Chain A ', " (41, 140, ['+32']) ", ' 1.0422006027134305 ', ' -0.16882368793523334 ', ' CCbond-False\n']
['Chain A ', " (41, 141, ['+32']) ", ' 1.1142120036968697 ', ' -0.22241040028315445 ', ' CCbond-False\n']
['Chain A ', " (41, 144, ['+31']) ", ' 1.159941764382386 ', ' -0.05719731787504748 ', ' CCbond-False\n']
['Chain A ', " (44, 137, ['+32']) ", ' 0.9854975831748919 ', ' -0.2907344693964359 ', ' CCbond-False\n']
['Chain A ', " (44, 138, ['+32']) ", ' 1.0100616107780995 ', ' -0.43340709461437193 ', ' CCbond-False\n']
['Chain A ', " (44, 141, ['+32']) ", ' 1.0785045669232158 ', ' -0.2038617035244922 ', ' CCbond-False\n']
['Chain A ', " (45, 141, ['+32']) ", ' 0.9913670338559056 ', ' -0.2092878917379671 ', ' CCbond-False\n']
['Chain A ', " (45, 145, ['+32']) ", ' 1.074130719680646 ', ' -0.03435620089559225 ', ' CCbond-False\n']
['Chain A ', " (48, 141, ['+32']) ", ' 0.9804933090405733 ', ' -0.19056003491433976 ', ' CCbond-False\n']
['Chain A ', " (48, 142, ['+32']) ", ' 0.9787064523091258 ', ' -0.15633341146132543 ', ' CCbond-False\n']
['Chain A ', " (48, 145, ['+32']) ", ' 1.0761452129084397 ', ' -0.03318598103169889 ', ' CCbond-False\n']
['Chain A ', " (50, 145, ['+32']) ", ' 0.9931579745251415 ', ' -0.039099877264050426 ', ' CCbond-False\n']
['Chain A ', " (51, 144, ['+32']) ", ' 0.9743922065615168 ', ' -0.07063167992004678 ', ' CCbond-False\n']
['Chain A ', " (51, 145, ['+32']) ", ' 0.98616950780605 ', ' -0.04096986218830419 ', ' CCbond-False\n']
['Chain A ', " (52, 144, ['+32']) ", ' 0.9827510712011821 ', ' -0.0744058944421403 ', ' CCbond-False\n']
['Chain A ', " (52, 145, ['+32']) ", ' 1.0014877079234876 ', ' -0.043615713747704926 ', ' CCbond-False\n']
['Chain A ', " (53, 144, ['+32']) ", ' 0.9690484565747719 ', ' -0.0863871260989679 ', ' CCbond-False\n']
['Chain A ', " (53, 145, ['+32']) ", ' 0.9899279535360517 ', ' -0.053481853412279685 ', ' CCbond-False\n']
['Chain A ', " (53, 146, ['+32']) ", ' 0.9801473891060885 ', ' -0.018568694951148133 ', ' CCbond-False\n']
['Chain A ', " (53, 147, ['+32']) ", ' 0.9914367507817732 ', ' -0.002071148753645267 ', ' CCbond-False\n']
['Chain A ', " (54, 144, ['+32']) ", ' 0.9403841919253165 ', ' -0.08807474222038433 ', ' CCbond-False\n']
['Chain A ', " (54, 147, ['+32']) ", ' 0.9510163618648492 ', ' -0.004741313118853905 ', ' CCbond-False\n']
['Chain A ', " (58, 144, ['+32']) ", ' 0.8824483266733373 ', ' -0.06162964186324498 ', ' CCbond-False\n']
['Chain A ', " (63, 351, ['+391']) ", ' 0.17898630291884338 ', ' 0.8008522679965987 ', ' CCbond-False\n']
['Chain A ', " (63, 352, ['+390']) ", ' 0.19731881363043058 ', ' 0.8633692774689484 ', ' CCbond-False\n']
['Chain A ', " (64, 352, ['+390']) ", ' 0.2455101071253215 ', ' 0.8441098808010536 ', ' CCbond-False\n']
['Chain A ', " (64, 353, ['+391']) ", ' 0.2447129023243674 ', ' 0.8570039812378343 ', ' CCbond-False\n']
['Chain A ', " (64, 356, ['+391']) ", ' 0.2743239519865645 ', ' 0.9071954237011275 ', ' CCbond-False\n']
['Chain A ', " (64, 359, ['+390']) ", ' 0.25862634553348224 ', ' 0.8444179334603218 ', ' CCbond-False\n']
['Chain A ', " (65, 358, ['+391']) ", ' 0.38693529333400495 ', ' 0.880285764343948 ', ' CCbond-False\n']
['Chain A ', " (65, 359, ['+390']) ", ' 0.3748917584202146 ', ' 0.8582490647925908 ', ' CCbond-False\n']
['Chain A ', " (66, 349, ['+391']) ", ' 0.3784868445470324 ', ' 0.6742768414191561 ', ' CCbond-False\n']
['Chain A ', " (66, 359, ['+390']) ", ' 0.43468457318567394 ', ' 0.8674518926926517 ', ' CCbond-False\n']
['Chain A ', " (66, 360, ['+390']) ", ' 0.4276480232174314 ', ' 0.8304716235979078 ', ' CCbond-False\n']
['Chain A ', " (67, 349, ['+391']) ", ' 0.4653493473494281 ', ' 0.6895016333172884 ', ' CCbond-False\n']
['Chain A ', " (67, 359, ['+390']) ", ' 0.5515665984999835 ', ' 0.8766260378211067 ', ' CCbond-False\n']
['Chain A ', " (69, 358, ['+390']) ", ' 0.6137308818076491 ', ' 0.8987313654045853 ', ' CCbond-False\n']
['Chain A ', " (69, 359, ['+390']) ", ' 0.607792634361661 ', ' 0.8783464756967987 ', ' CCbond-False\n']
['Chain A ', " (94, 349, ['+391']) ", ' 0.26341726472619864 ', ' 0.7149979337420428 ', ' CCbond-False\n']
['Chain A ', " (95, 325, ['+391']) ", ' 0.16740057742578274 ', ' 1.1551634752177657 ', ' CCbond-False\n']
['Chain A ', " (95, 349, ['+391']) ", ' 0.18957335566392433 ', ' 0.7099373822426116 ', ' CCbond-False\n']
['Chain A ', " (95, 350, ['+391']) ", ' 0.1824691676613962 ', ' 0.809194986894706 ', ' CCbond-False\n']
['Chain A ', " (96, 324, ['+391']) ", ' 0.20101284998039562 ', ' 1.1080524192167263 ', ' CCbond-False\n']
['Chain A ', " (96, 325, ['+391']) ", ' 0.18006966509260386 ', ' 1.1884429273245372 ', ' CCbond-False\n']
['Chain A ', " (96, 326, ['+391']) ", ' 0.18387561016587595 ', ' 1.1167430575126398 ', ' CCbond-False\n']
['Chain A ', " (96, 350, ['+391']) ", ' 0.1976024122148543 ', ' 0.7989938461322096 ', ' CCbond-False\n']
['Chain A ', " (97, 323, ['+391']) ", ' 0.18131202493364368 ', ' 1.047930496398616 ', ' CCbond-False\n']
['Chain A ', " (97, 324, ['+391']) ", ' 0.14673798378065295 ', ' 1.1391365014623007 ', ' CCbond-False\n']
['Chain A ', " (97, 350, ['+391']) ", ' 0.14387626293997197 ', ' 0.7857028880894631 ', ' CCbond-False\n']
['Chain A ', " (97, 351, ['+391']) ", ' 0.1599073494611715 ', ' 0.8387537268174238 ', ' CCbond-False\n']
['Chain A ', " (98, 291, ['+390']) ", ' 0.1829426304252101 ', ' 1.0692059420371791 ', ' CCbond-False\n']
['Chain A ', " (98, 292, ['+390']) ", ' 0.17945385163103808 ', ' 1.1280069608349865 ', ' CCbond-False\n']
['Chain A ', " (98, 323, ['+391']) ", ' 0.10843147907337511 ', ' 1.06936746494096 ', ' CCbond-False\n']
['Chain A ', " (98, 351, ['+391']) ", ' 0.08576400384275137 ', ' 0.820506374992046 ', ' CCbond-False\n']
['Chain A ', " (98, 352, ['+391']) ", ' 0.15374063771112842 ', ' 0.9032968966619269 ', ' CCbond-False\n']
['Chain A ', " (100, 209, ['+223']) ", ' 0.3146585158829379 ', ' 1.1804253584615567 ', ' CCbond-False\n']
['Chain A ', " (100, 292, ['+391']) ", ' 0.15722760182839504 ', ' 1.1181393795166132 ', ' CCbond-False\n']
['Chain A ', " (101, 209, ['+223']) ", ' 0.3811141827409084 ', ' 1.177673779424401 ', ' CCbond-False\n']
['Chain A ', " (101, 296, ['+391']) ", ' 0.16664392021869676 ', ' 1.1977477710556674 ', ' CCbond-False\n']
['Chain A ', " (101, 323, ['+391']) ", ' 0.1407772821740397 ', ' 1.1005762183501209 ', ' CCbond-False\n']
['Chain A ', " (101, 324, ['+391']) ", ' 0.0986326255498 ', ' 1.1889419831106782 ', ' CCbond-False\n']
['Chain A ', " (101, 327, ['+391']) ", ' 0.11465093644292934 ', ' 1.1324990652780604 ', ' CCbond-False\n']
['Chain A ', " (104, 205, ['+223']) ", ' 0.4344023280242162 ', ' 1.1455415720887563 ', ' CCbond-False\n']
['Chain A ', " (104, 209, ['+223']) ", ' 0.4718928885374227 ', ' 1.1325766798604298 ', ' CCbond-False\n']
['Chain A ', " (105, 324, ['+391']) ", ' 0.3995399851526524 ', ' 1.1757517396965431 ', ' CCbond-False\n']
['Chain A ', " (105, 326, ['+391']) ", ' 0.4025629996082912 ', ' 1.1753684089810925 ', ' CCbond-False\n']
['Chain A ', " (105, 327, ['+390']) ", ' 0.40104995853966235 ', ' 1.1216397995643328 ', ' CCbond-False\n']
['Chain A ', " (106, 326, ['+391']) ", ' 0.4480826524525992 ', ' 1.1635206871920305 ', ' CCbond-False\n']
['Chain A ', " (120, 375, ['+391']) ", ' -0.10742834017877333 ', ' 1.1241578982073246 ', ' CCbond-False\n']
['Chain A ', " (121, 213, ['+223']) ", ' -0.0034257714582412824 ', ' 1.0786674856736065 ', ' CCbond-False\n']
['Chain A ', " (121, 216, ['+223']) ", ' 0.03910330475550914 ', ' 0.7069948364988417 ', ' CCbond-False\n']
['Chain A ', " (121, 217, ['+223']) ", ' 0.047261056061298164 ', ' 0.7260652392116062 ', ' CCbond-False\n']
['Chain A ', " (121, 292, ['+390']) ", ' -0.15517213683629938 ', ' 1.1246330663549888 ', ' CCbond-False\n']
['Chain A ', " (121, 374, ['+391']) ", ' -0.14772246580256 ', ' 1.0039093678819417 ', ' CCbond-False\n']
['Chain A ', " (121, 375, ['+391']) ", ' -0.13466562338812305 ', ' 1.1319877233966957 ', ' CCbond-False\n']
['Chain A ', " (123, 212, ['+223']) ", ' 0.16188548010381826 ', ' 1.1707500874340668 ', ' CCbond-False\n']
['Chain A ', " (123, 213, ['+223']) ", ' 0.1708347334153173 ', ' 1.0452394399275058 ', ' CCbond-False\n']
['Chain A ', " (123, 215, ['+223']) ", ' 0.2103912971966239 ', ' 0.7358299984192311 ', ' CCbond-False\n']
['Chain A ', " (123, 216, ['+223']) ", ' 0.2316647263987024 ', ' 0.6617217883522483 ', ' CCbond-False\n']
['Chain A ', " (124, 209, ['+223']) ", ' 0.2545554121000021 ', ' 1.142348617882332 ', ' CCbond-False\n']
['Chain A ', " (124, 212, ['+223']) ", ' 0.2844979031765 ', ' 1.164642106037585 ', ' CCbond-False\n']
['Chain A ', " (124, 213, ['+223']) ", ' 0.29283068218605496 ', ' 1.0412366864731706 ', ' CCbond-False\n']
['Chain A ', " (126, 212, ['+223']) ", ' 0.3250383547659997 ', ' 1.0541513892561731 ', ' CCbond-False\n']
['Chain A ', " (127, 205, ['+223']) ", ' 0.2758637150458986 ', ' 1.1233491998881573 ', ' CCbond-False\n']
['Chain A ', " (127, 208, ['+223']) ", ' 0.2885552387035286 ', ' 1.0635861603648369 ', ' CCbond-False\n']
['Chain A ', " (127, 209, ['+223']) ", ' 0.2835504302519823 ', ' 1.0802201934069595 ', ' CCbond-False\n']
['Chain A ', " (127, 212, ['+223']) ", ' 0.2971408632647829 ', ' 1.0943003063069976 ', ' CCbond-False\n']
['Chain A ', " (128, 205, ['+224']) ", ' 0.41246056993775937 ', ' 1.0320790774044688 ', ' CCbond-False\n']
['Chain A ', " (165, 257, ['+158']) ", ' 0.7764861624393667 ', ' -0.11005698422246948 ', ' CCbond-False\n']
['Chain A ', " (166, 257, ['+158']) ", ' 0.8582473494436763 ', ' -0.12510178664264407 ', ' CCbond-False\n']
['Chain A ', " (166, 258, ['+159']) ", ' 0.856468045297105 ', ' -0.053974838233556865 ', ' CCbond-False\n']
['Chain A ', " (166, 260, ['+158']) ", ' 0.8632680914146297 ', ' 0.0025996319468667563 ', ' CCbond-False\n']
['Chain A ', " (168, 262, ['+157']) ", ' 0.9434828609705906 ', ' 0.01194400822349465 ', ' CCbond-False\n']
['Chain A ', " (168, 394, ['+157']) ", ' 0.9683214541443415 ', ' -0.27379647738887775 ', ' CCbond-False\n']
['Chain A ', " (168, 409, ['+157']) ", ' 0.9569993794175775 ', ' 0 ', ' CCbond-False\n']
['Chain A ', " (169, 260, ['+157']) ", ' 0.8727049705197293 ', ' -0.013853459230294471 ', ' CCbond-False\n']
['Chain A ', " (169, 261, ['+157']) ", ' 0.8769664119809971 ', ' 0.02676031961721025 ', ' CCbond-False\n']
['Chain A ', " (169, 262, ['+157']) ", ' 0.8911381799558924 ', ' 0.020874527958099413 ', ' CCbond-False\n']
['Chain A ', " (170, 392, ['+158']) ", ' 0.8355042096065326 ', ' -0.10554874450750212 ', ' CCbond-False\n']
['Chain A ', " (170, 394, ['+157']) ", ' 0.8407455937873015 ', ' -0.27356410139848464 ', ' CCbond-False\n']
['Chain A ', " (172, 293, ['+157' '+390']) ", ' 0.8614140644872504 ', ' 1.1143204770735384 ', ' CCbond-False\n']
['Chain A ', " (172, 294, ['+159' '+390']) ", ' 0.8650300781543321 ', ' 1.076192163138802 ', ' CCbond-False\n']
['Chain A ', " (172, 372, ['+157' '+391']) ", ' 0.8795401923087747 ', ' 0.7993238026659915 ', ' CCbond-False\n']
['Chain A ', " (172, 373, ['+157' '+391']) ", ' 0.8818230622033854 ', ' 0.8955983040243584 ', ' CCbond-False\n']
['Chain A ', " (172, 374, ['+157' '+391']) ", ' 0.8750079821773967 ', ' 0.9865452980065065 ', ' CCbond-False\n']
['Chain A ', " (172, 390, ['+157']) ", ' 0.851022885270011 ', ' -0.03006210511810814 ', ' CCbond-False\n']
['Chain A ', " (172, 391, ['+157']) ", ' 0.8550194368893271 ', ' -0.23147642280510689 ', ' CCbond-False\n']
['Chain A ', " (172, 392, ['+157']) ", ' 0.8757333807762052 ', ' -0.11117597271494674 ', ' CCbond-False\n']
['Chain A ', " (173, 261, ['+157']) ", ' 0.7999668421651047 ', ' 0.07268369947479662 ', ' CCbond-False\n']
['Chain A ', " (173, 262, ['+157']) ", ' 0.8415774171831257 ', ' 0.06593948273353263 ', ' CCbond-False\n']
['Chain A ', " (173, 263, ['+157']) ", ' 0.845096112895512 ', ' -0.016826108296571916 ', ' CCbond-False\n']
['Chain A ', " (173, 392, ['+157']) ", ' 0.9181738336573203 ', ' -0.11761571237200553 ', ' CCbond-False\n']
['Chain A ', " (174, 255, ['+158']) ", ' 0.8122625251018795 ', ' -0.06921293634039564 ', ' CCbond-False\n']
['Chain A ', " (174, 257, ['+159']) ", ' 0.8867689111879852 ', ' -0.05373024769525556 ', ' CCbond-False\n']
['Chain A ', " (174, 260, ['+157']) ", ' 0.7996732923202338 ', ' 0.035227534476134206 ', ' CCbond-False\n']
['Chain A ', " (176, 263, ['+158']) ", ' 0.8823705762120088 ', ' 0.03865064870894161 ', ' CCbond-False\n']
['Chain A ', " (176, 264, ['+158']) ", ' 0.8715718372308271 ', ' -0.09343763875626308 ', ' CCbond-False\n']
['Chain A ', " (176, 265, ['+158']) ", ' 0.8734052785913267 ', ' -0.26236588557062596 ', ' CCbond-False\n']
['Chain A ', " (176, 273, ['+157']) ", ' 0.8582605696754614 ', ' -0.05189095424854308 ', ' CCbond-False\n']
['Chain A ', " (176, 390, ['+157']) ", ' 0.8804975275006504 ', ' -0.04956272314141789 ', ' CCbond-False\n']
['Chain A ', " (177, 255, ['+157']) ", ' 0.9084013803240857 ', ' -0.007407070624237248 ', ' CCbond-False\n']
['Chain A ', " (177, 260, ['+158']) ", ' 0.8790640747252815 ', ' 0.03613926041495873 ', ' CCbond-False\n']
['Chain A ', " (177, 263, ['+158']) ", ' 0.8350578647711261 ', ' -0.03060072235180508 ', ' CCbond-False\n']
['Chain A ', " (177, 273, ['+157']) ", ' 0.8091110242656279 ', ' -0.07122895452145814 ', ' CCbond-False\n']
['Chain A ', " (178, 255, ['+157']) ", ' 0.8543731054026658 ', ' -0.019835406516359882 ', ' CCbond-False\n']
['Chain A ', " (179, 270, ['+158']) ", ' 0.7329801496033115 ', ' -0.1308581208223761 ', ' CCbond-False\n']
['Chain A ', " (179, 271, ['+158']) ", ' 0.7200786033195726 ', ' -0.08579536417131263 ', ' CCbond-False\n']
['Chain A ', " (180, 271, ['+159']) ", ' 0.7927430136628767 ', ' -0.09399163915435435 ', ' CCbond-False\n']
['Chain A ', " (180, 273, ['+158']) ", ' 0.7866014262613068 ', ' -0.051024782265443554 ', ' CCbond-False\n']
['Chain A ', " (181, 251, ['+157']) ", ' 0.8367548551935446 ', ' -0.05584418344826641 ', ' CCbond-False\n']
['Chain A ', " (181, 253, ['+157']) ", ' 0.8598362967163689 ', ' -0.0062554099049757375 ', ' CCbond-False\n']
['Chain A ', " (181, 255, ['+157']) ", ' 0.8995909872994226 ', ' -0.00852953450469181 ', ' CCbond-False\n']
['Chain A ', " (182, 251, ['+157']) ", ' 0.7922628602248419 ', ' -0.0623440480646943 ', ' CCbond-False\n']
['Chain A ', " (182, 253, ['+157']) ", ' 0.8118939785499182 ', ' -0.012991453584249642 ', ' CCbond-False\n']
['Chain A ', " (183, 271, ['+157']) ", ' 0.6075370693481484 ', ' -0.07724692299886772 ', ' CCbond-False\n']
['Chain A ', " (200, 257, ['+159']) ", ' 1.035896971038791 ', ' -0.03500956345815678 ', ' CCbond-False\n']
['Chain A ', " (206, 296, ['+158' '+193' '+390' '-174']) ", ' 0.7755848507038787 ', ' 1.1738880785249297 ', ' CCbond-False\n']
['Chain A ', " (206, 298, ['+159' '+194' '+390' '-174']) ", ' 0.7636020597504051 ', ' 1.0894008743006072 ', ' CCbond-False\n']
['Chain A ', " (207, 298, ['+159' '+194' '+390' '-174']) ", ' 0.8429146537751359 ', ' 1.0996120454327811 ', ' CCbond-False\n']
['Chain A ', " (209, 296, ['+159' '+194' '+390' '-174']) ", ' 0.8216161780737608 ', ' 1.1851789473262575 ', ' CCbond-False\n']
['Chain A ', " (210, 293, ['+159' '+194' '+390' '-175']) ", ' 0.8865279825684664 ', ' 1.1089935784406626 ', ' CCbond-False\n']
['Chain A ', " (210, 294, ['+159' '+194' '+390' '-175']) ", ' 0.8869792283244876 ', ' 1.0612924801871872 ', ' CCbond-False\n']
['Chain A ', " (210, 296, ['+159' '+194' '+390' '-174']) ", ' 0.8980184530270693 ', ' 1.203520595795559 ', ' CCbond-False\n']
['Chain A ', " (213, 292, ['+157' '+193' '+390' '-176']) ", ' 0.8083645698501859 ', ' 1.092593957635258 ', ' CCbond-False\n']
['Chain A ', " (213, 293, ['+157' '+193' '+390' '-176']) ", ' 0.7805404530026558 ', ' 1.1018903314228456 ', ' CCbond-False\n']
['Chain A ', " (213, 374, ['+157' '+193' '+390' '-173']) ", ' 0.8067501815923429 ', ' 0.9749354440812252 ', ' CCbond-False\n']
['Chain A ', " (214, 293, ['+157' '+193' '+390' '-176']) ", ' 0.8343408003528462 ', ' 1.1173956455721854 ', ' CCbond-False\n']
['Chain A ', " (214, 374, ['+157' '+193' '+390' '-173']) ", ' 0.8643309664534954 ', ' 0.9549006296054307 ', ' CCbond-False\n']
['Chain A ', " (216, 375, ['+157' '+193' '+390' '-175']) ", ' 0.743692179977033 ', ' 1.076259313671526 ', ' CCbond-False\n']
['Chain A ', " (217, 270, ['+158' '+193' '-176']) ", ' 0.788646156659572 ', ' -0.09735944189083215 ', ' CCbond-False\n']
['Chain A ', " (217, 374, ['+157' '+193' '+390' '-175']) ", ' 0.7600080837053441 ', ' 0.9359086382249154 ', ' CCbond-False\n']
['Chain A ', " (217, 375, ['+157' '+193' '+390' '-175']) ", ' 0.7745947476967142 ', ' 1.0689297505727098 ', ' CCbond-False\n']
['Chain A ', " (265, 376, ['+389']) ", ' -0.04581798381204434 ', ' 0.9605352813253984 ', ' CCbond-False\n']
['Chain A ', " (266, 376, ['+389']) ", ' -0.03004581771393672 ', ' 0.9156142510671886 ', ' CCbond-False\n']
['Chain A ', " (267, 376, ['+388']) ", ' -0.0492746598381918 ', ' 0.9490062543630069 ', ' CCbond-False\n']
['Chain A ', " (268, 376, ['+389']) ", ' -0.13518851170257745 ', ' 0.9702718312689276 ', ' CCbond-False\n']
['Chain A ', " (268, 377, ['+389']) ", ' -0.1439461992314315 ', ' 0.9772063326775609 ', ' CCbond-False\n']
['Chain A ', " (268, 378, ['+389']) ", ' -0.1408168599714627 ', ' 0.9339089310763848 ', ' CCbond-False\n']
['Chain A ', " (269, 376, ['+389']) ", ' -0.30456916514306404 ', ' 0.9811919130530775 ', ' CCbond-False\n']
['Chain A ', " (270, 374, ['+389']) ", ' -0.4452451377183119 ', ' 0.8910740403291237 ', ' CCbond-False\n']
['Chain A ', " (270, 376, ['+389']) ", ' -0.43715919999144737 ', ' 1.0092292751104157 ', ' CCbond-False\n']
['Chain A ', " (299, 393, ['+288']) ", ' 0.8999377632744925 ', ' -0.21254661124694685 ', ' CCbond-False\n']
['Chain A ', " (302, 394, ['+288']) ", ' 1.0884849707243398 ', ' -0.3537226054380362 ', ' CCbond-False\n']
['Chain A ', " (303, 393, ['+288']) ", ' 0.9395935842788539 ', ' -0.19347751889052223 ', ' CCbond-False\n']
['Chain A ', " (303, 397, ['+287']) ", ' 1.0584149054332583 ', ' -0.1933853562395142 ', ' CCbond-False\n']
['Chain A ', " (305, 394, ['+288']) ", ' 1.0002491269696847 ', ' -0.32507522079495793 ', ' CCbond-False\n']
['Chain A ', " (306, 394, ['+288']) ", ' 0.961505194621167 ', ' -0.3113581679486614 ', ' CCbond-False\n']
['Chain A ', " (306, 397, ['+287']) ", ' 1.0305536367114356 ', ' -0.1648014213561378 ', ' CCbond-False\n']
['Chain A ', " (306, 398, ['+288']) ", ' 1.051233393382022 ', ' -0.16285706020118396 ', ' CCbond-False\n']
['Chain A ', " (306, 408, ['+287']) ", ' 1.0585670495568753 ', ' 0 ', ' CCbond-False\n']
['Chain A ', " (307, 397, ['+287']) ", ' 0.9450167356269498 ', ' -0.1482951079241848 ', ' CCbond-False\n']
['Chain A ', " (307, 401, ['+287']) ", ' 1.0489905799285293 ', ' -0.08329753401196785 ', ' CCbond-False\n']
['Chain A ', " (310, 401, ['+287']) ", ' 0.991062953504228 ', ' -0.06871308030633204 ', ' CCbond-False\n']
['Chain A ', " (310, 411, ['+287']) ", ' 0.94595088974121 ', ' 0 ', ' CCbond-False\n']
['Chain A ', " (310, 412, ['+287']) ", ' 0.9547123420878343 ', ' 0 ', ' CCbond-False\n']
['Chain A ', " (310, 415, ['+287']) ", ' 0.9858147774202378 ', ' 0 ', ' CCbond-False\n']
['Chain A ', " (311, 401, ['+287']) ", ' 0.9608495587143057 ', ' -0.059016650275891036 ', ' CCbond-False\n']
['Chain A ', " (312, 400, ['+288']) ", ' 0.9330567848511778 ', ' -0.06479593844158452 ', ' CCbond-False\n']
['Chain A ', " (312, 401, ['+288']) ", ' 0.976810771509443 ', ' -0.05183818934507048 ', ' CCbond-False\n']
['Chain A ', " (313, 400, ['+288']) ", ' 0.9240389780286288 ', ' -0.049627472031762807 ', ' CCbond-False\n']
['Chain A ', " (313, 401, ['+288']) ", ' 0.9657946536623154 ', ' -0.03907373533855874 ', ' CCbond-False\n']
['Chain A ', " (313, 402, ['+288']) ", ' 0.9532316815663384 ', ' -0.030301480794807507 ', ' CCbond-False\n']
['Chain A ', " (313, 403, ['+288']) ", ' 0.9586453838242829 ', ' -0.01994109087335193 ', ' CCbond-False\n']
['Chain A ', " (315, 402, ['+287']) ", ' 0.8623350072158676 ', ' -0.025163013978194093 ', ' CCbond-False\n']
['Chain A ', " (315, 403, ['+287']) ", ' 0.8726784942603548 ', ' -0.016445162303894856 ', ' CCbond-False\n']
['Chain A ', " (316, 400, ['+287']) ", ' 0.8878731067547865 ', ' -0.0539400162878645 ', ' CCbond-False\n']
['Chain A ', " (316, 403, ['+287']) ", ' 0.8945980391388663 ', ' -0.01755033478814593 ', ' CCbond-False\n']
['Chain A ', " (318, 400, ['+288']) ", ' 0.8498584943842037 ', ' -0.06830259886517785 ', ' CCbond-False\n']
Step 1 results
('Chain A', '+390') [(36, 356), (36, 358), (63, 352), (64, 352), (64, 359), (65, 359), (66, 359), (66, 360), (67, 359), (69, 358), (69, 359), (98, 291), (98, 292), (105, 327), (121, 292)]
('Chain A', '+32') [(40, 137), (41, 137), (41, 140), (41, 141), (44, 137), (44, 138), (44, 141), (45, 141), (45, 145), (48, 141), (48, 142), (48, 145), (50, 145), (51, 144), (51, 145), (52, 144), (52, 145), (53, 144), (53, 145), (53, 146), (53, 147), (54, 144), (54, 147), (58, 144)]
('Chain A', '+31') [(41, 144)]
('Chain A', '+391') [(63, 351), (64, 353), (64, 356), (65, 358), (66, 349), (67, 349), (94, 349), (95, 325), (95, 349), (95, 350), (96, 324), (96, 325), (96, 326), (96, 350), (97, 323), (97, 324), (97, 350), (97, 351), (98, 323), (98, 351), (98, 352), (100, 292), (101, 296), (101, 323), (101, 324), (101, 327), (105, 324), (105, 326), (106, 326), (120, 375), (121, 374), (121, 375)]
('Chain A', '+223') [(100, 209), (101, 209), (104, 205), (104, 209), (121, 213), (121, 216), (121, 217), (123, 212), (123, 213), (123, 215), (123, 216), (124, 209), (124, 212), (124, 213), (126, 212), (127, 205), (127, 208), (127, 209), (127, 212)]
('Chain A', '+224') [(128, 205)]
('Chain A', '+158') [(165, 257), (166, 257), (166, 260), (170, 392), (174, 255), (176, 263), (176, 264), (176, 265), (177, 260), (177, 263), (179, 270), (179, 271), (180, 273)]
('Chain A', '+159') [(166, 258), (174, 257), (180, 271), (200, 257)]
('Chain A', '+157') [(168, 262), (168, 394), (168, 409), (169, 260), (169, 261), (169, 262), (170, 394), (172, 390), (172, 391), (172, 392), (173, 261), (173, 262), (173, 263), (173, 392), (174, 260), (176, 273), (176, 390), (177, 255), (177, 273), (178, 255), (181, 251), (181, 253), (181, 255), (182, 251), (182, 253), (183, 271)]
('Chain A', '+157', '+390') [(172, 293)]
('Chain A', '+159', '+390') [(172, 294)]
('Chain A', '+157', '+391') [(172, 372), (172, 373), (172, 374)]
('Chain A', '+158', '-174', '+193', '+390') [(206, 296)]
('Chain A', '+159', '-174', '+194', '+390') [(206, 298), (207, 298), (209, 296), (210, 296)]
('Chain A', '+159', '-175', '+194', '+390') [(210, 293), (210, 294)]
('Chain A', '+157', '-176', '+193', '+390') [(213, 292), (213, 293), (214, 293)]
('Chain A', '+157', '-173', '+193', '+390') [(213, 374), (214, 374)]
('Chain A', '+157', '-175', '+193', '+390') [(216, 375), (217, 374), (217, 375)]
('Chain A', '+158', '-176', '+193') [(217, 270)]
('Chain A', '+389') [(265, 376), (266, 376), (268, 376), (268, 377), (268, 378), (269, 376), (270, 374), (270, 376)]
('Chain A', '+388') [(267, 376)]
('Chain A', '+288') [(299, 393), (302, 394), (303, 393), (305, 394), (306, 394), (306, 398), (312, 400), (312, 401), (313, 400), (313, 401), (313, 402), (313, 403), (318, 400)]
('Chain A', '+287') [(303, 397), (306, 397), (306, 408), (307, 397), (307, 401), (310, 401), (310, 411), (310, 412), (310, 415), (311, 401), (315, 402), (315, 403), (316, 400), (316, 403)]
CCBonds: []

# Step 2
Step 2 results
0 (15, 121, 292, '+390', '36-356;36-358;63-352;64-352;64-359;65-359;66-359;66-360;67-359;69-358;69-359;98-291;98-292;105-327;121-292')
1 (24, 58, 144, '+32', '40-137;41-137;41-140;41-141;44-137;44-138;44-141;45-141;45-145;48-141;48-142;48-145;50-145;51-144;51-145;52-144;52-145;53-144;53-145;53-146;53-147;54-144;54-147;58-144')
2 (1, 41, 144, '+31', '41-144')
3 (32, 100, 292, '+391', '63-351;64-353;64-356;65-358;66-349;67-349;94-349;95-325;95-349;95-350;96-324;96-325;96-326;96-350;97-323;97-324;97-350;97-351;98-323;98-351;98-352;100-292;101-296;101-323;101-324;101-327;105-324;105-326;106-326;120-375;121-374;121-375')
4 (19, 127, 205, '+223', '100-209;101-209;104-205;104-209;121-213;121-216;121-217;123-212;123-213;123-215;123-216;124-209;124-212;124-213;126-212;127-205;127-208;127-209;127-212')
5 (1, 128, 205, '+224', '128-205')
6 (13, 174, 255, '+158', '165-257;166-257;166-260;170-392;174-255;176-263;176-264;176-265;177-260;177-263;179-270;179-271;180-273')
7 (4, 200, 257, '+159', '166-258;174-257;180-271;200-257')
8 (26, 182, 251, '+157', '168-262;168-394;168-409;169-260;169-261;169-262;170-394;172-390;172-391;172-392;173-261;173-262;173-263;173-392;174-260;176-273;176-390;177-255;177-273;178-255;181-251;181-253;181-255;182-251;182-253;183-271')
9 (1, 172, 293, '+157', '+390', '172-293')
10 (1, 172, 294, '+159', '+390', '172-294')
11 (3, 172, 372, '+157', '+391', '172-372;172-373;172-374')
12 (1, 206, 296, '+158', '-174', '+193', '+390', '206-296')
13 (4, 210, 296, '+159', '-174', '+194', '+390', '206-298;207-298;209-296;210-296')
14 (2, 210, 293, '+159', '-175', '+194', '+390', '210-293;210-294')
15 (3, 213, 292, '+157', '-176', '+193', '+390', '213-292;213-293;214-293')
16 (2, 214, 374, '+157', '-173', '+193', '+390', '213-374;214-374')
17 (3, 217, 374, '+157', '-175', '+193', '+390', '216-375;217-374;217-375')
18 (1, 217, 270, '+158', '-176', '+193', '217-270')
19 (8, 270, 374, '+389', '265-376;266-376;268-376;268-377;268-378;269-376;270-374;270-376')
20 (1, 267, 376, '+388', '267-376')
21 (13, 318, 400, '+288', '299-393;302-394;303-393;305-394;306-394;306-398;312-400;312-401;313-400;313-401;313-402;313-403;318-400')
22 (14, 316, 400, '+287', '303-397;306-397;306-408;307-397;307-401;310-401;310-411;310-412;310-415;311-401;315-402;315-403;316-400;316-403')

# Step 2b

Step 2b results
0 [(15, 121, 292, '+390', '36-356;36-358;63-352;64-352;64-359;65-359;66-359;66-360;67-359;69-358;69-359;98-291;98-292;105-327;121-292')]
1 [(24, 58, 144, '+32', '40-137;41-137;41-140;41-141;44-137;44-138;44-141;45-141;45-145;48-141;48-142;48-145;50-145;51-144;51-145;52-144;52-145;53-144;53-145;53-146;53-147;54-144;54-147;58-144')]
2 [(1, 41, 144, '+31', '41-144')]
3 [(32, 100, 292, '+391', '63-351;64-353;64-356;65-358;66-349;67-349;94-349;95-325;95-349;95-350;96-324;96-325;96-326;96-350;97-323;97-324;97-350;97-351;98-323;98-351;98-352;100-292;101-296;101-323;101-324;101-327;105-324;105-326;106-326;120-375;121-374;121-375')]
4 [(19, 127, 205, '+223', '100-209;101-209;104-205;104-209;121-213;121-216;121-217;123-212;123-213;123-215;123-216;124-209;124-212;124-213;126-212;127-205;127-208;127-209;127-212')]
5 [(1, 128, 205, '+224', '128-205')]
6 [(1, 172, 293, '+157', '+390', '172-293')]
7 [(1, 172, 294, '+159', '+390', '172-294')]
8 [(3, 172, 372, '+157', '+391', '172-372;172-373;172-374')]
9 [(1, 206, 296, '+158', '-174', '+193', '+390', '206-296')]
10 [(4, 210, 296, '+159', '-174', '+194', '+390', '206-298;207-298;209-296;210-296')]
11 [(2, 210, 293, '+159', '-175', '+194', '+390', '210-293;210-294')]
12 [(3, 213, 292, '+157', '-176', '+193', '+390', '213-292;213-293;214-293')]
13 [(2, 214, 374, '+157', '-173', '+193', '+390', '213-374;214-374')]
14 [(3, 217, 374, '+157', '-175', '+193', '+390', '216-375;217-374;217-375')]
15 [(13, 318, 400, '+288', '299-393;302-394;303-393;305-394;306-394;306-398;312-400;312-401;313-400;313-401;313-402;313-403;318-400')]
16 [(14, 316, 400, '+287', '303-397;306-397;306-408;307-397;307-401;310-401;310-411;310-412;310-415;311-401;315-402;315-403;316-400;316-403')]

### Update entanglement dict with those that got merged
Number of merged pairs: 6

### merge ents to final and reform ent_data
Results after adding those that got merged to each representative entanglement
(15, 121, 292, '+390', '36-356;36-358;63-352;64-352;64-359;65-359;66-359;66-360;67-359;69-358;69-359;98-291;98-292;105-327;121-292')
(24, 58, 144, '+32', '40-137;41-137;41-140;41-141;44-137;44-138;44-141;45-141;45-145;48-141;48-142;48-145;50-145;51-144;51-145;52-144;52-145;53-144;53-145;53-146;53-147;54-144;54-147;58-144')
(1, 41, 144, '+31', '41-144')
(32, 100, 292, '+391', '63-351;64-353;64-356;65-358;66-349;67-349;94-349;95-325;95-349;95-350;96-324;96-325;96-326;96-350;97-323;97-324;97-350;97-351;98-323;98-351;98-352;100-292;101-296;101-323;101-324;101-327;105-324;105-326;106-326;120-375;121-374;121-375')
(19, 127, 205, '+223', '100-209;101-209;104-205;104-209;121-213;121-216;121-217;123-212;123-213;123-215;123-216;124-209;124-212;124-213;126-212;127-205;127-208;127-209;127-212')
(1, 128, 205, '+224', '128-205')
(53, 172, 293, '+157', '+390', '172-293;165-257;166-257;166-260;170-392;174-255;176-263;176-264;176-265;177-260;177-263;179-270;179-271;180-273;168-262;168-394;168-409;169-260;169-261;169-262;170-394;172-390;172-391;172-392;173-261;173-262;173-263;173-392;174-260;176-273;176-390;177-255;177-273;178-255;181-251;181-253;181-255;182-251;182-253;183-271;267-376;166-258;174-257;180-271;200-257;265-376;266-376;268-376;268-377;268-378;269-376;270-374;270-376')
(1, 172, 294, '+159', '+390', '172-294')
(3, 172, 372, '+157', '+391', '172-372;172-373;172-374')
(2, 206, 296, '+158', '-174', '+193', '+390', '206-296;217-270')
(4, 210, 296, '+159', '-174', '+194', '+390', '206-298;207-298;209-296;210-296')
(2, 210, 293, '+159', '-175', '+194', '+390', '210-293;210-294')
(3, 213, 292, '+157', '-176', '+193', '+390', '213-292;213-293;214-293')
(2, 214, 374, '+157', '-173', '+193', '+390', '213-374;214-374')
(3, 217, 374, '+157', '-175', '+193', '+390', '216-375;217-374;217-375')
(13, 318, 400, '+288', '299-393;302-394;303-393;305-394;306-394;306-398;312-400;312-401;313-400;313-401;313-402;313-403;318-400')
(14, 316, 400, '+287', '303-397;306-397;306-408;307-397;307-401;310-401;310-411;310-412;310-415;311-401;315-402;315-403;316-400;316-403')

# Step 3
Step 3 results
(47, 121, 292, '+390', '36-356;36-358;63-352;64-352;64-359;65-359;66-359;66-360;67-359;69-358;69-359;98-291;98-292;105-327;121-292;63-351;64-353;64-356;65-358;66-349;67-349;94-349;95-325;95-349;95-350;96-324;96-325;96-326;96-350;97-323;97-324;97-350;97-351;98-323;98-351;98-352;100-292;101-296;101-323;101-324;101-327;105-324;105-326;106-326;120-375;121-374;121-375')
(25, 58, 144, '+32', '40-137;41-137;41-140;41-141;44-137;44-138;44-141;45-141;45-145;48-141;48-142;48-145;50-145;51-144;51-145;52-144;52-145;53-144;53-145;53-146;53-147;54-144;54-147;58-144;41-144')
(20, 128, 205, '+224', '128-205;100-209;101-209;104-205;104-209;121-213;121-216;121-217;123-212;123-213;123-215;123-216;124-209;124-212;124-213;126-212;127-205;127-208;127-209;127-212')
(57, 172, 293, '+157', '+390', '172-293;165-257;166-257;166-260;170-392;174-255;176-263;176-264;176-265;177-260;177-263;179-270;179-271;180-273;168-262;168-394;168-409;169-260;169-261;169-262;170-394;172-390;172-391;172-392;173-261;173-262;173-263;173-392;174-260;176-273;176-390;177-255;177-273;178-255;181-251;181-253;181-255;182-251;182-253;183-271;267-376;166-258;174-257;180-271;200-257;265-376;266-376;268-376;268-377;268-378;269-376;270-374;270-376;172-294;172-372;172-373;172-374')
(16, 213, 292, '+157', '-176', '+193', '+390', '213-292;213-293;214-293;210-293;210-294;206-298;207-298;209-296;210-296;206-296;217-270;213-374;214-374;216-375;217-374;217-375')
(27, 318, 400, '+288', '299-393;302-394;303-393;305-394;306-394;306-398;312-400;312-401;313-400;313-401;313-402;313-403;318-400;303-397;306-397;306-408;307-397;307-401;310-401;310-411;310-412;310-415;311-401;315-402;315-403;316-400;316-403')

# Step 4 prep
# Step 4 prep results
(47, 121, 292, '+390', '36-356;36-358;63-352;64-352;64-359;65-359;66-359;66-360;67-359;69-358;69-359;98-291;98-292;105-327;121-292;63-351;64-353;64-356;65-358;66-349;67-349;94-349;95-325;95-349;95-350;96-324;96-325;96-326;96-350;97-323;97-324;97-350;97-351;98-323;98-351;98-352;100-292;101-296;101-323;101-324;101-327;105-324;105-326;106-326;120-375;121-374;121-375')
(25, 58, 144, '+32', '40-137;41-137;41-140;41-141;44-137;44-138;44-141;45-141;45-145;48-141;48-142;48-145;50-145;51-144;51-145;52-144;52-145;53-144;53-145;53-146;53-147;54-144;54-147;58-144;41-144')
(20, 128, 205, '+224', '128-205;100-209;101-209;104-205;104-209;121-213;121-216;121-217;123-212;123-213;123-215;123-216;124-209;124-212;124-213;126-212;127-205;127-208;127-209;127-212')
(27, 318, 400, '+288', '299-393;302-394;303-393;305-394;306-394;306-398;312-400;312-401;313-400;313-401;313-402;313-403;318-400;303-397;306-397;306-408;307-397;307-401;310-401;310-411;310-412;310-415;311-401;315-402;315-403;316-400;316-403')
(57, 172, 293, '+157', '+390', '172-293;165-257;166-257;166-260;170-392;174-255;176-263;176-264;176-265;177-260;177-263;179-270;179-271;180-273;168-262;168-394;168-409;169-260;169-261;169-262;170-394;172-390;172-391;172-392;173-261;173-262;173-263;173-392;174-260;176-273;176-390;177-255;177-273;178-255;181-251;181-253;181-255;182-251;182-253;183-271;267-376;166-258;174-257;180-271;200-257;265-376;266-376;268-376;268-377;268-378;269-376;270-374;270-376;172-294;172-372;172-373;172-374')
(16, 213, 292, '+157', '-176', '+193', '+390', '213-292;213-293;214-293;210-293;210-294;206-298;207-298;209-296;210-296;206-296;217-270;213-374;214-374;216-375;217-374;217-375')

# Step 4

Step 5: Output file
Chain A|(121, 292, '+390')|-0.15517|1.12463|47|36-356;36-358;63-352;64-352;64-359;65-359;66-359;66-360;67-359;69-358;69-359;98-291;98-292;105-327;121-292;63-351;64-353;64-356;65-358;66-349;67-349;94-349;95-325;95-349;95-350;96-324;96-325;96-326;96-350;97-323;97-324;97-350;97-351;98-323;98-351;98-352;100-292;101-296;101-323;101-324;101-327;105-324;105-326;106-326;120-375;121-374;121-375|False
Chain A|(58, 144, '+32')|0.88245|-0.06163|25|40-137;41-137;41-140;41-141;44-137;44-138;44-141;45-141;45-145;48-141;48-142;48-145;50-145;51-144;51-145;52-144;52-145;53-144;53-145;53-146;53-147;54-144;54-147;58-144;41-144|False
Chain A|(128, 205, '+224')|0.41246|1.03208|20|128-205;100-209;101-209;104-205;104-209;121-213;121-216;121-217;123-212;123-213;123-215;123-216;124-209;124-212;124-213;126-212;127-205;127-208;127-209;127-212|False
Chain A|(318, 400, '+288')|0.84986|-0.06830|27|299-393;302-394;303-393;305-394;306-394;306-398;312-400;312-401;313-400;313-401;313-402;313-403;318-400;303-397;306-397;306-408;307-397;307-401;310-401;310-411;310-412;310-415;311-401;315-402;315-403;316-400;316-403|False
Chain A|(172, 293, '+157', '+390')|0.86141|1.11432|57|172-293;165-257;166-257;166-260;170-392;174-255;176-263;176-264;176-265;177-260;177-263;179-270;179-271;180-273;168-262;168-394;168-409;169-260;169-261;169-262;170-394;172-390;172-391;172-392;173-261;173-262;173-263;173-392;174-260;176-273;176-390;177-255;177-273;178-255;181-251;181-253;181-255;182-251;182-253;183-271;267-376;166-258;174-257;180-271;200-257;265-376;266-376;268-376;268-377;268-378;269-376;270-374;270-376;172-294;172-372;172-373;172-374|False
Chain A|(213, 292, '+157', '-176', '+193', '+390')|0.80836|1.09259|16|213-292;213-293;214-293;210-293;210-294;206-298;207-298;209-296;210-296;206-296;217-270;213-374;214-374;216-375;217-374;217-375|False
SAVED: clustered_unmapped_GE//AF-Q9ZNE0-F1-model_clustered_GE.txt
NORMAL TERMINATION
