Warning: The unmapped_GE filenames should only contain a single "_" character:  P38894-2XJP_A_GE.txt
CLUSTERING ENTANGLEMENTS FOR [4mP38894-2XJP[0m
Loading unmapped_GE/P38894-2XJP_A_GE.txt
['Chain A ', " (20, 211, ['-218' '-252']) ", ' 0 ', ' -1.142044016210002 ', ' CCbond-False\n']
['Chain A ', " (26, 167, ['-216' '-252']) ", ' 1.1744575496657126e-05 ', ' -1.9000896363212025 ', ' CCbond-False\n']
['Chain A ', " (26, 168, ['-216' '-252']) ", ' 0.004798063965855744 ', ' -2.0874127559012208 ', ' CCbond-False\n']
['Chain A ', " (26, 208, ['-218' '-252']) ", ' -0.0004612079585988564 ', ' -1.7349775038001884 ', ' CCbond-False\n']
['Chain A ', " (26, 209, ['-218' '-252']) ", ' -0.005220009898245153 ', ' -1.5888840144719858 ', ' CCbond-False\n']
['Chain A ', " (26, 216, ['-252']) ", ' 0.007562215537336231 ', ' -0.7139356844745435 ', ' CCbond-False\n']
['Chain A ', " (27, 168, ['-216' '-252']) ", ' -0.002199698919034216 ', ' -2.0809342303801883 ', ' CCbond-False\n']
['Chain A ', " (27, 169, ['-216' '-252']) ", ' 0.006912062471715952 ', ' -2.229755060044218 ', ' CCbond-False\n']
['Chain A ', " (27, 170, ['-216' '-252']) ", ' 0.008941220627171495 ', ' -2.2393852894796145 ', ' CCbond-False\n']
['Chain A ', " (27, 216, ['-252']) ", ' 0.00869096818595373 ', ' -0.7326649391212051 ', ' CCbond-False\n']
['Chain A ', " (28, 175, ['-216' '-252']) ", ' -0.00032627957744085735 ', ' -2.181657458812112 ', ' CCbond-False\n']
['Chain A ', " (28, 214, ['-252']) ", ' 0.026296256322470873 ', ' -0.9077007359591169 ', ' CCbond-False\n']
['Chain A ', " (28, 215, ['-252']) ", ' 0.02479205690166899 ', ' -0.777373187174594 ', ' CCbond-False\n']
['Chain A ', " (28, 216, ['-252']) ", ' 0.02157607426304809 ', ' -0.6831394427312377 ', ' CCbond-False\n']
['Chain A ', " (29, 143, ['-253']) ", ' -0.014743042605100828 ', ' -1.1704124216912308 ', ' CCbond-False\n']
['Chain A ', " (29, 175, ['-218' '-252']) ", ' -0.02060911438264789 ', ' -2.0453757238152748 ', ' CCbond-True\n']
['Chain A ', " (29, 214, ['-252']) ", ' 0.019616912847906513 ', ' -0.860228692383612 ', ' CCbond-False\n']
['Chain A ', " (29, 215, ['-252']) ", ' 0.021595517598344046 ', ' -0.7318713303414779 ', ' CCbond-False\n']
['Chain A ', " (30, 213, ['-252']) ", ' 0.020755110024716302 ', ' -0.7900921675648463 ', ' CCbond-False\n']
['Chain A ', " (30, 214, ['-252']) ", ' 0.026171982718661627 ', ' -0.7484499507329617 ', ' CCbond-False\n']
['Chain A ', " (31, 143, ['-253']) ", ' -0.029778133670237593 ', ' -0.9852477551163122 ', ' CCbond-False\n']
['Chain A ', " (31, 176, ['-219' '-252']) ", ' -0.09517465708439442 ', ' -1.9309688568530061 ', ' CCbond-False\n']
['Chain A ', " (31, 215, ['-252']) ", ' 0.07329559285333269 ', ' -0.6381118344640396 ', ' CCbond-False\n']
['Chain A ', " (35, 145, ['-252']) ", ' 0.051165859382766306 ', ' -0.9851299033930075 ', ' CCbond-False\n']
['Chain A ', " (40, 178, ['-219']) ", ' -0.03549658414324643 ', ' -1.2371919526152761 ', ' CCbond-False\n']
['Chain A ', " (48, 118, ['+136']) ", ' -0.4754685792613612 ', ' 0.7837434645760792 ', ' CCbond-False\n']
['Chain A ', " (48, 119, ['+136']) ", ' -0.4739308529318189 ', ' 0.7640283859893205 ', ' CCbond-False\n']
['Chain A ', " (48, 120, ['+136']) ", ' -0.4722735357861861 ', ' 0.6554465274055097 ', ' CCbond-False\n']
['Chain A ', " (49, 118, ['+136']) ", ' -0.5271756666575748 ', ' 0.7741113026278329 ', ' CCbond-False\n']
['Chain A ', " (49, 225, ['-42']) ", ' -0.6514130355984386 ', ' 0.03870257216181887 ', ' CCbond-False\n']
['Chain A ', " (49, 226, ['-42']) ", ' -0.6395302014000827 ', ' 0.002385204940220415 ', ' CCbond-False\n']
['Chain A ', " (50, 225, ['-42']) ", ' -0.8223654723092394 ', ' 0.043172673273560086 ', ' CCbond-False\n']
['Chain A ', " (52, 196, ['-221' '-42']) ", ' -0.9652243824173475 ', ' -1.0062320166907173 ', ' CCbond-False\n']
['Chain A ', " (54, 161, ['-222' '-42']) ", ' -0.9154210219439327 ', ' -0.7492741052950105 ', ' CCbond-False\n']
['Chain A ', " (54, 162, ['-222' '-42']) ", ' -0.9545590331215801 ', ' -0.9103675755852223 ', ' CCbond-False\n']
['Chain A ', " (54, 193, ['-221' '-42']) ", ' -1.0310154437926748 ', ' -1.0162375290371704 ', ' CCbond-False\n']
['Chain A ', " (54, 194, ['-221' '-42']) ", ' -1.0210234377624692 ', ' -0.982613399671516 ', ' CCbond-False\n']
['Chain A ', " (54, 223, ['-42']) ", ' -1.0345895384926929 ', ' 0.2651382970334542 ', ' CCbond-False\n']
['Chain A ', " (54, 225, ['-42']) ", ' -0.9919800700790442 ', ' 0.05917255053962585 ', ' CCbond-False\n']
['Chain A ', " (55, 193, ['-220' '-42']) ", ' -0.9980780930538337 ', ' -0.9926825686575121 ', ' CCbond-False\n']
['Chain A ', " (55, 194, ['-220' '-42']) ", ' -0.9843583891470303 ', ' -0.9644585765771468 ', ' CCbond-False\n']
['Chain A ', " (55, 195, ['-220' '-42']) ", ' -0.995375054700235 ', ' -0.9669576563378295 ', ' CCbond-False\n']
['Chain A ', " (55, 196, ['-221' '-42']) ", ' -1.0086896875545397 ', ' -1.0063679795579326 ', ' CCbond-False\n']
['Chain A ', " (56, 193, ['-221' '-42']) ", ' -0.9687142006984197 ', ' -0.9619224810991965 ', ' CCbond-False\n']
['Chain A ', " (56, 196, ['-221' '-42']) ", ' -0.9835566312236088 ', ' -0.9779886384781683 ', ' CCbond-False\n']
['Chain A ', " (57, 186, ['-220' '-42']) ", ' -1.0611152076257486 ', ' -0.946853397034829 ', ' CCbond-False\n']
['Chain A ', " (57, 188, ['-220' '-42']) ", ' -0.9962758789056455 ', ' -1.0174722703109544 ', ' CCbond-False\n']
['Chain A ', " (57, 193, ['-220' '-42']) ", ' -0.9557189006664829 ', ' -0.9552891597019879 ', ' CCbond-False\n']
['Chain A ', " (59, 137, ['-44']) ", ' -0.8311136683140207 ', ' -0.03904443938219191 ', ' CCbond-False\n']
['Chain A ', " (60, 162, ['-221' '-42']) ", ' -0.8763917271686069 ', ' -0.8645875079614965 ', ' CCbond-False\n']
['Chain A ', " (60, 163, ['-221' '-42']) ", ' -0.9003125123361553 ', ' -0.8923072805596843 ', ' CCbond-False\n']
['Chain A ', " (60, 164, ['-221' '-42']) ", ' -0.9359286174544966 ', ' -0.970035160538743 ', ' CCbond-False\n']
['Chain A ', " (60, 193, ['-220' '-42']) ", ' -0.9837833189621379 ', ' -0.9880445425212421 ', ' CCbond-False\n']
['Chain A ', " (60, 221, ['-42']) ", ' -1.0429834095298032 ', ' 0.31734159557340685 ', ' CCbond-False\n']
['Chain A ', " (60, 222, ['-42']) ", ' -0.9690933243275015 ', ' 0.2917331705421629 ', ' CCbond-False\n']
['Chain A ', " (60, 223, ['-42']) ", ' -0.9590773198338687 ', ' 0.2650706342572419 ', ' CCbond-False\n']
['Chain A ', " (61, 182, ['-220' '-42']) ", ' -1.1297696938206583 ', ' -1.1288444383187883 ', ' CCbond-False\n']
['Chain A ', " (61, 183, ['-220' '-42']) ", ' -1.128073830016592 ', ' -1.0108567429615407 ', ' CCbond-False\n']
['Chain A ', " (61, 184, ['-220' '-42']) ", ' -1.1168684150325126 ', ' -0.9421259934518919 ', ' CCbond-False\n']
['Chain A ', " (61, 185, ['-220' '-42']) ", ' -1.079023434240762 ', ' -1.0275438221792206 ', ' CCbond-False\n']
['Chain A ', " (61, 186, ['-220' '-42']) ", ' -1.0417630815214847 ', ' -0.9270665933100115 ', ' CCbond-False\n']
['Chain A ', " (61, 188, ['-220' '-42']) ", ' -0.974178168314681 ', ' -1.0154280981745576 ', ' CCbond-False\n']
['Chain A ', " (61, 219, ['-42']) ", ' -1.012251616816178 ', ' 0.13595999267922673 ', ' CCbond-False\n']
['Chain A ', " (62, 182, ['-219' '-42']) ", ' -1.063652970187415 ', ' -1.1063124819011383 ', ' CCbond-False\n']
['Chain A ', " (62, 183, ['-220' '-42']) ", ' -1.0648879026107059 ', ' -0.9897303170415667 ', ' CCbond-False\n']
['Chain A ', " (62, 184, ['-219' '-42']) ", ' -1.0569192283040325 ', ' -0.9226946998290977 ', ' CCbond-False\n']
['Chain A ', " (64, 137, ['-43']) ", ' -0.7963004678522828 ', ' -0.01884578879560281 ', ' CCbond-False\n']
['Chain A ', " (64, 139, ['-43']) ", ' -0.875696735330915 ', ' -0.12651972902278247 ', ' CCbond-False\n']
['Chain A ', " (64, 182, ['-220' '-42']) ", ' -1.025439934696178 ', ' -1.1045519282116945 ', ' CCbond-False\n']
['Chain A ', " (64, 219, ['-42']) ", ' -0.9502011680450335 ', ' 0.0746707711481219 ', ' CCbond-False\n']
['Chain A ', " (64, 221, ['-42']) ", ' -0.936344760366921 ', ' 0.2656134837793964 ', ' CCbond-False\n']
['Chain A ', " (65, 182, ['-220' '-42']) ", ' -0.975552297726231 ', ' -1.0945716763232616 ', ' CCbond-False\n']
['Chain A ', " (98, 160, ['-228']) ", ' 0.008304785006069416 ', ' -0.7915122322397379 ', ' CCbond-False\n']
['Chain A ', " (139, 182, ['-217']) ", ' 0.06414589281045804 ', ' -0.9959038545602419 ', ' CCbond-False\n']
['Chain A ', " (141, 173, ['-218']) ", ' 0.07119419205482751 ', ' -1.172038005280229 ', ' CCbond-False\n']
['Chain A ', " (141, 178, ['-217']) ", ' 0.021120533345468387 ', ' -1.120198446999418 ', ' CCbond-False\n']
['Chain A ', " (142, 173, ['-217']) ", ' 0.02332194905151397 ', ' -1.038837662725103 ', ' CCbond-False\n']
['Chain A ', " (142, 178, ['-217']) ", ' -0.0265605861275866 ', ' -1.0086498823758168 ', ' CCbond-False\n']
['Chain A ', " (143, 173, ['-217']) ", ' -0.06831487589261011 ', ' -0.7973097948495611 ', ' CCbond-False\n']
['Chain A ', " (143, 174, ['-217']) ", ' -0.09577176718122553 ', ' -0.8888681507696459 ', ' CCbond-False\n']
['Chain A ', " (143, 175, ['-217']) ", ' -0.09419894318842013 ', ' -0.9698360558097661 ', ' CCbond-False\n']
['Chain A ', " (143, 176, ['-216']) ", ' -0.11786534981459298 ', ' -1.027515328574762 ', ' CCbond-False\n']
['Chain A ', " (143, 177, ['-217']) ", ' -0.1357554246631833 ', ' -0.8025848081862463 ', ' CCbond-False\n']
['Chain A ', " (143, 178, ['-217']) ", ' -0.11568271847668232 ', ' -0.782299134210788 ', ' CCbond-False\n']
['Chain A ', " (173, 217, ['-166']) ", ' -0.6063263564515116 ', ' 0.12456738166349053 ', ' CCbond-False\n']
['Chain A ', " (173, 218, ['-166']) ", ' -0.7232670285982989 ', ' 0.15856814150554582 ', ' CCbond-False\n']
['Chain A ', " (175, 263, ['-142' '-165']) ", ' -2.0180103054226373 ', ' 0 ', ' CCbond-False\n']
['Chain A ', " (175, 264, ['-142' '-165']) ", ' -2.017791810338668 ', ' 0 ', ' CCbond-False\n']
['Chain A ', " (176, 256, ['-142' '-166']) ", ' -1.8292281899714236 ', ' 0.07371414406912338 ', ' CCbond-False\n']
['Chain A ', " (176, 257, ['-142' '-166']) ", ' -1.8454766394348476 ', ' 0.04855866351024994 ', ' CCbond-False\n']
['Chain A ', " (176, 258, ['-142' '-165']) ", ' -1.8616656304238295 ', ' 0.006842553444733787 ', ' CCbond-False\n']
['Chain A ', " (176, 260, ['-142' '-165']) ", ' -1.8819946941318073 ', ' 0 ', ' CCbond-False\n']
['Chain A ', " (176, 263, ['-142' '-165']) ", ' -1.890850905524312 ', ' 0 ', ' CCbond-True\n']
['Chain A ', " (177, 256, ['-142' '-165']) ", ' -1.6673213892455683 ', ' 0.06270699228815524 ', ' CCbond-False\n']
['Chain A ', " (177, 258, ['-142' '-165']) ", ' -1.6990750020676022 ', ' 0.004044877278206151 ', ' CCbond-False\n']
['Chain A ', " (178, 252, ['-142' '-165']) ", ' -1.3183567059145198 ', ' 0.040752636644630684 ', ' CCbond-False\n']
['Chain A ', " (178, 253, ['-142' '-165']) ", ' -1.5977081064185936 ', ' 0.06402001709158775 ', ' CCbond-False\n']
['Chain A ', " (178, 254, ['-142' '-165']) ", ' -1.672403331297488 ', ' 0.06164085241955534 ', ' CCbond-False\n']
['Chain A ', " (178, 256, ['-142' '-165']) ", ' -1.8176841914591169 ', ' 0.07588098660230637 ', ' CCbond-False\n']
['Chain A ', " (179, 255, ['-141' '-165']) ", ' -1.869680936003981 ', ' 0.06578851007981347 ', ' CCbond-False\n']
['Chain A ', " (179, 256, ['-141' '-165']) ", ' -1.8995235295630875 ', ' 0.07172560278675465 ', ' CCbond-False\n']
['Chain A ', " (180, 256, ['-141' '-165']) ", ' -1.8996863355633453 ', ' 0.0621364022795451 ', ' CCbond-False\n']
['Chain A ', " (180, 258, ['-142' '-165']) ", ' -1.9516065598600367 ', ' 0.0038122758011534213 ', ' CCbond-False\n']
['Chain A ', " (182, 219, ['-165']) ", ' -0.9321108312288663 ', ' 0.09809312347492986 ', ' CCbond-False\n']
['Chain A ', " (183, 219, ['-165']) ", ' -0.8943954148192834 ', ' 0.12212907703313484 ', ' CCbond-False\n']
['Chain A ', " (211, 268, ['-143' '-28']) ", ' -1.875607377065035 ', ' 0 ', ' CCbond-False\n']
['Chain A ', " (211, 269, ['-142' '-28']) ", ' -1.8861386536541553 ', ' 0 ', ' CCbond-False\n']
['Chain A ', " (214, 265, ['-142' '-28']) ", ' -1.7687970355613867 ', ' 0 ', ' CCbond-False\n']
['Chain A ', " (214, 268, ['-142' '-28']) ", ' -1.9413148881458975 ', ' 0 ', ' CCbond-False\n']
['Chain A ', " (214, 271, ['-143' '-29']) ", ' -1.8715420051443006 ', ' 0 ', ' CCbond-False\n']
['Chain A ', " (215, 252, ['-143']) ", ' -0.9390846232742397 ', ' 0.038441379441555804 ', ' CCbond-False\n']
['Chain A ', " (215, 254, ['-142']) ", ' -1.301892854815796 ', ' 0.05366655974370166 ', ' CCbond-False\n']
['Chain A ', " (216, 268, ['-142' '-28']) ", ' -1.606312592489691 ', ' 0 ', ' CCbond-False\n']
Step 1 results
('Chain A', '-218', '-252') [(20, 211), (26, 208), (26, 209), (29, 175)]
('Chain A', '-216', '-252') [(26, 167), (26, 168), (27, 168), (27, 169), (27, 170), (28, 175)]
('Chain A', '-252') [(26, 216), (27, 216), (28, 214), (28, 215), (28, 216), (29, 214), (29, 215), (30, 213), (30, 214), (31, 215), (35, 145)]
('Chain A', '-253') [(29, 143), (31, 143)]
('Chain A', '-219', '-252') [(31, 176)]
('Chain A', '-219') [(40, 178)]
('Chain A', '+136') [(48, 118), (48, 119), (48, 120), (49, 118)]
('Chain A', '-42') [(49, 225), (49, 226), (50, 225), (54, 223), (54, 225), (60, 221), (60, 222), (60, 223), (61, 219), (64, 219), (64, 221)]
('Chain A', '-42', '-221') [(52, 196), (54, 193), (54, 194), (55, 196), (56, 193), (56, 196), (60, 162), (60, 163), (60, 164)]
('Chain A', '-42', '-222') [(54, 161), (54, 162)]
('Chain A', '-42', '-220') [(55, 193), (55, 194), (55, 195), (57, 186), (57, 188), (57, 193), (60, 193), (61, 182), (61, 183), (61, 184), (61, 185), (61, 186), (61, 188), (62, 183), (64, 182), (65, 182)]
('Chain A', '-44') [(59, 137)]
('Chain A', '-42', '-219') [(62, 182), (62, 184)]
('Chain A', '-43') [(64, 137), (64, 139)]
('Chain A', '-228') [(98, 160)]
('Chain A', '-217') [(139, 182), (141, 178), (142, 173), (142, 178), (143, 173), (143, 174), (143, 175), (143, 177), (143, 178)]
('Chain A', '-218') [(141, 173)]
('Chain A', '-216') [(143, 176)]
('Chain A', '-166') [(173, 217), (173, 218)]
('Chain A', '-142', '-165') [(175, 263), (175, 264), (176, 258), (176, 260), (176, 263), (177, 256), (177, 258), (178, 252), (178, 253), (178, 254), (178, 256), (180, 258)]
('Chain A', '-142', '-166') [(176, 256), (176, 257)]
('Chain A', '-141', '-165') [(179, 255), (179, 256), (180, 256)]
('Chain A', '-165') [(182, 219), (183, 219)]
('Chain A', '-28', '-143') [(211, 268)]
('Chain A', '-28', '-142') [(211, 269), (214, 265), (214, 268), (216, 268)]
('Chain A', '-29', '-143') [(214, 271)]
('Chain A', '-143') [(215, 252)]
('Chain A', '-142') [(215, 254)]
CCBonds: [(29, 175), (176, 263)]

# Step 2
Step 2 results
0 (4, 29, 175, '-218', '-252', '20-211;26-208;26-209;29-175')
1 (6, 26, 167, '-216', '-252', '26-167;26-168;27-168;27-169;27-170;28-175')
2 (11, 35, 145, '-252', '26-216;27-216;28-214;28-215;28-216;29-214;29-215;30-213;30-214;31-215;35-145')
3 (2, 31, 143, '-253', '29-143;31-143')
4 (1, 31, 176, '-219', '-252', '31-176')
5 (1, 40, 178, '-219', '40-178')
6 (4, 49, 118, '+136', '48-118;48-119;48-120;49-118')
7 (11, 64, 219, '-42', '49-225;49-226;50-225;54-223;54-225;60-221;60-222;60-223;61-219;64-219;64-221')
8 (9, 60, 162, '-42', '-221', '52-196;54-193;54-194;55-196;56-193;56-196;60-162;60-163;60-164')
9 (2, 54, 161, '-42', '-222', '54-161;54-162')
10 (16, 65, 182, '-42', '-220', '55-193;55-194;55-195;57-186;57-188;57-193;60-193;61-182;61-183;61-184;61-185;61-186;61-188;62-183;64-182;65-182')
11 (1, 59, 137, '-44', '59-137')
12 (2, 62, 182, '-42', '-219', '62-182;62-184')
13 (2, 64, 137, '-43', '64-137;64-139')
14 (1, 98, 160, '-228', '98-160')
15 (9, 143, 173, '-217', '139-182;141-178;142-173;142-178;143-173;143-174;143-175;143-177;143-178')
16 (1, 141, 173, '-218', '141-173')
17 (1, 143, 176, '-216', '143-176')
18 (2, 173, 217, '-166', '173-217;173-218')
19 (12, 178, 252, '-142', '-165', '175-263;175-264;176-258;176-260;176-263;177-256;177-258;178-252;178-253;178-254;178-256;180-258')
20 (2, 176, 256, '-142', '-166', '176-256;176-257')
21 (3, 179, 255, '-141', '-165', '179-255;179-256;180-256')
22 (2, 183, 219, '-165', '182-219;183-219')
23 (1, 211, 268, '-28', '-143', '211-268')
24 (4, 214, 265, '-28', '-142', '211-269;214-265;214-268;216-268')
25 (1, 214, 271, '-29', '-143', '214-271')
26 (1, 215, 252, '-143', '215-252')
27 (1, 215, 254, '-142', '215-254')

# Step 2b

Step 2b results
0 [(4, 29, 175, '-218', '-252', '20-211;26-208;26-209;29-175')]
1 [(6, 26, 167, '-216', '-252', '26-167;26-168;27-168;27-169;27-170;28-175')]
2 [(1, 31, 176, '-219', '-252', '31-176')]
3 [(4, 49, 118, '+136', '48-118;48-119;48-120;49-118')]
4 [(9, 60, 162, '-42', '-221', '52-196;54-193;54-194;55-196;56-193;56-196;60-162;60-163;60-164')]
5 [(2, 54, 161, '-42', '-222', '54-161;54-162')]
6 [(16, 65, 182, '-42', '-220', '55-193;55-194;55-195;57-186;57-188;57-193;60-193;61-182;61-183;61-184;61-185;61-186;61-188;62-183;64-182;65-182')]
7 [(2, 62, 182, '-42', '-219', '62-182;62-184')]
8 [(1, 98, 160, '-228', '98-160')]
9 [(12, 178, 252, '-142', '-165', '175-263;175-264;176-258;176-260;176-263;177-256;177-258;178-252;178-253;178-254;178-256;180-258')]
10 [(2, 176, 256, '-142', '-166', '176-256;176-257')]
11 [(3, 179, 255, '-141', '-165', '179-255;179-256;180-256')]
12 [(1, 211, 268, '-28', '-143', '211-268')]
13 [(4, 214, 265, '-28', '-142', '211-269;214-265;214-268;216-268')]
14 [(1, 214, 271, '-29', '-143', '214-271')]

### Update entanglement dict with those that got merged
Number of merged pairs: 13

### merge ents to final and reform ent_data
Results after adding those that got merged to each representative entanglement
(29, 29, 175, '-218', '-252', '20-211;26-208;26-209;29-175;26-216;27-216;28-214;28-215;28-216;29-214;29-215;30-213;30-214;31-215;35-145;40-178;141-173;29-143;31-143;143-176;139-182;141-178;142-173;142-178;143-173;143-174;143-175;143-177;143-178')
(6, 26, 167, '-216', '-252', '26-167;26-168;27-168;27-169;27-170;28-175')
(1, 31, 176, '-219', '-252', '31-176')
(4, 49, 118, '+136', '48-118;48-119;48-120;49-118')
(23, 60, 162, '-42', '-221', '52-196;54-193;54-194;55-196;56-193;56-196;60-162;60-163;60-164;49-225;49-226;50-225;54-223;54-225;60-221;60-222;60-223;61-219;64-219;64-221;64-137;64-139;59-137')
(2, 54, 161, '-42', '-222', '54-161;54-162')
(16, 65, 182, '-42', '-220', '55-193;55-194;55-195;57-186;57-188;57-193;60-193;61-182;61-183;61-184;61-185;61-186;61-188;62-183;64-182;65-182')
(2, 62, 182, '-42', '-219', '62-182;62-184')
(1, 98, 160, '-228', '98-160')
(18, 178, 252, '-142', '-165', '175-263;175-264;176-258;176-260;176-263;177-256;177-258;178-252;178-253;178-254;178-256;180-258;182-219;183-219;215-254;173-217;173-218;215-252')
(2, 176, 256, '-142', '-166', '176-256;176-257')
(3, 179, 255, '-141', '-165', '179-255;179-256;180-256')
(1, 211, 268, '-28', '-143', '211-268')
(4, 214, 265, '-28', '-142', '211-269;214-265;214-268;216-268')
(1, 214, 271, '-29', '-143', '214-271')

# Step 3
Step 3 results
(4, 49, 118, '+136', '48-118;48-119;48-120;49-118')
(1, 98, 160, '-228', '98-160')
(36, 26, 167, '-216', '-252', '26-167;26-168;27-168;27-169;27-170;28-175;20-211;26-208;26-209;29-175;26-216;27-216;28-214;28-215;28-216;29-214;29-215;30-213;30-214;31-215;35-145;40-178;141-173;29-143;31-143;143-176;139-182;141-178;142-173;142-178;143-173;143-174;143-175;143-177;143-178;31-176')
(43, 60, 162, '-42', '-221', '52-196;54-193;54-194;55-196;56-193;56-196;60-162;60-163;60-164;49-225;49-226;50-225;54-223;54-225;60-221;60-222;60-223;61-219;64-219;64-221;64-137;64-139;59-137;54-161;54-162;55-193;55-194;55-195;57-186;57-188;57-193;60-193;61-182;61-183;61-184;61-185;61-186;61-188;62-183;64-182;65-182;62-182;62-184')
(23, 178, 252, '-142', '-165', '175-263;175-264;176-258;176-260;176-263;177-256;177-258;178-252;178-253;178-254;178-256;180-258;182-219;183-219;215-254;173-217;173-218;215-252;176-256;176-257;179-255;179-256;180-256')
(6, 214, 265, '-28', '-142', '211-269;214-265;214-268;216-268;211-268;214-271')

# Step 4 prep
# Step 4 prep results
(4, 49, 118, '+136', '48-118;48-119;48-120;49-118')
(1, 98, 160, '-228', '98-160')
(36, 26, 167, '-216', '-252', '26-167;26-168;27-168;27-169;27-170;28-175;20-211;26-208;26-209;29-175;26-216;27-216;28-214;28-215;28-216;29-214;29-215;30-213;30-214;31-215;35-145;40-178;141-173;29-143;31-143;143-176;139-182;141-178;142-173;142-178;143-173;143-174;143-175;143-177;143-178;31-176')
(43, 60, 162, '-42', '-221', '52-196;54-193;54-194;55-196;56-193;56-196;60-162;60-163;60-164;49-225;49-226;50-225;54-223;54-225;60-221;60-222;60-223;61-219;64-219;64-221;64-137;64-139;59-137;54-161;54-162;55-193;55-194;55-195;57-186;57-188;57-193;60-193;61-182;61-183;61-184;61-185;61-186;61-188;62-183;64-182;65-182;62-182;62-184')
(23, 178, 252, '-142', '-165', '175-263;175-264;176-258;176-260;176-263;177-256;177-258;178-252;178-253;178-254;178-256;180-258;182-219;183-219;215-254;173-217;173-218;215-252;176-256;176-257;179-255;179-256;180-256')
(6, 214, 265, '-28', '-142', '211-269;214-265;214-268;216-268;211-268;214-271')

# Step 4

Step 5: Output file
Chain A|(49, 118, '+136')|-0.52718|0.77411|4|48-118;48-119;48-120;49-118|False
Chain A|(98, 160, '-228')|0.00830|-0.79151|1|98-160|False
Chain A|(26, 167, '-216', '-252')|0.00001|-1.90009|36|26-167;26-168;27-168;27-169;27-170;28-175;20-211;26-208;26-209;29-175;26-216;27-216;28-214;28-215;28-216;29-214;29-215;30-213;30-214;31-215;35-145;40-178;141-173;29-143;31-143;143-176;139-182;141-178;142-173;142-178;143-173;143-174;143-175;143-177;143-178;31-176|True
Chain A|(60, 162, '-42', '-221')|-0.87639|-0.86459|43|52-196;54-193;54-194;55-196;56-193;56-196;60-162;60-163;60-164;49-225;49-226;50-225;54-223;54-225;60-221;60-222;60-223;61-219;64-219;64-221;64-137;64-139;59-137;54-161;54-162;55-193;55-194;55-195;57-186;57-188;57-193;60-193;61-182;61-183;61-184;61-185;61-186;61-188;62-183;64-182;65-182;62-182;62-184|False
Chain A|(178, 252, '-142', '-165')|-1.31836|0.04075|23|175-263;175-264;176-258;176-260;176-263;177-256;177-258;178-252;178-253;178-254;178-256;180-258;182-219;183-219;215-254;173-217;173-218;215-252;176-256;176-257;179-255;179-256;180-256|True
Chain A|(214, 265, '-28', '-142')|-1.76880|0.00000|6|211-269;214-265;214-268;216-268;211-268;214-271|False
SAVED: clustered_unmapped_GE//P38894-2XJP_clustered_GE.txt
NORMAL TERMINATION
