Warning: The unmapped_GE filenames should only contain a single "_" character:  P38054_3NE5_A_GE.txt
CLUSTERING ENTANGLEMENTS FOR [4mP38054[0m
Loading unmapped_GE_CA/P38054_3NE5_A_GE.txt
['Chain A ', " (5, 494, ['+768' '-766']) ", ' 0 ', ' -0.8648081638659244 ', ' CCbond-False\n']
['Chain A ', " (40, 473, ['+479']) ", ' -0.2059104843871196 ', ' -0.7862801803422212 ', ' CCbond-False\n']
['Chain A ', " (42, 469, ['+475']) ", ' -0.3156429054142922 ', ' -0.7019437557061925 ', ' CCbond-False\n']
['Chain A ', " (42, 470, ['+479']) ", ' -0.3090360256652922 ', ' -0.7722556668297519 ', ' CCbond-False\n']
['Chain A ', " (44, 469, ['+475']) ", ' -0.3905574810774322 ', ' -0.6067965159353642 ', ' CCbond-False\n']
['Chain A ', " (99, 468, ['-36']) ", ' -0.6827047397708292 ', ' -0.5885287903899917 ', ' CCbond-False\n']
['Chain A ', " (99, 469, ['-36']) ", ' -0.6732343640561801 ', ' -0.574988843857648 ', ' CCbond-False\n']
['Chain A ', " (131, 175, ['-290']) ", ' -0.010634354691554557 ', ' -0.7761099086994134 ', ' CCbond-False\n']
['Chain A ', " (131, 176, ['-288']) ", ' -0.04486377934095366 ', ' -0.7653824209284247 ', ' CCbond-False\n']
['Chain A ', " (132, 175, ['-288']) ", ' -0.05503192098947637 ', ' -0.7906179211935871 ', ' CCbond-False\n']
['Chain A ', " (133, 175, ['-288']) ", ' -0.01556965601987831 ', ' -0.7558539016692126 ', ' CCbond-False\n']
['Chain A ', " (143, 278, ['-284']) ", ' 0.05680617143966643 ', ' -0.7752085940018445 ', ' CCbond-False\n']
['Chain A ', " (575, 714, ['-822']) ", ' -0.18458685845324446 ', ' -0.827019006827585 ', ' CCbond-False\n']
['Chain A ', " (576, 714, ['-822']) ", ' -0.2686989072835185 ', ' -0.8467990543272672 ', ' CCbond-False\n']
['Chain A ', " (576, 716, ['-823']) ", ' -0.2948731181423191 ', ' -0.9447464601182937 ', ' CCbond-False\n']
['Chain A ', " (577, 716, ['-823']) ", ' -0.38169705028084566 ', ' -0.967740747128201 ', ' CCbond-False\n']
['Chain A ', " (577, 717, ['-822']) ", ' -0.3932324173759978 ', ' -0.9161952567453138 ', ' CCbond-False\n']
['Chain A ', " (577, 720, ['-822']) ", ' -0.4041440892817256 ', ' -0.9995286514961027 ', ' CCbond-False\n']
['Chain A ', " (578, 716, ['-823']) ", ' -0.4163663681144403 ', ' -0.924636747175744 ', ' CCbond-False\n']
['Chain A ', " (578, 717, ['-822']) ", ' -0.42742213883243035 ', ' -0.8729403767208832 ', ' CCbond-False\n']
['Chain A ', " (578, 719, ['-822']) ", ' -0.44280873191617076 ', ' -0.8460328971876923 ', ' CCbond-False\n']
['Chain A ', " (578, 720, ['-824']) ", ' -0.43799611748851486 ', ' -0.9559383478925559 ', ' CCbond-False\n']
['Chain A ', " (578, 721, ['-824']) ", ' -0.4481027897082495 ', ' -1.116605535450122 ', ' CCbond-False\n']
['Chain A ', " (578, 811, ['-822']) ", ' -0.4522860640774507 ', ' -0.9960386764635626 ', ' CCbond-False\n']
['Chain A ', " (579, 720, ['-824']) ", ' -0.5141738115378174 ', ' -0.9260792178377075 ', ' CCbond-False\n']
['Chain A ', " (579, 721, ['-824']) ", ' -0.5263078368709901 ', ' -1.0855296695230765 ', ' CCbond-False\n']
['Chain A ', " (579, 722, ['-824']) ", ' -0.5276320813660866 ', ' -1.139446702321338 ', ' CCbond-False\n']
['Chain A ', " (579, 811, ['-823']) ", ' -0.5313091419447913 ', ' -0.9943078296851556 ', ' CCbond-False\n']
['Chain A ', " (659, 712, ['-825']) ", ' -0.05203597781899486 ', ' -0.8203571648569672 ', ' CCbond-False\n']
['Chain A ', " (659, 713, ['-825']) ", ' -0.09011238975940332 ', ' -0.8037656835445828 ', ' CCbond-False\n']
['Chain A ', " (659, 714, ['-825']) ", ' -0.12707134146033747 ', ' -0.8658210409707995 ', ' CCbond-False\n']
['Chain A ', " (660, 712, ['-825']) ", ' -0.06434330121709742 ', ' -0.7854256219789021 ', ' CCbond-False\n']
['Chain A ', " (661, 712, ['-825']) ", ' -0.030777305466405915 ', ' -0.7517488813821993 ', ' CCbond-False\n']
['Chain A ', " (832, 921, ['-558']) ", ' -0.6375512826536481 ', ' -0.3286727664619068 ', ' CCbond-False\n']
Step 1 results
('Chain A', '-766', '+768') [(5, 494)]
('Chain A', '+479') [(40, 473), (42, 470)]
('Chain A', '+475') [(42, 469), (44, 469)]
('Chain A', '-36') [(99, 468), (99, 469)]
('Chain A', '-290') [(131, 175)]
('Chain A', '-288') [(131, 176), (132, 175), (133, 175)]
('Chain A', '-284') [(143, 278)]
('Chain A', '-822') [(575, 714), (576, 714), (577, 717), (577, 720), (578, 717), (578, 719), (578, 811)]
('Chain A', '-823') [(576, 716), (577, 716), (578, 716), (579, 811)]
('Chain A', '-824') [(578, 720), (578, 721), (579, 720), (579, 721), (579, 722)]
('Chain A', '-825') [(659, 712), (659, 713), (659, 714), (660, 712), (661, 712)]
('Chain A', '-558') [(832, 921)]
CCBonds: []

# Step 2
Step 2 results
0 (1, 5, 494, '-766', '+768', '5-494')
1 (2, 42, 470, '+479', '40-473;42-470')
2 (2, 44, 469, '+475', '42-469;44-469')
3 (2, 99, 468, '-36', '99-468;99-469')
4 (1, 131, 175, '-290', '131-175')
5 (3, 133, 175, '-288', '131-176;132-175;133-175')
6 (1, 143, 278, '-284', '143-278')
7 (7, 576, 714, '-822', '575-714;576-714;577-717;577-720;578-717;578-719;578-811')
8 (4, 578, 716, '-823', '576-716;577-716;578-716;579-811')
9 (5, 579, 720, '-824', '578-720;578-721;579-720;579-721;579-722')
10 (5, 661, 712, '-825', '659-712;659-713;659-714;660-712;661-712')
11 (1, 832, 921, '-558', '832-921')

# Step 2b

Step 2b results
0 [(1, 5, 494, '-766', '+768', '5-494')]
1 [(2, 42, 470, '+479', '40-473;42-470')]
2 [(2, 44, 469, '+475', '42-469;44-469')]
3 [(2, 99, 468, '-36', '99-468;99-469')]
4 [(1, 131, 175, '-290', '131-175')]
5 [(3, 133, 175, '-288', '131-176;132-175;133-175')]
6 [(1, 143, 278, '-284', '143-278')]
7 [(7, 576, 714, '-822', '575-714;576-714;577-717;577-720;578-717;578-719;578-811')]
8 [(4, 578, 716, '-823', '576-716;577-716;578-716;579-811')]
9 [(5, 579, 720, '-824', '578-720;578-721;579-720;579-721;579-722')]
10 [(5, 661, 712, '-825', '659-712;659-713;659-714;660-712;661-712')]
11 [(1, 832, 921, '-558', '832-921')]

### Update entanglement dict with those that got merged
Number of merged pairs: 0

### merge ents to final and reform ent_data
Results after adding those that got merged to each representative entanglement
(1, 5, 494, '-766', '+768', '5-494')
(2, 42, 470, '+479', '40-473;42-470')
(2, 44, 469, '+475', '42-469;44-469')
(2, 99, 468, '-36', '99-468;99-469')
(1, 131, 175, '-290', '131-175')
(3, 133, 175, '-288', '131-176;132-175;133-175')
(1, 143, 278, '-284', '143-278')
(7, 576, 714, '-822', '575-714;576-714;577-717;577-720;578-717;578-719;578-811')
(4, 578, 716, '-823', '576-716;577-716;578-716;579-811')
(5, 579, 720, '-824', '578-720;578-721;579-720;579-721;579-722')
(5, 661, 712, '-825', '659-712;659-713;659-714;660-712;661-712')
(1, 832, 921, '-558', '832-921')

# Step 3
Step 3 results
(1, 5, 494, '-766', '+768', '5-494')
(2, 99, 468, '-36', '99-468;99-469')
(1, 832, 921, '-558', '832-921')
(4, 44, 469, '+475', '42-469;44-469;40-473;42-470')
(5, 133, 175, '-288', '131-176;132-175;133-175;131-175;143-278')
(21, 661, 712, '-825', '659-712;659-713;659-714;660-712;661-712;576-716;577-716;578-716;579-811;575-714;576-714;577-717;577-720;578-717;578-719;578-811;578-720;578-721;579-720;579-721;579-722')

# Step 4 prep
# Step 4 prep results
(1, 5, 494, '-766', '+768', '5-494')
(2, 99, 468, '-36', '99-468;99-469')
(1, 832, 921, '-558', '832-921')
(5, 133, 175, '-288', '131-176;132-175;133-175;131-175;143-278')
(21, 661, 712, '-825', '659-712;659-713;659-714;660-712;661-712;576-716;577-716;578-716;579-811;575-714;576-714;577-717;577-720;578-717;578-719;578-811;578-720;578-721;579-720;579-721;579-722')
(4, 44, 469, '+475', '42-469;44-469;40-473;42-470')

# Step 4

Step 5: Output file
Chain A|(5, 494, '-766', '+768')|0.00000|-0.86481|1|5-494|False
Chain A|(99, 468, '-36')|-0.68270|-0.58853|2|99-468;99-469|False
Chain A|(832, 921, '-558')|-0.63755|-0.32867|1|832-921|False
Chain A|(133, 175, '-288')|-0.01557|-0.75585|5|131-176;132-175;133-175;131-175;143-278|False
Chain A|(661, 712, '-825')|-0.03078|-0.75175|21|659-712;659-713;659-714;660-712;661-712;576-716;577-716;578-716;579-811;575-714;576-714;577-717;577-720;578-717;578-719;578-811;578-720;578-721;579-720;579-721;579-722|False
Chain A|(44, 469, '+475')|-0.39056|-0.60680|4|42-469;44-469;40-473;42-470|False
SAVED: clustered_unmapped_GE_CA//P38054_clustered_GE.txt
NORMAL TERMINATION
