Warning: The unmapped_GE filenames should only contain a single "_" character:  P0AD61_4YNG_C_GE.txt
CLUSTERING ENTANGLEMENTS FOR [4mP0AD61[0m
Loading unmapped_GE/P0AD61_4YNG_C_GE.txt
['Chain C ', " (22, 322, ['+8']) ", ' 0.8296320600313153 ', ' 0.013503444865087984 ', ' CCbond-False\n']
['Chain C ', " (23, 315, ['+7']) ", ' 0.7708439185980739 ', ' -0.18254829395449138 ', ' CCbond-False\n']
['Chain C ', " (23, 321, ['+8']) ", ' 0.7428222270205512 ', ' -0.007883120384376899 ', ' CCbond-False\n']
['Chain C ', " (23, 325, ['+8']) ", ' 0.7807704022915948 ', ' 0.06370503083496538 ', ' CCbond-False\n']
['Chain C ', " (26, 322, ['+7']) ", ' 0.7933404875751218 ', ' 0.008571405198053094 ', ' CCbond-False\n']
['Chain C ', " (26, 325, ['+7']) ", ' 0.8131075079148495 ', ' 0.04511966185215608 ', ' CCbond-False\n']
['Chain C ', " (26, 326, ['+7']) ", ' 0.8061808737093675 ', ' 0.07027379918067551 ', ' CCbond-False\n']
['Chain C ', " (26, 329, ['+7']) ", ' 0.8141865694700633 ', ' 0.059135343521623585 ', ' CCbond-False\n']
['Chain C ', " (27, 325, ['+7']) ", ' 0.7027640703697804 ', ' 0.0753421886303243 ', ' CCbond-False\n']
['Chain C ', " (28, 325, ['+7']) ", ' 0.6459508163972623 ', ' 0.10311648477073058 ', ' CCbond-False\n']
['Chain C ', " (382, 460, ['+375']) ", ' 0.754121664338647 ', ' 0 ', ' CCbond-False\n']
['Chain C ', " (383, 462, ['+375']) ", ' 0.875269225810889 ', ' 0 ', ' CCbond-False\n']
['Chain C ', " (387, 452, ['+374']) ", ' 0.8668926428053635 ', ' -0.060682253831032706 ', ' CCbond-False\n']
Step 1 results
('Chain C', '+8') [(22, 322), (23, 321), (23, 325)]
('Chain C', '+7') [(23, 315), (26, 322), (26, 325), (26, 326), (26, 329), (27, 325), (28, 325)]
('Chain C', '+375') [(382, 460), (383, 462)]
('Chain C', '+374') [(387, 452)]
CCBonds: []

# Step 2
Step 2 results
0 (3, 23, 321, '+8', '22-322;23-321;23-325')
1 (7, 23, 315, '+7', '23-315;26-322;26-325;26-326;26-329;27-325;28-325')
2 (2, 382, 460, '+375', '382-460;383-462')
3 (1, 387, 452, '+374', '387-452')

# Step 2b

Step 2b results
0 [(3, 23, 321, '+8', '22-322;23-321;23-325')]
1 [(7, 23, 315, '+7', '23-315;26-322;26-325;26-326;26-329;27-325;28-325')]
2 [(2, 382, 460, '+375', '382-460;383-462')]
3 [(1, 387, 452, '+374', '387-452')]

### Update entanglement dict with those that got merged
Number of merged pairs: 0

### merge ents to final and reform ent_data
Results after adding those that got merged to each representative entanglement
(3, 23, 321, '+8', '22-322;23-321;23-325')
(7, 23, 315, '+7', '23-315;26-322;26-325;26-326;26-329;27-325;28-325')
(2, 382, 460, '+375', '382-460;383-462')
(1, 387, 452, '+374', '387-452')

# Step 3
Step 3 results
(10, 23, 315, '+7', '23-315;26-322;26-325;26-326;26-329;27-325;28-325;22-322;23-321;23-325')
(3, 387, 452, '+374', '387-452;382-460;383-462')

# Step 4 prep
# Step 4 prep results
(10, 23, 315, '+7', '23-315;26-322;26-325;26-326;26-329;27-325;28-325;22-322;23-321;23-325')
(3, 387, 452, '+374', '387-452;382-460;383-462')

# Step 4

Step 5: Output file
Chain C|(23, 315, '+7')|0.77084|-0.18255|10|23-315;26-322;26-325;26-326;26-329;27-325;28-325;22-322;23-321;23-325|False
Chain C|(387, 452, '+374')|0.86689|-0.06068|3|387-452;382-460;383-462|False
SAVED: clustered_unmapped_GE//P0AD61_clustered_GE.txt
NORMAL TERMINATION
