Warning: The unmapped_GE filenames should only contain a single "_" character:  P38054_3NE5_A_GE.txt
CLUSTERING ENTANGLEMENTS FOR [4mP38054[0m
Loading unmapped_GE/P38054_3NE5_A_GE.txt
['Chain A ', " (5, 494, ['+768' '-766']) ", ' 0 ', ' -0.8648081638659244 ', ' CCbond-False\n']
['Chain A ', " (40, 473, ['+479']) ", ' -0.2059104843871196 ', ' -0.7862801803422212 ', ' CCbond-False\n']
['Chain A ', " (42, 470, ['+479']) ", ' -0.3090360256652922 ', ' -0.7722556668297519 ', ' CCbond-False\n']
['Chain A ', " (43, 473, ['+479']) ", ' -0.4244175519110319 ', ' -0.7388170232086229 ', ' CCbond-False\n']
['Chain A ', " (44, 80, ['-96']) ", ' -0.012779044704050902 ', ' -0.7371050489291111 ', ' CCbond-False\n']
['Chain A ', " (44, 473, ['+479']) ", ' -0.38767126921258477 ', ' -0.6953513272162108 ', ' CCbond-False\n']
['Chain A ', " (99, 468, ['-36']) ", ' -0.6827047397708292 ', ' -0.5885287903899917 ', ' CCbond-False\n']
['Chain A ', " (99, 469, ['-36']) ", ' -0.6732343640561801 ', ' -0.574988843857648 ', ' CCbond-False\n']
['Chain A ', " (99, 473, ['+479' '-36']) ", ' -0.6882913291204693 ', ' -0.6684448253205315 ', ' CCbond-False\n']
['Chain A ', " (131, 176, ['-288']) ", ' -0.04486377934095366 ', ' -0.7653824209284247 ', ' CCbond-False\n']
['Chain A ', " (133, 175, ['-288']) ", ' -0.01556965601987831 ', ' -0.7558539016692126 ', ' CCbond-False\n']
['Chain A ', " (143, 278, ['-284']) ", ' 0.05680617143966643 ', ' -0.7752085940018445 ', ' CCbond-False\n']
['Chain A ', " (278, 322, ['-143']) ", ' -0.8988319662386881 ', ' 0.19740326594647845 ', ' CCbond-False\n']
['Chain A ', " (278, 324, ['-142']) ", ' -1.0437224119033963 ', ' 0.19555766232483818 ', ' CCbond-False\n']
['Chain A ', " (575, 714, ['-822']) ", ' -0.18458685845324446 ', ' -0.827019006827585 ', ' CCbond-False\n']
['Chain A ', " (576, 714, ['-822']) ", ' -0.2686989072835185 ', ' -0.8467990543272672 ', ' CCbond-False\n']
['Chain A ', " (577, 717, ['-822']) ", ' -0.3932324173759978 ', ' -0.9161952567453138 ', ' CCbond-False\n']
['Chain A ', " (578, 717, ['-822']) ", ' -0.42742213883243035 ', ' -0.8729403767208832 ', ' CCbond-False\n']
['Chain A ', " (578, 720, ['-824']) ", ' -0.43799611748851486 ', ' -0.9559383478925559 ', ' CCbond-False\n']
['Chain A ', " (578, 721, ['-824']) ", ' -0.4481027897082495 ', ' -1.116605535450122 ', ' CCbond-False\n']
['Chain A ', " (578, 811, ['-822']) ", ' -0.4522860640774507 ', ' -0.9960386764635626 ', ' CCbond-False\n']
['Chain A ', " (579, 720, ['-824']) ", ' -0.5141738115378174 ', ' -0.9260792178377075 ', ' CCbond-False\n']
['Chain A ', " (625, 669, ['-570']) ", ' -0.871620793365803 ', ' -0.06372994187352321 ', ' CCbond-False\n']
['Chain A ', " (659, 712, ['-825']) ", ' -0.05203597781899486 ', ' -0.8203571648569672 ', ' CCbond-False\n']
['Chain A ', " (659, 714, ['-825']) ", ' -0.12707134146033747 ', ' -0.8658210409707995 ', ' CCbond-False\n']
['Chain A ', " (660, 712, ['-825']) ", ' -0.06434330121709742 ', ' -0.7854256219789021 ', ' CCbond-False\n']
['Chain A ', " (819, 853, ['-686']) ", ' -0.806084411789431 ', ' 0.1578029137426265 ', ' CCbond-False\n']
['Chain A ', " (819, 855, ['-686']) ", ' -0.7946983549269876 ', ' 0.08036775158841598 ', ' CCbond-False\n']
['Chain A ', " (832, 921, ['-558']) ", ' -0.6375512826536481 ', ' -0.3286727664619068 ', ' CCbond-False\n']
['Chain A ', " (918, 999, ['+1014']) ", ' -0.137537567451024 ', ' 0.6392333176384876 ', ' CCbond-False\n']
Step 1 results
('Chain A', '-766', '+768') [(5, 494)]
('Chain A', '+479') [(40, 473), (42, 470), (43, 473), (44, 473)]
('Chain A', '-96') [(44, 80)]
('Chain A', '-36') [(99, 468), (99, 469)]
('Chain A', '-36', '+479') [(99, 473)]
('Chain A', '-288') [(131, 176), (133, 175)]
('Chain A', '-284') [(143, 278)]
('Chain A', '-143') [(278, 322)]
('Chain A', '-142') [(278, 324)]
('Chain A', '-822') [(575, 714), (576, 714), (577, 717), (578, 717), (578, 811)]
('Chain A', '-824') [(578, 720), (578, 721), (579, 720)]
('Chain A', '-570') [(625, 669)]
('Chain A', '-825') [(659, 712), (659, 714), (660, 712)]
('Chain A', '-686') [(819, 853), (819, 855)]
('Chain A', '-558') [(832, 921)]
('Chain A', '+1014') [(918, 999)]
CCBonds: []

# Step 2
Step 2 results
0 (1, 5, 494, '-766', '+768', '5-494')
1 (4, 42, 470, '+479', '40-473;42-470;43-473;44-473')
2 (1, 44, 80, '-96', '44-80')
3 (2, 99, 468, '-36', '99-468;99-469')
4 (1, 99, 473, '-36', '+479', '99-473')
5 (2, 133, 175, '-288', '131-176;133-175')
6 (1, 143, 278, '-284', '143-278')
7 (1, 278, 322, '-143', '278-322')
8 (1, 278, 324, '-142', '278-324')
9 (5, 576, 714, '-822', '575-714;576-714;577-717;578-717;578-811')
10 (3, 579, 720, '-824', '578-720;578-721;579-720')
11 (1, 625, 669, '-570', '625-669')
12 (3, 660, 712, '-825', '659-712;659-714;660-712')
13 (2, 819, 853, '-686', '819-853;819-855')
14 (1, 832, 921, '-558', '832-921')
15 (1, 918, 999, '+1014', '918-999')

# Step 2b

Step 2b results
0 [(1, 5, 494, '-766', '+768', '5-494')]
1 [(1, 44, 80, '-96', '44-80')]
2 [(1, 99, 473, '-36', '+479', '99-473')]
3 [(2, 133, 175, '-288', '131-176;133-175')]
4 [(1, 143, 278, '-284', '143-278')]
5 [(1, 278, 322, '-143', '278-322')]
6 [(1, 278, 324, '-142', '278-324')]
7 [(5, 576, 714, '-822', '575-714;576-714;577-717;578-717;578-811')]
8 [(3, 579, 720, '-824', '578-720;578-721;579-720')]
9 [(1, 625, 669, '-570', '625-669')]
10 [(3, 660, 712, '-825', '659-712;659-714;660-712')]
11 [(2, 819, 853, '-686', '819-853;819-855')]
12 [(1, 832, 921, '-558', '832-921')]
13 [(1, 918, 999, '+1014', '918-999')]

### Update entanglement dict with those that got merged
Number of merged pairs: 2

### merge ents to final and reform ent_data
Results after adding those that got merged to each representative entanglement
(1, 5, 494, '-766', '+768', '5-494')
(1, 44, 80, '-96', '44-80')
(7, 99, 473, '-36', '+479', '99-473;40-473;42-470;43-473;44-473;99-468;99-469')
(2, 133, 175, '-288', '131-176;133-175')
(1, 143, 278, '-284', '143-278')
(1, 278, 322, '-143', '278-322')
(1, 278, 324, '-142', '278-324')
(5, 576, 714, '-822', '575-714;576-714;577-717;578-717;578-811')
(3, 579, 720, '-824', '578-720;578-721;579-720')
(1, 625, 669, '-570', '625-669')
(3, 660, 712, '-825', '659-712;659-714;660-712')
(2, 819, 853, '-686', '819-853;819-855')
(1, 832, 921, '-558', '832-921')
(1, 918, 999, '+1014', '918-999')

# Step 3
Step 3 results
(1, 5, 494, '-766', '+768', '5-494')
(1, 44, 80, '-96', '44-80')
(7, 99, 473, '-36', '+479', '99-473;40-473;42-470;43-473;44-473;99-468;99-469')
(1, 625, 669, '-570', '625-669')
(2, 819, 853, '-686', '819-853;819-855')
(1, 832, 921, '-558', '832-921')
(1, 918, 999, '+1014', '918-999')
(3, 133, 175, '-288', '131-176;133-175;143-278')
(2, 278, 322, '-143', '278-322;278-324')
(11, 660, 712, '-825', '659-712;659-714;660-712;575-714;576-714;577-717;578-717;578-811;578-720;578-721;579-720')

# Step 4 prep
# Step 4 prep results
(1, 5, 494, '-766', '+768', '5-494')
(7, 99, 473, '-36', '+479', '99-473;40-473;42-470;43-473;44-473;99-468;99-469')
(1, 44, 80, '-96', '44-80')
(1, 625, 669, '-570', '625-669')
(2, 819, 853, '-686', '819-853;819-855')
(1, 832, 921, '-558', '832-921')
(3, 133, 175, '-288', '131-176;133-175;143-278')
(2, 278, 322, '-143', '278-322;278-324')
(11, 660, 712, '-825', '659-712;659-714;660-712;575-714;576-714;577-717;578-717;578-811;578-720;578-721;579-720')
(1, 918, 999, '+1014', '918-999')

# Step 4

Step 5: Output file
Chain A|(5, 494, '-766', '+768')|0.00000|-0.86481|1|5-494|False
Chain A|(99, 473, '-36', '+479')|-0.68829|-0.66844|7|99-473;40-473;42-470;43-473;44-473;99-468;99-469|False
Chain A|(44, 80, '-96')|-0.01278|-0.73711|1|44-80|False
Chain A|(625, 669, '-570')|-0.87162|-0.06373|1|625-669|False
Chain A|(819, 853, '-686')|-0.80608|0.15780|2|819-853;819-855|False
Chain A|(832, 921, '-558')|-0.63755|-0.32867|1|832-921|False
Chain A|(133, 175, '-288')|-0.01557|-0.75585|3|131-176;133-175;143-278|False
Chain A|(278, 322, '-143')|-0.89883|0.19740|2|278-322;278-324|False
Chain A|(660, 712, '-825')|-0.06434|-0.78543|11|659-712;659-714;660-712;575-714;576-714;577-717;578-717;578-811;578-720;578-721;579-720|False
Chain A|(918, 999, '+1014')|-0.13754|0.63923|1|918-999|False
SAVED: clustered_unmapped_GE//P38054_clustered_GE.txt
NORMAL TERMINATION
