Namespace(PDB='test_pdbs/P0AD61_4YNG_C.pdb', GLN_threshold=0.6, Calpha='True', topoly_density=None)
pdb_dir: test_pdbs/P0AD61_4YNG_C.pdb
g_threshold: 0.6
density: 0
Calpha: True
COMPUTING ENTANGLEMENTS FOR [4mP0AD61_4YNG_C[0m
Checking for disulfide bonds
disulfide_bonds: []
Number of ENTs found: 17
WRITING: unmapped_GE_CA/P0AD61_4YNG_C_GE.txt
(22, 322, 0.8296320600313153, 0.013503444865087984)
(23, 322, 0.7687673879002749, 0.03370276707988164)
(23, 325, 0.7807704022915948, 0.06370503083496538)
(26, 322, 0.7933404875751218, 0.008571405198053094)
(26, 325, 0.8131075079148495, 0.04511966185215608)
(26, 326, 0.8061808737093675, 0.07027379918067551)
(26, 329, 0.8141865694700633, 0.059135343521623585)
(27, 325, 0.7027640703697804, 0.0753421886303243)
(27, 326, 0.7001305477132707, 0.09831267698036904)
(27, 329, 0.7110200894508407, 0.08370423101777644)
(28, 325, 0.6459508163972623, 0.10311648477073058)
(382, 460, 0.754121664338647, 0)
(383, 452, 0.9099748078158841, -0.020110553707751052)
(383, 453, 0.8810248446993456, -0.09759414145831502)
(383, 460, 0.8691906847998241, 0)
(383, 461, 0.8701363096230805, 0)
(383, 462, 0.875269225810889, 0)
WRITING: P0AD61_4YNG_C_M.txt
NORMAL TERMINATION
