Namespace(PDB='test_pdbs/P38054_3NE5_A.pdb', GLN_threshold=0.6, Calpha='False', topoly_density=None)
pdb_dir: test_pdbs/P38054_3NE5_A.pdb
g_threshold: 0.6
density: 0
Calpha: False
COMPUTING ENTANGLEMENTS FOR [4mP38054_3NE5_A[0m
Checking for disulfide bonds
disulfide_bonds: []
Number of ENTs found: 30
WRITING: unmapped_GE/P38054_3NE5_A_GE.txt
(5, 494, 0, -0.8648081638659244)
(40, 473, -0.2059104843871196, -0.7862801803422212)
(42, 470, -0.3090360256652922, -0.7722556668297519)
(43, 473, -0.4244175519110319, -0.7388170232086229)
(44, 80, -0.012779044704050902, -0.7371050489291111)
(44, 473, -0.38767126921258477, -0.6953513272162108)
(99, 468, -0.6827047397708292, -0.5885287903899917)
(99, 469, -0.6732343640561801, -0.574988843857648)
(99, 473, -0.6882913291204693, -0.6684448253205315)
(131, 176, -0.04486377934095366, -0.7653824209284247)
(133, 175, -0.01556965601987831, -0.7558539016692126)
(143, 278, 0.05680617143966643, -0.7752085940018445)
(278, 322, -0.8988319662386881, 0.19740326594647845)
(278, 324, -1.0437224119033963, 0.19555766232483818)
(575, 714, -0.18458685845324446, -0.827019006827585)
(576, 714, -0.2686989072835185, -0.8467990543272672)
(577, 717, -0.3932324173759978, -0.9161952567453138)
(578, 717, -0.42742213883243035, -0.8729403767208832)
(578, 720, -0.43799611748851486, -0.9559383478925559)
(578, 721, -0.4481027897082495, -1.116605535450122)
(578, 811, -0.4522860640774507, -0.9960386764635626)
(579, 720, -0.5141738115378174, -0.9260792178377075)
(625, 669, -0.871620793365803, -0.06372994187352321)
(659, 712, -0.05203597781899486, -0.8203571648569672)
(659, 714, -0.12707134146033747, -0.8658210409707995)
(660, 712, -0.06434330121709742, -0.7854256219789021)
(819, 853, -0.806084411789431, 0.1578029137426265)
(819, 855, -0.7946983549269876, 0.08036775158841598)
(832, 921, -0.6375512826536481, -0.3286727664619068)
(918, 999, -0.137537567451024, 0.6392333176384876)
WRITING: P38054_3NE5_A_M.txt
NORMAL TERMINATION
