Namespace(PDB='test_pdbs/P38054_3NE5_A.pdb', GLN_threshold=0.6, Calpha='True', topoly_density=None)
pdb_dir: test_pdbs/P38054_3NE5_A.pdb
g_threshold: 0.6
density: 0
Calpha: True
COMPUTING ENTANGLEMENTS FOR [4mP38054_3NE5_A[0m
Checking for disulfide bonds
disulfide_bonds: []
Number of ENTs found: 34
WRITING: unmapped_GE_CA/P38054_3NE5_A_GE.txt
(5, 494, 0, -0.8648081638659244)
(40, 473, -0.2059104843871196, -0.7862801803422212)
(42, 469, -0.3156429054142922, -0.7019437557061925)
(42, 470, -0.3090360256652922, -0.7722556668297519)
(44, 469, -0.3905574810774322, -0.6067965159353642)
(99, 468, -0.6827047397708292, -0.5885287903899917)
(99, 469, -0.6732343640561801, -0.574988843857648)
(131, 175, -0.010634354691554557, -0.7761099086994134)
(131, 176, -0.04486377934095366, -0.7653824209284247)
(132, 175, -0.05503192098947637, -0.7906179211935871)
(133, 175, -0.01556965601987831, -0.7558539016692126)
(143, 278, 0.05680617143966643, -0.7752085940018445)
(575, 714, -0.18458685845324446, -0.827019006827585)
(576, 714, -0.2686989072835185, -0.8467990543272672)
(576, 716, -0.2948731181423191, -0.9447464601182937)
(577, 716, -0.38169705028084566, -0.967740747128201)
(577, 717, -0.3932324173759978, -0.9161952567453138)
(577, 720, -0.4041440892817256, -0.9995286514961027)
(578, 716, -0.4163663681144403, -0.924636747175744)
(578, 717, -0.42742213883243035, -0.8729403767208832)
(578, 719, -0.44280873191617076, -0.8460328971876923)
(578, 720, -0.43799611748851486, -0.9559383478925559)
(578, 721, -0.4481027897082495, -1.116605535450122)
(578, 811, -0.4522860640774507, -0.9960386764635626)
(579, 720, -0.5141738115378174, -0.9260792178377075)
(579, 721, -0.5263078368709901, -1.0855296695230765)
(579, 722, -0.5276320813660866, -1.139446702321338)
(579, 811, -0.5313091419447913, -0.9943078296851556)
(659, 712, -0.05203597781899486, -0.8203571648569672)
(659, 713, -0.09011238975940332, -0.8037656835445828)
(659, 714, -0.12707134146033747, -0.8658210409707995)
(660, 712, -0.06434330121709742, -0.7854256219789021)
(661, 712, -0.030777305466405915, -0.7517488813821993)
(832, 921, -0.6375512826536481, -0.3286727664619068)
WRITING: P38054_3NE5_A_M.txt
NORMAL TERMINATION
