Namespace(PDB='test_pdbs/P38894-2XJP_A.pdb', GLN_threshold=None, Calpha='True', topoly_density=None)
pdb_dir: test_pdbs/P38894-2XJP_A.pdb
g_threshold: 0.6
density: 0
Calpha: True
COMPUTING ENTANGLEMENTS FOR [4mP38894-2XJP_A[0m
Checking for disulfide bonds
Disulfide bond between <Residue CYS het=  resseq=29 icode= > and <Residue CYS het=  resseq=175 icode= > at distance 2.04 Å
Disulfide bond between <Residue CYS het=  resseq=87 icode= > and <Residue CYS het=  resseq=113 icode= > at distance 2.05 Å
Disulfide bond between <Residue CYS het=  resseq=96 icode= > and <Residue CYS het=  resseq=107 icode= > at distance 2.05 Å
Disulfide bond between <Residue CYS het=  resseq=107 icode= > and <Residue CYS het=  resseq=96 icode= > at distance 2.05 Å
Disulfide bond between <Residue CYS het=  resseq=113 icode= > and <Residue CYS het=  resseq=87 icode= > at distance 2.05 Å
Disulfide bond between <Residue CYS het=  resseq=175 icode= > and <Residue CYS het=  resseq=29 icode= > at distance 2.04 Å
Disulfide bond between <Residue CYS het=  resseq=176 icode= > and <Residue CYS het=  resseq=263 icode= > at distance 2.04 Å
Disulfide bond between <Residue CYS het=  resseq=263 icode= > and <Residue CYS het=  resseq=176 icode= > at distance 2.04 Å
disulfide_bonds: [(29, 175), (87, 113), (96, 107), (176, 263)]
Number of ENTs found: 101
WRITING: unmapped_GE_CA/P38894-2XJP_A_GE.txt
(25, 209, -0.014097855511439002, -1.56551139583665)
(26, 168, 0.004798063965855744, -2.0874127559012208)
(26, 169, 0.010978625365461956, -2.2407066559976982)
(26, 208, -0.0004612079585988564, -1.7349775038001884)
(26, 209, -0.005220009898245153, -1.5888840144719858)
(26, 210, -0.00029277576047060646, -1.3806334094167367)
(27, 168, -0.002199698919034216, -2.0809342303801883)
(27, 169, 0.006912062471715952, -2.229755060044218)
(27, 170, 0.008941220627171495, -2.2393852894796145)
(27, 216, 0.00869096818595373, -0.7326649391212051)
(28, 168, -0.010270333684325388, -2.0649357241892767)
(28, 169, -0.0031427548465541902, -2.221086470968031)
(28, 175, -0.00032627957744085735, -2.181657458812112)
(28, 214, 0.026296256322470873, -0.9077007359591169)
(28, 215, 0.02479205690166899, -0.777373187174594)
(28, 216, 0.02157607426304809, -0.6831394427312377)
(29, 169, -0.023440406848924542, -2.0920652759359766)
(29, 175, -0.02060911438264789, -2.0453757238152748)
(29, 176, -0.020951989675173716, -2.089816512182859)
(29, 214, 0.019616912847906513, -0.860228692383612)
(29, 215, 0.021595517598344046, -0.7318713303414779)
(29, 216, 0.020673377508582787, -0.6366652078252726)
(30, 175, -0.051201126935150235, -1.8844021960908468)
(30, 214, 0.026171982718661627, -0.7484499507329617)
(30, 215, 0.028560349164061815, -0.6212777698450046)
(31, 175, -0.09354906944947296, -1.8885202281894586)
(31, 176, -0.09517465708439442, -1.9309688568530061)
(31, 215, 0.07329559285333269, -0.6381118344640396)
(48, 119, -0.4739308529318189, 0.7640283859893205)
(48, 120, -0.4722735357861861, 0.6554465274055097)
(49, 118, -0.5271756666575748, 0.7741113026278329)
(49, 225, -0.6514130355984386, 0.03870257216181887)
(49, 226, -0.6395302014000827, 0.002385204940220415)
(50, 225, -0.8223654723092394, 0.043172673273560086)
(51, 225, -0.8838143190775158, 0.0522468940698687)
(52, 196, -0.9652243824173475, -1.0062320166907173)
(54, 162, -0.9545590331215801, -0.9103675755852223)
(54, 193, -1.0310154437926748, -1.0162375290371704)
(54, 194, -1.0210234377624692, -0.982613399671516)
(54, 223, -1.0345895384926929, 0.2651382970334542)
(55, 162, -0.9201481422714127, -0.9447958956300899)
(55, 193, -0.9980780930538337, -0.9926825686575121)
(55, 194, -0.9843583891470303, -0.9644585765771468)
(55, 195, -0.995375054700235, -0.9669576563378295)
(55, 196, -1.0086896875545397, -1.0063679795579326)
(56, 193, -0.9687142006984197, -0.9619224810991965)
(57, 186, -1.0611152076257486, -0.946853397034829)
(57, 193, -0.9557189006664829, -0.9552891597019879)
(58, 184, -1.0695105725826173, -0.9508157698814439)
(58, 186, -1.000162703009748, -0.9247457695134773)
(60, 163, -0.9003125123361553, -0.8923072805596843)
(60, 164, -0.9359286174544966, -0.970035160538743)
(60, 193, -0.9837833189621379, -0.9880445425212421)
(60, 221, -1.0429834095298032, 0.31734159557340685)
(60, 222, -0.9690933243275015, 0.2917331705421629)
(61, 164, -0.8806188358564553, -0.9028109348042964)
(61, 182, -1.1297696938206583, -1.1288444383187883)
(61, 183, -1.128073830016592, -1.0108567429615407)
(61, 184, -1.1168684150325126, -0.9421259934518919)
(61, 185, -1.079023434240762, -1.0275438221792206)
(61, 186, -1.0417630815214847, -0.9270665933100115)
(61, 221, -0.9833989421423698, 0.32286624286277926)
(62, 182, -1.063652970187415, -1.1063124819011383)
(62, 183, -1.0648879026107059, -0.9897303170415667)
(62, 184, -1.0569192283040325, -0.9226946998290977)
(64, 137, -0.7963004678522828, -0.01884578879560281)
(65, 181, -1.0265874067639251, -1.12888737747171)
(65, 182, -0.975552297726231, -1.0945716763232616)
(75, 253, -0.6892629979789977, 0.04037675766893446)
(141, 178, 0.021120533345468387, -1.120198446999418)
(142, 178, -0.0265605861275866, -1.0086498823758168)
(169, 264, -1.3565557656687426, 0)
(173, 217, -0.6063263564515116, 0.12456738166349053)
(173, 218, -0.7232670285982989, 0.15856814150554582)
(174, 217, -0.7093842034638523, 0.13627977884274367)
(175, 217, -0.8047051941557005, 0.2205679888648536)
(175, 263, -2.0180103054226373, 0)
(175, 264, -2.017791810338668, 0)
(176, 254, -1.6818224157891075, 0.0671715014575396)
(176, 255, -1.8020553269643875, 0.06953759472685678)
(176, 256, -1.8292281899714236, 0.07371414406912338)
(176, 257, -1.8454766394348476, 0.04855866351024994)
(176, 258, -1.8616656304238295, 0.006842553444733787)
(176, 260, -1.8819946941318073, 0)
(176, 263, -1.890850905524312, 0)
(176, 264, -1.8936190046293215, 0)
(177, 255, -1.6416406400561088, 0.05434104947957855)
(177, 256, -1.6673213892455683, 0.06270699228815524)
(177, 257, -1.684904952298274, 0.040165971480489435)
(177, 258, -1.6990750020676022, 0.004044877278206151)
(178, 217, -0.6337872644540102, 0.08937000486442943)
(178, 253, -1.5977081064185936, 0.06402001709158775)
(178, 254, -1.672403331297488, 0.06164085241955534)
(178, 255, -1.7925570875764882, 0.0689858930149802)
(178, 256, -1.8176841914591169, 0.07588098660230637)
(179, 255, -1.869680936003981, 0.06578851007981347)
(179, 256, -1.8995235295630875, 0.07172560278675465)
(180, 256, -1.8996863355633453, 0.0621364022795451)
(211, 268, -1.875607377065035, 0)
(211, 269, -1.8861386536541553, 0)
(214, 268, -1.9413148881458975, 0)
NORMAL TERMINATION
