Namespace(PDB='test_pdbs/P38894-2XJP_A.pdb', GLN_threshold=None, Calpha='False', topoly_density=None)
pdb_dir: test_pdbs/P38894-2XJP_A.pdb
g_threshold: 0.6
density: 0
Calpha: False
COMPUTING ENTANGLEMENTS FOR [4mP38894-2XJP_A[0m
Checking for disulfide bonds
Disulfide bond between <Residue CYS het=  resseq=29 icode= > and <Residue CYS het=  resseq=175 icode= > at distance 2.04 Å
Disulfide bond between <Residue CYS het=  resseq=87 icode= > and <Residue CYS het=  resseq=113 icode= > at distance 2.05 Å
Disulfide bond between <Residue CYS het=  resseq=96 icode= > and <Residue CYS het=  resseq=107 icode= > at distance 2.05 Å
Disulfide bond between <Residue CYS het=  resseq=107 icode= > and <Residue CYS het=  resseq=96 icode= > at distance 2.05 Å
Disulfide bond between <Residue CYS het=  resseq=113 icode= > and <Residue CYS het=  resseq=87 icode= > at distance 2.05 Å
Disulfide bond between <Residue CYS het=  resseq=175 icode= > and <Residue CYS het=  resseq=29 icode= > at distance 2.04 Å
Disulfide bond between <Residue CYS het=  resseq=176 icode= > and <Residue CYS het=  resseq=263 icode= > at distance 2.04 Å
Disulfide bond between <Residue CYS het=  resseq=263 icode= > and <Residue CYS het=  resseq=176 icode= > at distance 2.04 Å
disulfide_bonds: [(29, 175), (87, 113), (96, 107), (176, 263)]
Number of ENTs found: 113
WRITING: unmapped_GE/P38894-2XJP_A_GE.txt
(20, 211, 0, -1.142044016210002)
(26, 167, 1.1744575496657126e-05, -1.9000896363212025)
(26, 168, 0.004798063965855744, -2.0874127559012208)
(26, 208, -0.0004612079585988564, -1.7349775038001884)
(26, 209, -0.005220009898245153, -1.5888840144719858)
(26, 216, 0.007562215537336231, -0.7139356844745435)
(27, 168, -0.002199698919034216, -2.0809342303801883)
(27, 169, 0.006912062471715952, -2.229755060044218)
(27, 170, 0.008941220627171495, -2.2393852894796145)
(27, 216, 0.00869096818595373, -0.7326649391212051)
(28, 175, -0.00032627957744085735, -2.181657458812112)
(28, 214, 0.026296256322470873, -0.9077007359591169)
(28, 215, 0.02479205690166899, -0.777373187174594)
(28, 216, 0.02157607426304809, -0.6831394427312377)
(29, 143, -0.014743042605100828, -1.1704124216912308)
(29, 175, -0.02060911438264789, -2.0453757238152748)
(29, 214, 0.019616912847906513, -0.860228692383612)
(29, 215, 0.021595517598344046, -0.7318713303414779)
(30, 213, 0.020755110024716302, -0.7900921675648463)
(30, 214, 0.026171982718661627, -0.7484499507329617)
(31, 143, -0.029778133670237593, -0.9852477551163122)
(31, 176, -0.09517465708439442, -1.9309688568530061)
(31, 215, 0.07329559285333269, -0.6381118344640396)
(35, 145, 0.051165859382766306, -0.9851299033930075)
(40, 178, -0.03549658414324643, -1.2371919526152761)
(48, 118, -0.4754685792613612, 0.7837434645760792)
(48, 119, -0.4739308529318189, 0.7640283859893205)
(48, 120, -0.4722735357861861, 0.6554465274055097)
(49, 118, -0.5271756666575748, 0.7741113026278329)
(49, 225, -0.6514130355984386, 0.03870257216181887)
(49, 226, -0.6395302014000827, 0.002385204940220415)
(50, 225, -0.8223654723092394, 0.043172673273560086)
(52, 196, -0.9652243824173475, -1.0062320166907173)
(54, 161, -0.9154210219439327, -0.7492741052950105)
(54, 162, -0.9545590331215801, -0.9103675755852223)
(54, 193, -1.0310154437926748, -1.0162375290371704)
(54, 194, -1.0210234377624692, -0.982613399671516)
(54, 223, -1.0345895384926929, 0.2651382970334542)
(54, 225, -0.9919800700790442, 0.05917255053962585)
(55, 193, -0.9980780930538337, -0.9926825686575121)
(55, 194, -0.9843583891470303, -0.9644585765771468)
(55, 195, -0.995375054700235, -0.9669576563378295)
(55, 196, -1.0086896875545397, -1.0063679795579326)
(56, 193, -0.9687142006984197, -0.9619224810991965)
(56, 196, -0.9835566312236088, -0.9779886384781683)
(57, 186, -1.0611152076257486, -0.946853397034829)
(57, 188, -0.9962758789056455, -1.0174722703109544)
(57, 193, -0.9557189006664829, -0.9552891597019879)
(59, 137, -0.8311136683140207, -0.03904443938219191)
(60, 162, -0.8763917271686069, -0.8645875079614965)
(60, 163, -0.9003125123361553, -0.8923072805596843)
(60, 164, -0.9359286174544966, -0.970035160538743)
(60, 193, -0.9837833189621379, -0.9880445425212421)
(60, 221, -1.0429834095298032, 0.31734159557340685)
(60, 222, -0.9690933243275015, 0.2917331705421629)
(60, 223, -0.9590773198338687, 0.2650706342572419)
(61, 182, -1.1297696938206583, -1.1288444383187883)
(61, 183, -1.128073830016592, -1.0108567429615407)
(61, 184, -1.1168684150325126, -0.9421259934518919)
(61, 185, -1.079023434240762, -1.0275438221792206)
(61, 186, -1.0417630815214847, -0.9270665933100115)
(61, 188, -0.974178168314681, -1.0154280981745576)
(61, 219, -1.012251616816178, 0.13595999267922673)
(62, 182, -1.063652970187415, -1.1063124819011383)
(62, 183, -1.0648879026107059, -0.9897303170415667)
(62, 184, -1.0569192283040325, -0.9226946998290977)
(64, 137, -0.7963004678522828, -0.01884578879560281)
(64, 139, -0.875696735330915, -0.12651972902278247)
(64, 182, -1.025439934696178, -1.1045519282116945)
(64, 219, -0.9502011680450335, 0.0746707711481219)
(64, 221, -0.936344760366921, 0.2656134837793964)
(65, 182, -0.975552297726231, -1.0945716763232616)
(98, 160, 0.008304785006069416, -0.7915122322397379)
(139, 182, 0.06414589281045804, -0.9959038545602419)
(141, 173, 0.07119419205482751, -1.172038005280229)
(141, 178, 0.021120533345468387, -1.120198446999418)
(142, 173, 0.02332194905151397, -1.038837662725103)
(142, 178, -0.0265605861275866, -1.0086498823758168)
(143, 173, -0.06831487589261011, -0.7973097948495611)
(143, 174, -0.09577176718122553, -0.8888681507696459)
(143, 175, -0.09419894318842013, -0.9698360558097661)
(143, 176, -0.11786534981459298, -1.027515328574762)
(143, 177, -0.1357554246631833, -0.8025848081862463)
(143, 178, -0.11568271847668232, -0.782299134210788)
(173, 217, -0.6063263564515116, 0.12456738166349053)
(173, 218, -0.7232670285982989, 0.15856814150554582)
(175, 263, -2.0180103054226373, 0)
(175, 264, -2.017791810338668, 0)
(176, 256, -1.8292281899714236, 0.07371414406912338)
(176, 257, -1.8454766394348476, 0.04855866351024994)
(176, 258, -1.8616656304238295, 0.006842553444733787)
(176, 260, -1.8819946941318073, 0)
(176, 263, -1.890850905524312, 0)
(177, 256, -1.6673213892455683, 0.06270699228815524)
(177, 258, -1.6990750020676022, 0.004044877278206151)
(178, 252, -1.3183567059145198, 0.040752636644630684)
(178, 253, -1.5977081064185936, 0.06402001709158775)
(178, 254, -1.672403331297488, 0.06164085241955534)
(178, 256, -1.8176841914591169, 0.07588098660230637)
(179, 255, -1.869680936003981, 0.06578851007981347)
(179, 256, -1.8995235295630875, 0.07172560278675465)
(180, 256, -1.8996863355633453, 0.0621364022795451)
(180, 258, -1.9516065598600367, 0.0038122758011534213)
(182, 219, -0.9321108312288663, 0.09809312347492986)
(183, 219, -0.8943954148192834, 0.12212907703313484)
(211, 268, -1.875607377065035, 0)
(211, 269, -1.8861386536541553, 0)
(214, 265, -1.7687970355613867, 0)
(214, 268, -1.9413148881458975, 0)
(214, 271, -1.8715420051443006, 0)
(215, 252, -0.9390846232742397, 0.038441379441555804)
(215, 254, -1.301892854815796, 0.05366655974370166)
(216, 268, -1.606312592489691, 0)
NORMAL TERMINATION
