2024-07-29 21:46:51,084 Intializing entanglement feature analysis
2024-07-29 21:46:51,245 #######: ENT-ID: 1
2024-07-29 21:46:51,245 ['Chain E', "(26, 132, '+142')", '-0.02095', '0.91680', '3', '25-132;25-135;26-132']
2024-07-29 21:46:51,246 Gn: -0.02095 | Gc: 0.9168 | num_zipper_nc: 3 | ACO: 107.66666666666667 | RCO: 0.3223552894211577
2024-07-29 21:46:51,246 pdb_NC: [23, 24, 25, 26, 27, 28, 29, 129, 130, 131, 132, 133, 134, 135]
2024-07-29 21:46:51,246 pdb_NC_core: [26, 132]
2024-07-29 21:46:51,249 num_loop_contacting_res: 152
2024-07-29 21:46:51,249 pdb_crossing_res: [139, 140, 141, 142, 143, 144, 145]
2024-07-29 21:46:51,249 pdb_crossing_res_core: [142]
2024-07-29 21:46:51,250 num_cross_nearest_neighbors: 34
2024-07-29 21:46:51,250 N_term_thread: []
2024-07-29 21:46:51,250 C_term_thread: [142]
2024-07-29 21:46:51,250 ent_core: [129, 130, 131, 132, 133, 134, 135, 139, 140, 141, 142, 143, 144, 145, 23, 24, 25, 26, 27, 28, 29]
2024-07-29 21:46:51,257 DIST_check: 129, [989], [ 6.5528 11.7848 19.278 ], 125, 963, [ 6.8551 12.1835 18.8584], 0.6530017636233869
2024-07-29 21:46:51,257 DIST_check: 129, [989], [ 6.5528 11.7848 19.278 ], 126, 968, [ 6.6705 12.2692 19.1796], 0.5081140324119019
2024-07-29 21:46:51,258 DIST_check: 129, [989], [ 6.5528 11.7848 19.278 ], 127, 976, [ 6.3331 12.2404 19.0054], 0.5745877875673734
2024-07-29 21:46:51,258 DIST_check: 129, [989], [ 6.5528 11.7848 19.278 ], 128, 981, [ 6.4263 11.8782 18.9297], 0.38214925742756795
2024-07-29 21:46:51,259 DIST_check: 129, [989], [ 6.5528 11.7848 19.278 ], 130, 997, [ 6.2263 11.8163 19.4754], 0.3828341628021818
2024-07-29 21:46:51,259 DIST_check: 129, [989], [ 6.5528 11.7848 19.278 ], 131, 1006, [ 6.0792 11.5362 19.2636], 0.5350763160813086
2024-07-29 21:46:51,260 DIST_check: 129, [989], [ 6.5528 11.7848 19.278 ], 132, 1013, [ 6.3655 11.2951 19.3342], 0.5272999874674112
2024-07-29 21:46:51,260 DIST_check: 129, [989], [ 6.5528 11.7848 19.278 ], 133, 1021, [ 6.298  11.3744 19.7014], 0.64235442320637
2024-07-29 21:46:51,261 DIST_check: 129, [989], [ 6.5528 11.7848 19.278 ], 155, 1205, [ 7.1909 11.6757 19.2641], 0.6475083759356929
2024-07-29 21:46:51,262 DIST_check: 130, [997], [ 6.2263 11.8163 19.4754], 126, 968, [ 6.6705 12.2692 19.1796], 0.699950249388987
2024-07-29 21:46:51,263 DIST_check: 130, [997], [ 6.2263 11.8163 19.4754], 127, 976, [ 6.3331 12.2404 19.0054], 0.642003230836035
2024-07-29 21:46:51,263 DIST_check: 130, [997], [ 6.2263 11.8163 19.4754], 128, 981, [ 6.4263 11.8782 18.9297], 0.5844828427794598
2024-07-29 21:46:51,264 DIST_check: 130, [997], [ 6.2263 11.8163 19.4754], 129, 989, [ 6.5528 11.7848 19.278 ], 0.3828341628021818
2024-07-29 21:46:51,264 DIST_check: 130, [997], [ 6.2263 11.8163 19.4754], 131, 1006, [ 6.0792 11.5362 19.2636], 0.38072924774558864
2024-07-29 21:46:51,265 DIST_check: 130, [997], [ 6.2263 11.8163 19.4754], 132, 1013, [ 6.3655 11.2951 19.3342], 0.5576415104337468
2024-07-29 21:46:51,265 DIST_check: 130, [997], [ 6.2263 11.8163 19.4754], 133, 1021, [ 6.298  11.3744 19.7014], 0.5014904403689193
2024-07-29 21:46:51,266 DIST_check: 130, [997], [ 6.2263 11.8163 19.4754], 134, 1030, [ 5.9263 11.2962 19.6561], 0.6270218223010614
2024-07-29 21:46:51,267 DIST_check: 131, [1006], [ 6.0792 11.5362 19.2636], 97, 756, [ 5.7244 11.6585 18.7057], 0.672377878369185
2024-07-29 21:46:51,268 DIST_check: 131, [1006], [ 6.0792 11.5362 19.2636], 127, 976, [ 6.3331 12.2404 19.0054], 0.7918528938663332
2024-07-29 21:46:51,268 DIST_check: 131, [1006], [ 6.0792 11.5362 19.2636], 128, 981, [ 6.4263 11.8782 18.9297], 0.5907036753971783
2024-07-29 21:46:51,269 DIST_check: 131, [1006], [ 6.0792 11.5362 19.2636], 129, 989, [ 6.5528 11.7848 19.278 ], 0.5350763160813086
2024-07-29 21:46:51,269 DIST_check: 131, [1006], [ 6.0792 11.5362 19.2636], 130, 997, [ 6.2263 11.8163 19.4754], 0.38072924774558864
2024-07-29 21:46:51,270 DIST_check: 131, [1006], [ 6.0792 11.5362 19.2636], 132, 1013, [ 6.3655 11.2951 19.3342], 0.38089516485357156
2024-07-29 21:46:51,270 DIST_check: 131, [1006], [ 6.0792 11.5362 19.2636], 133, 1021, [ 6.298  11.3744 19.7014], 0.5154828389997154
2024-07-29 21:46:51,271 DIST_check: 131, [1006], [ 6.0792 11.5362 19.2636], 134, 1030, [ 5.9263 11.2962 19.6561], 0.48480347707949595
2024-07-29 21:46:51,271 DIST_check: 131, [1006], [ 6.0792 11.5362 19.2636], 135, 1039, [ 5.9587 10.9907 19.4212], 0.5804550600905429
2024-07-29 21:46:51,272 DIST_check: 131, [1006], [ 6.0792 11.5362 19.2636], 136, 1046, [ 5.6212 10.898  19.2604], 0.7855399129171946
2024-07-29 21:46:51,273 DIST_check: 132, [1013], [ 6.3655 11.2951 19.3342], 26, 221, [ 6.7626 10.8057 18.943 ], 0.7417798896194844
2024-07-29 21:46:51,274 DIST_check: 132, [1013], [ 6.3655 11.2951 19.3342], 128, 981, [ 6.4263 11.8782 18.9297], 0.712264700495441
2024-07-29 21:46:51,274 DIST_check: 132, [1013], [ 6.3655 11.2951 19.3342], 129, 989, [ 6.5528 11.7848 19.278 ], 0.5272999874674112
2024-07-29 21:46:51,275 DIST_check: 132, [1013], [ 6.3655 11.2951 19.3342], 130, 997, [ 6.2263 11.8163 19.4754], 0.5576415104337468
2024-07-29 21:46:51,275 DIST_check: 132, [1013], [ 6.3655 11.2951 19.3342], 131, 1006, [ 6.0792 11.5362 19.2636], 0.38089516485357156
2024-07-29 21:46:51,276 DIST_check: 132, [1013], [ 6.3655 11.2951 19.3342], 133, 1021, [ 6.298  11.3744 19.7014], 0.3816820786098136
2024-07-29 21:46:51,276 DIST_check: 132, [1013], [ 6.3655 11.2951 19.3342], 134, 1030, [ 5.9263 11.2962 19.6561], 0.544533759759478
2024-07-29 21:46:51,277 DIST_check: 132, [1013], [ 6.3655 11.2951 19.3342], 135, 1039, [ 5.9587 10.9907 19.4212], 0.5154752016574715
2024-07-29 21:46:51,277 DIST_check: 132, [1013], [ 6.3655 11.2951 19.3342], 158, 1230, [ 7.0481 11.1823 19.4677], 0.704619603727358
2024-07-29 21:46:51,278 DIST_check: 133, [1021], [ 6.298  11.3744 19.7014], 129, 989, [ 6.5528 11.7848 19.278 ], 0.64235442320637
2024-07-29 21:46:51,279 DIST_check: 133, [1021], [ 6.298  11.3744 19.7014], 130, 997, [ 6.2263 11.8163 19.4754], 0.5014904403689193
2024-07-29 21:46:51,279 DIST_check: 133, [1021], [ 6.298  11.3744 19.7014], 131, 1006, [ 6.0792 11.5362 19.2636], 0.5154828389997154
2024-07-29 21:46:51,280 DIST_check: 133, [1021], [ 6.298  11.3744 19.7014], 132, 1013, [ 6.3655 11.2951 19.3342], 0.3816820786098136
2024-07-29 21:46:51,280 DIST_check: 133, [1021], [ 6.298  11.3744 19.7014], 134, 1030, [ 5.9263 11.2962 19.6561], 0.38252877306408467
2024-07-29 21:46:51,281 DIST_check: 133, [1021], [ 6.298  11.3744 19.7014], 135, 1039, [ 5.9587 10.9907 19.4212], 0.583834585806695
2024-07-29 21:46:51,282 DIST_check: 134, [1030], [ 5.9263 11.2962 19.6561], 130, 997, [ 6.2263 11.8163 19.4754], 0.6270218223010614
2024-07-29 21:46:51,283 DIST_check: 134, [1030], [ 5.9263 11.2962 19.6561], 131, 1006, [ 6.0792 11.5362 19.2636], 0.48480347707949595
2024-07-29 21:46:51,283 DIST_check: 134, [1030], [ 5.9263 11.2962 19.6561], 132, 1013, [ 6.3655 11.2951 19.3342], 0.544533759759478
2024-07-29 21:46:51,284 DIST_check: 134, [1030], [ 5.9263 11.2962 19.6561], 133, 1021, [ 6.298  11.3744 19.7014], 0.38252877306408467
2024-07-29 21:46:51,284 DIST_check: 134, [1030], [ 5.9263 11.2962 19.6561], 135, 1039, [ 5.9587 10.9907 19.4212], 0.3867270640342128
2024-07-29 21:46:51,285 DIST_check: 134, [1030], [ 5.9263 11.2962 19.6561], 136, 1046, [ 5.6212 10.898  19.2604], 0.6389261275410458
2024-07-29 21:46:51,286 DIST_check: 135, [1039], [ 5.9587 10.9907 19.4212], 25, 211, [ 6.5047 10.5501 19.0672], 0.7858498182605004
2024-07-29 21:46:51,286 DIST_check: 135, [1039], [ 5.9587 10.9907 19.4212], 131, 1006, [ 6.0792 11.5362 19.2636], 0.5804550600905429
2024-07-29 21:46:51,287 DIST_check: 135, [1039], [ 5.9587 10.9907 19.4212], 132, 1013, [ 6.3655 11.2951 19.3342], 0.5154752016574715
2024-07-29 21:46:51,288 DIST_check: 135, [1039], [ 5.9587 10.9907 19.4212], 133, 1021, [ 6.298  11.3744 19.7014], 0.583834585806695
2024-07-29 21:46:51,288 DIST_check: 135, [1039], [ 5.9587 10.9907 19.4212], 134, 1030, [ 5.9263 11.2962 19.6561], 0.3867270640342128
2024-07-29 21:46:51,289 DIST_check: 135, [1039], [ 5.9587 10.9907 19.4212], 136, 1046, [ 5.6212 10.898  19.2604], 0.38517000420802805
2024-07-29 21:46:51,289 DIST_check: 135, [1039], [ 5.9587 10.9907 19.4212], 137, 1053, [ 5.5972 10.5219 19.3316], 0.5987349888608673
2024-07-29 21:46:51,290 DIST_check: 135, [1039], [ 5.9587 10.9907 19.4212], 139, 1067, [ 5.8917 10.5681 18.8407], 0.7211514953798873
2024-07-29 21:46:51,291 DIST_check: 139, [1067], [ 5.8917 10.5681 18.8407], 25, 211, [ 6.5047 10.5501 19.0672], 0.6537549377433607
2024-07-29 21:46:51,291 DIST_check: 139, [1067], [ 5.8917 10.5681 18.8407], 109, 848, [ 5.6527 10.198  18.5282], 0.5401399828303454
2024-07-29 21:46:51,292 DIST_check: 139, [1067], [ 5.8917 10.5681 18.8407], 110, 853, [ 5.7196 10.5545 18.4039], 0.4696780611785919
2024-07-29 21:46:51,292 DIST_check: 139, [1067], [ 5.8917 10.5681 18.8407], 111, 862, [ 6.0627 10.6589 18.2688], 0.6037835977627793
2024-07-29 21:46:51,293 DIST_check: 139, [1067], [ 5.8917 10.5681 18.8407], 135, 1039, [ 5.9587 10.9907 19.4212], 0.7211514953798873
2024-07-29 21:46:51,294 DIST_check: 139, [1067], [ 5.8917 10.5681 18.8407], 136, 1046, [ 5.6212 10.898  19.2604], 0.5984584979141386
2024-07-29 21:46:51,294 DIST_check: 139, [1067], [ 5.8917 10.5681 18.8407], 137, 1053, [ 5.5972 10.5219 19.3316], 0.574323468259615
2024-07-29 21:46:51,295 DIST_check: 139, [1067], [ 5.8917 10.5681 18.8407], 138, 1058, [ 5.7591 10.2921 19.0714], 0.3833810181747097
2024-07-29 21:46:51,295 DIST_check: 139, [1067], [ 5.8917 10.5681 18.8407], 140, 1074, [ 6.2386 10.5716 18.6795], 0.38254039216461005
2024-07-29 21:46:51,296 DIST_check: 139, [1067], [ 5.8917 10.5681 18.8407], 141, 1088, [ 6.4936 10.8373 18.5863], 0.7067333550187123
2024-07-29 21:46:51,297 DIST_check: 140, [1074], [ 6.2386 10.5716 18.6795], 24, 201, [ 6.7864 10.3137 19.1689], 0.7785298847312203
2024-07-29 21:46:51,297 DIST_check: 140, [1074], [ 6.2386 10.5716 18.6795], 25, 211, [ 6.5047 10.5501 19.0672], 0.4707252637156196
2024-07-29 21:46:51,298 DIST_check: 140, [1074], [ 6.2386 10.5716 18.6795], 26, 221, [ 6.7626 10.8057 18.943 ], 0.6315152480440623
2024-07-29 21:46:51,298 DIST_check: 140, [1074], [ 6.2386 10.5716 18.6795], 109, 848, [ 5.6527 10.198  18.5282], 0.7111591913236546
2024-07-29 21:46:51,299 DIST_check: 140, [1074], [ 6.2386 10.5716 18.6795], 110, 853, [ 5.7196 10.5545 18.4039], 0.5878848363153465
2024-07-29 21:46:51,299 DIST_check: 140, [1074], [ 6.2386 10.5716 18.6795], 111, 862, [ 6.0627 10.6589 18.2688], 0.45523236755408264
2024-07-29 21:46:51,300 DIST_check: 140, [1074], [ 6.2386 10.5716 18.6795], 112, 869, [ 6.2507 10.9849 18.2119], 0.6241901694602228
2024-07-29 21:46:51,300 DIST_check: 140, [1074], [ 6.2386 10.5716 18.6795], 138, 1058, [ 5.7591 10.2921 19.0714], 0.6794300848600427
2024-07-29 21:46:51,301 DIST_check: 140, [1074], [ 6.2386 10.5716 18.6795], 139, 1067, [ 5.8917 10.5681 18.8407], 0.38254039216461005
2024-07-29 21:46:51,301 DIST_check: 140, [1074], [ 6.2386 10.5716 18.6795], 141, 1088, [ 6.4936 10.8373 18.5863], 0.37987905523646165
2024-07-29 21:46:51,302 DIST_check: 140, [1074], [ 6.2386 10.5716 18.6795], 142, 1099, [ 6.7983 10.8465 18.3622], 0.699652877549521
2024-07-29 21:46:51,303 DIST_check: 141, [1088], [ 6.4936 10.8373 18.5863], 25, 211, [ 6.5047 10.5501 19.0672], 0.5602425096384488
2024-07-29 21:46:51,304 DIST_check: 141, [1088], [ 6.4936 10.8373 18.5863], 26, 221, [ 6.7626 10.8057 18.943 ], 0.4478784642189609
2024-07-29 21:46:51,304 DIST_check: 141, [1088], [ 6.4936 10.8373 18.5863], 27, 226, [ 7.0588 10.7078 18.7274], 0.5967670841083061
2024-07-29 21:46:51,305 DIST_check: 141, [1088], [ 6.4936 10.8373 18.5863], 111, 862, [ 6.0627 10.6589 18.2688], 0.5641871894552691
2024-07-29 21:46:51,305 DIST_check: 141, [1088], [ 6.4936 10.8373 18.5863], 112, 869, [ 6.2507 10.9849 18.2119], 0.47006480411355844
2024-07-29 21:46:51,306 DIST_check: 141, [1088], [ 6.4936 10.8373 18.5863], 113, 876, [ 6.574  11.061  18.0239], 0.6105737759125862
2024-07-29 21:46:51,306 DIST_check: 141, [1088], [ 6.4936 10.8373 18.5863], 139, 1067, [ 5.8917 10.5681 18.8407], 0.7067333550187123
2024-07-29 21:46:51,307 DIST_check: 141, [1088], [ 6.4936 10.8373 18.5863], 140, 1074, [ 6.2386 10.5716 18.6795], 0.37987905523646165
2024-07-29 21:46:51,307 DIST_check: 141, [1088], [ 6.4936 10.8373 18.5863], 142, 1099, [ 6.7983 10.8465 18.3622], 0.3783484241754169
2024-07-29 21:46:51,308 DIST_check: 141, [1088], [ 6.4936 10.8373 18.5863], 143, 1110, [ 7.0428 11.1335 18.3745], 0.6589492424098026
2024-07-29 21:46:51,309 DIST_check: 142, [1099], [ 6.7983 10.8465 18.3622], 26, 221, [ 6.7626 10.8057 18.943 ], 0.5833257580265506
2024-07-29 21:46:51,309 DIST_check: 142, [1099], [ 6.7983 10.8465 18.3622], 27, 226, [ 7.0588 10.7078 18.7274], 0.4695416599108231
2024-07-29 21:46:51,310 DIST_check: 142, [1099], [ 6.7983 10.8465 18.3622], 28, 234, [ 7.3421 10.9329 18.6095], 0.6036071780937386
2024-07-29 21:46:51,310 DIST_check: 142, [1099], [ 6.7983 10.8465 18.3622], 29, 242, [ 7.5595 10.7738 18.342 ], 0.7649310582264696
2024-07-29 21:46:51,311 DIST_check: 142, [1099], [ 6.7983 10.8465 18.3622], 41, 324, [ 6.9612 10.4462 17.8223], 0.6915695835159165
2024-07-29 21:46:51,311 DIST_check: 142, [1099], [ 6.7983 10.8465 18.3622], 111, 862, [ 6.0627 10.6589 18.2688], 0.764868972593287
2024-07-29 21:46:51,312 DIST_check: 142, [1099], [ 6.7983 10.8465 18.3622], 112, 869, [ 6.2507 10.9849 18.2119], 0.5844740587819902
2024-07-29 21:46:51,312 DIST_check: 142, [1099], [ 6.7983 10.8465 18.3622], 113, 876, [ 6.574  11.061  18.0239], 0.4590945869028848
2024-07-29 21:46:51,313 DIST_check: 142, [1099], [ 6.7983 10.8465 18.3622], 114, 890, [ 6.8024 11.3627 17.9923], 0.6350631033641736
2024-07-29 21:46:51,314 DIST_check: 142, [1099], [ 6.7983 10.8465 18.3622], 140, 1074, [ 6.2386 10.5716 18.6795], 0.699652877549521
2024-07-29 21:46:51,314 DIST_check: 142, [1099], [ 6.7983 10.8465 18.3622], 141, 1088, [ 6.4936 10.8373 18.5863], 0.3783484241754169
2024-07-29 21:46:51,315 DIST_check: 142, [1099], [ 6.7983 10.8465 18.3622], 143, 1110, [ 7.0428 11.1335 18.3745], 0.37722733151479637
2024-07-29 21:46:51,315 DIST_check: 142, [1099], [ 6.7983 10.8465 18.3622], 144, 1118, [ 7.343  11.1297 18.1456], 0.6510113971521664
2024-07-29 21:46:51,316 DIST_check: 143, [1110], [ 7.0428 11.1335 18.3745], 26, 221, [ 6.7626 10.8057 18.943 ], 0.7135527936958691
2024-07-29 21:46:51,317 DIST_check: 143, [1110], [ 7.0428 11.1335 18.3745], 27, 226, [ 7.0588 10.7078 18.7274], 0.5531860011179697
2024-07-29 21:46:51,317 DIST_check: 143, [1110], [ 7.0428 11.1335 18.3745], 28, 234, [ 7.3421 10.9329 18.6095], 0.4301698741601731
2024-07-29 21:46:51,318 DIST_check: 143, [1110], [ 7.0428 11.1335 18.3745], 29, 242, [ 7.5595 10.7738 18.342 ], 0.6304123508305477
2024-07-29 21:46:51,318 DIST_check: 143, [1110], [ 7.0428 11.1335 18.3745], 113, 876, [ 6.574  11.061  18.0239], 0.5898737031702598
2024-07-29 21:46:51,319 DIST_check: 143, [1110], [ 7.0428 11.1335 18.3745], 114, 890, [ 6.8024 11.3627 17.9923], 0.5063614446497481
2024-07-29 21:46:51,319 DIST_check: 143, [1110], [ 7.0428 11.1335 18.3745], 115, 897, [ 7.0297 11.4335 17.6961], 0.741888362307283
2024-07-29 21:46:51,320 DIST_check: 143, [1110], [ 7.0428 11.1335 18.3745], 116, 904, [ 7.2969 11.6024 17.9087], 0.7080979472612416
2024-07-29 21:46:51,320 DIST_check: 143, [1110], [ 7.0428 11.1335 18.3745], 117, 912, [ 7.2316 11.7322 18.2594], 0.6382278349362749
2024-07-29 21:46:51,321 DIST_check: 143, [1110], [ 7.0428 11.1335 18.3745], 141, 1088, [ 6.4936 10.8373 18.5863], 0.6589492424098026
2024-07-29 21:46:51,321 DIST_check: 143, [1110], [ 7.0428 11.1335 18.3745], 142, 1099, [ 6.7983 10.8465 18.3622], 0.37722733151479637
2024-07-29 21:46:51,322 DIST_check: 143, [1110], [ 7.0428 11.1335 18.3745], 144, 1118, [ 7.343  11.1297 18.1456], 0.37753158889323174
2024-07-29 21:46:51,322 DIST_check: 143, [1110], [ 7.0428 11.1335 18.3745], 145, 1123, [ 7.6492 11.3503 18.1288], 0.6892691797621293
2024-07-29 21:46:51,324 DIST_check: 144, [1118], [ 7.343  11.1297 18.1456], 27, 226, [ 7.0588 10.7078 18.7274], 0.7728264303764285
2024-07-29 21:46:51,324 DIST_check: 144, [1118], [ 7.343  11.1297 18.1456], 28, 234, [ 7.3421 10.9329 18.6095], 0.5039200190490793
2024-07-29 21:46:51,325 DIST_check: 144, [1118], [ 7.343  11.1297 18.1456], 29, 242, [ 7.5595 10.7738 18.342 ], 0.46055388966035155
2024-07-29 21:46:51,325 DIST_check: 144, [1118], [ 7.343  11.1297 18.1456], 30, 250, [ 7.8933 10.9283 18.2647], 0.5979774662647781
2024-07-29 21:46:51,326 DIST_check: 144, [1118], [ 7.343  11.1297 18.1456], 31, 259, [ 8.0597 10.8415 17.9385], 0.7997551397039331
2024-07-29 21:46:51,326 DIST_check: 144, [1118], [ 7.343  11.1297 18.1456], 37, 295, [ 7.5841 10.6325 17.6024], 0.7748565813600787
2024-07-29 21:46:51,327 DIST_check: 144, [1118], [ 7.343  11.1297 18.1456], 113, 876, [ 6.574  11.061  18.0239], 0.7815956176489252
2024-07-29 21:46:51,327 DIST_check: 144, [1118], [ 7.343  11.1297 18.1456], 114, 890, [ 6.8024 11.3627 17.9923], 0.6083076571024937
2024-07-29 21:46:51,328 DIST_check: 144, [1118], [ 7.343  11.1297 18.1456], 115, 897, [ 7.0297 11.4335 17.6961], 0.6264991902935156
2024-07-29 21:46:51,328 DIST_check: 144, [1118], [ 7.343  11.1297 18.1456], 116, 904, [ 7.2969 11.6024 17.9087], 0.5307461614117642
2024-07-29 21:46:51,329 DIST_check: 144, [1118], [ 7.343  11.1297 18.1456], 117, 912, [ 7.2316 11.7322 18.2594], 0.6231906959617941
2024-07-29 21:46:51,329 DIST_check: 144, [1118], [ 7.343  11.1297 18.1456], 142, 1099, [ 6.7983 10.8465 18.3622], 0.6510113971521664
2024-07-29 21:46:51,330 DIST_check: 144, [1118], [ 7.343  11.1297 18.1456], 143, 1110, [ 7.0428 11.1335 18.3745], 0.37753158889323174
2024-07-29 21:46:51,330 DIST_check: 144, [1118], [ 7.343  11.1297 18.1456], 145, 1123, [ 7.6492 11.3503 18.1288], 0.37776330010927
2024-07-29 21:46:51,331 DIST_check: 144, [1118], [ 7.343  11.1297 18.1456], 146, 1130, [ 7.9997 11.3564 17.9898], 0.7119841831345389
2024-07-29 21:46:51,332 DIST_check: 145, [1123], [ 7.6492 11.3503 18.1288], 28, 234, [ 7.3421 10.9329 18.6095], 0.7068284403815884
2024-07-29 21:46:51,333 DIST_check: 145, [1123], [ 7.6492 11.3503 18.1288], 29, 242, [ 7.5595 10.7738 18.342 ], 0.6211701054877751
2024-07-29 21:46:51,333 DIST_check: 145, [1123], [ 7.6492 11.3503 18.1288], 30, 250, [ 7.8933 10.9283 18.2647], 0.5061005266388025
2024-07-29 21:46:51,334 DIST_check: 145, [1123], [ 7.6492 11.3503 18.1288], 31, 259, [ 8.0597 10.8415 17.9385], 0.6808827807466558
2024-07-29 21:46:51,334 DIST_check: 145, [1123], [ 7.6492 11.3503 18.1288], 115, 897, [ 7.0297 11.4335 17.6961], 0.760217971949782
2024-07-29 21:46:51,335 DIST_check: 145, [1123], [ 7.6492 11.3503 18.1288], 116, 904, [ 7.2969 11.6024 17.9087], 0.4859147670375928
2024-07-29 21:46:51,335 DIST_check: 145, [1123], [ 7.6492 11.3503 18.1288], 117, 912, [ 7.2316 11.7322 18.2594], 0.5807699423526487
2024-07-29 21:46:51,336 DIST_check: 145, [1123], [ 7.6492 11.3503 18.1288], 118, 917, [ 7.539  11.9556 18.2496], 0.6269965690966774
2024-07-29 21:46:51,336 DIST_check: 145, [1123], [ 7.6492 11.3503 18.1288], 143, 1110, [ 7.0428 11.1335 18.3745], 0.6892691797621293
2024-07-29 21:46:51,337 DIST_check: 145, [1123], [ 7.6492 11.3503 18.1288], 144, 1118, [ 7.343  11.1297 18.1456], 0.37776330010927
2024-07-29 21:46:51,337 DIST_check: 145, [1123], [ 7.6492 11.3503 18.1288], 146, 1130, [ 7.9997 11.3564 17.9898], 0.3771054418309651
2024-07-29 21:46:51,338 DIST_check: 145, [1123], [ 7.6492 11.3503 18.1288], 147, 1141, [ 8.1177 11.5625 18.2883], 0.5384803903212286
2024-07-29 21:46:51,338 DIST_check: 145, [1123], [ 7.6492 11.3503 18.1288], 148, 1150, [ 7.9475 11.485  18.6193], 0.5896767910449957
2024-07-29 21:46:51,339 DIST_check: 23, [197], [ 6.6963  9.9499 19.1119], 14, 130, [ 7.1465  9.7365 18.5369], 0.7608189679586111
2024-07-29 21:46:51,340 DIST_check: 23, [197], [ 6.6963  9.9499 19.1119], 17, 150, [ 6.875   9.5354 18.9822], 0.4696438531930352
2024-07-29 21:46:51,340 DIST_check: 23, [197], [ 6.6963  9.9499 19.1119], 18, 156, [ 6.545   9.6238 18.8086], 0.4703444503912952
2024-07-29 21:46:51,341 DIST_check: 23, [197], [ 6.6963  9.9499 19.1119], 19, 168, [ 6.4443  9.2584 18.8421], 0.7838800395700205
2024-07-29 21:46:51,341 DIST_check: 23, [197], [ 6.6963  9.9499 19.1119], 20, 177, [ 6.5511  9.2077 19.2065], 0.7621631904598697
2024-07-29 21:46:51,342 DIST_check: 23, [197], [ 6.6963  9.9499 19.1119], 21, 182, [ 6.4224  9.5466 19.3318], 0.5348155253803912
2024-07-29 21:46:51,342 DIST_check: 23, [197], [ 6.6963  9.9499 19.1119], 22, 186, [ 6.7678  9.7044 19.3962], 0.3823724477956177
2024-07-29 21:46:51,343 DIST_check: 23, [197], [ 6.6963  9.9499 19.1119], 24, 201, [ 6.7864 10.3137 19.1689], 0.37910072687338964
2024-07-29 21:46:51,343 DIST_check: 23, [197], [ 6.6963  9.9499 19.1119], 25, 211, [ 6.5047 10.5501 19.0672], 0.6316244695654344
2024-07-29 21:46:51,345 DIST_check: 24, [201], [ 6.7864 10.3137 19.1689], 22, 186, [ 6.7678  9.7044 19.3962], 0.6505825217374444
2024-07-29 21:46:51,345 DIST_check: 24, [201], [ 6.7864 10.3137 19.1689], 23, 197, [ 6.6963  9.9499 19.1119], 0.37910072687338964
2024-07-29 21:46:51,346 DIST_check: 24, [201], [ 6.7864 10.3137 19.1689], 25, 211, [ 6.5047 10.5501 19.0672], 0.38155313906459554
2024-07-29 21:46:51,346 DIST_check: 24, [201], [ 6.7864 10.3137 19.1689], 26, 221, [ 6.7626 10.8057 18.943 ], 0.5419052016363394
2024-07-29 21:46:51,347 DIST_check: 24, [201], [ 6.7864 10.3137 19.1689], 27, 226, [ 7.0588 10.7078 18.7274], 0.6514897694636806
2024-07-29 21:46:51,347 DIST_check: 24, [201], [ 6.7864 10.3137 19.1689], 140, 1074, [ 6.2386 10.5716 18.6795], 0.7785298847312203
2024-07-29 21:46:51,348 DIST_check: 24, [201], [ 6.7864 10.3137 19.1689], 159, 1241, [ 7.1397 10.9705 19.1667], 0.7457964789318974
2024-07-29 21:46:51,348 DIST_check: 24, [201], [ 6.7864 10.3137 19.1689], 160, 1247, [ 7.3566 10.6664 19.1286], 0.6716766902034093
2024-07-29 21:46:51,349 DIST_check: 25, [211], [ 6.5047 10.5501 19.0672], 23, 197, [ 6.6963  9.9499 19.1119], 0.6316244695654344
2024-07-29 21:46:51,350 DIST_check: 25, [211], [ 6.5047 10.5501 19.0672], 24, 201, [ 6.7864 10.3137 19.1689], 0.38155313906459554
2024-07-29 21:46:51,350 DIST_check: 25, [211], [ 6.5047 10.5501 19.0672], 26, 221, [ 6.7626 10.8057 18.943 ], 0.38375643900726925
2024-07-29 21:46:51,351 DIST_check: 25, [211], [ 6.5047 10.5501 19.0672], 27, 226, [ 7.0588 10.7078 18.7274], 0.6688497355874141
2024-07-29 21:46:51,352 DIST_check: 25, [211], [ 6.5047 10.5501 19.0672], 135, 1039, [ 5.9587 10.9907 19.4212], 0.7858498182605004
2024-07-29 21:46:51,352 DIST_check: 25, [211], [ 6.5047 10.5501 19.0672], 138, 1058, [ 5.7591 10.2921 19.0714], 0.7889876590243471
2024-07-29 21:46:51,353 DIST_check: 25, [211], [ 6.5047 10.5501 19.0672], 139, 1067, [ 5.8917 10.5681 18.8407], 0.6537549377433607
2024-07-29 21:46:51,353 DIST_check: 25, [211], [ 6.5047 10.5501 19.0672], 140, 1074, [ 6.2386 10.5716 18.6795], 0.4707252637156196
2024-07-29 21:46:51,354 DIST_check: 25, [211], [ 6.5047 10.5501 19.0672], 141, 1088, [ 6.4936 10.8373 18.5863], 0.5602425096384488
2024-07-29 21:46:51,354 DIST_check: 25, [211], [ 6.5047 10.5501 19.0672], 159, 1241, [ 7.1397 10.9705 19.1667], 0.7680240521616395
2024-07-29 21:46:51,355 DIST_check: 26, [221], [ 6.7626 10.8057 18.943 ], 24, 201, [ 6.7864 10.3137 19.1689], 0.5419052016363394
2024-07-29 21:46:51,356 DIST_check: 26, [221], [ 6.7626 10.8057 18.943 ], 25, 211, [ 6.5047 10.5501 19.0672], 0.38375643900726925
2024-07-29 21:46:51,356 DIST_check: 26, [221], [ 6.7626 10.8057 18.943 ], 27, 226, [ 7.0588 10.7078 18.7274], 0.37921348445304565
2024-07-29 21:46:51,357 DIST_check: 26, [221], [ 6.7626 10.8057 18.943 ], 28, 234, [ 7.3421 10.9329 18.6095], 0.6806045408736288
2024-07-29 21:46:51,357 DIST_check: 26, [221], [ 6.7626 10.8057 18.943 ], 132, 1013, [ 6.3655 11.2951 19.3342], 0.7417798896194844
2024-07-29 21:46:51,358 DIST_check: 26, [221], [ 6.7626 10.8057 18.943 ], 140, 1074, [ 6.2386 10.5716 18.6795], 0.6315152480440623
2024-07-29 21:46:51,358 DIST_check: 26, [221], [ 6.7626 10.8057 18.943 ], 141, 1088, [ 6.4936 10.8373 18.5863], 0.4478784642189609
2024-07-29 21:46:51,359 DIST_check: 26, [221], [ 6.7626 10.8057 18.943 ], 142, 1099, [ 6.7983 10.8465 18.3622], 0.5833257580265506
2024-07-29 21:46:51,359 DIST_check: 26, [221], [ 6.7626 10.8057 18.943 ], 143, 1110, [ 7.0428 11.1335 18.3745], 0.7135527936958691
2024-07-29 21:46:51,360 DIST_check: 26, [221], [ 6.7626 10.8057 18.943 ], 158, 1230, [ 7.0481 11.1823 19.4677], 0.706148413121107
2024-07-29 21:46:51,360 DIST_check: 26, [221], [ 6.7626 10.8057 18.943 ], 159, 1241, [ 7.1397 10.9705 19.1667], 0.4684067020073353
2024-07-29 21:46:51,361 DIST_check: 26, [221], [ 6.7626 10.8057 18.943 ], 160, 1247, [ 7.3566 10.6664 19.1286], 0.6377202988510625
2024-07-29 21:46:51,362 DIST_check: 27, [226], [ 7.0588 10.7078 18.7274], 24, 201, [ 6.7864 10.3137 19.1689], 0.6514897694636806
2024-07-29 21:46:51,363 DIST_check: 27, [226], [ 7.0588 10.7078 18.7274], 25, 211, [ 6.5047 10.5501 19.0672], 0.6688497355874141
2024-07-29 21:46:51,363 DIST_check: 27, [226], [ 7.0588 10.7078 18.7274], 26, 221, [ 6.7626 10.8057 18.943 ], 0.37921348445304565
2024-07-29 21:46:51,364 DIST_check: 27, [226], [ 7.0588 10.7078 18.7274], 28, 234, [ 7.3421 10.9329 18.6095], 0.38056438287691474
2024-07-29 21:46:51,364 DIST_check: 27, [226], [ 7.0588 10.7078 18.7274], 29, 242, [ 7.5595 10.7738 18.342 ], 0.6352875255040202
2024-07-29 21:46:51,365 DIST_check: 27, [226], [ 7.0588 10.7078 18.7274], 141, 1088, [ 6.4936 10.8373 18.5863], 0.5967670841083061
2024-07-29 21:46:51,365 DIST_check: 27, [226], [ 7.0588 10.7078 18.7274], 142, 1099, [ 6.7983 10.8465 18.3622], 0.4695416599108231
2024-07-29 21:46:51,366 DIST_check: 27, [226], [ 7.0588 10.7078 18.7274], 143, 1110, [ 7.0428 11.1335 18.3745], 0.5531860011179697
2024-07-29 21:46:51,366 DIST_check: 27, [226], [ 7.0588 10.7078 18.7274], 144, 1118, [ 7.343  11.1297 18.1456], 0.7728264303764285
2024-07-29 21:46:51,367 DIST_check: 27, [226], [ 7.0588 10.7078 18.7274], 159, 1241, [ 7.1397 10.9705 19.1667], 0.5182094734276266
2024-07-29 21:46:51,367 DIST_check: 27, [226], [ 7.0588 10.7078 18.7274], 160, 1247, [ 7.3566 10.6664 19.1286], 0.5013576184489867
2024-07-29 21:46:51,368 DIST_check: 27, [226], [ 7.0588 10.7078 18.7274], 161, 1258, [ 7.6601 10.7463 18.9154], 0.6311794819689281
2024-07-29 21:46:51,368 DIST_check: 27, [226], [ 7.0588 10.7078 18.7274], 162, 1266, [ 7.7609 10.4618 18.6811], 0.7453884004789764
2024-07-29 21:46:51,370 DIST_check: 28, [234], [ 7.3421 10.9329 18.6095], 26, 221, [ 6.7626 10.8057 18.943 ], 0.6806045408736288
2024-07-29 21:46:51,370 DIST_check: 28, [234], [ 7.3421 10.9329 18.6095], 27, 226, [ 7.0588 10.7078 18.7274], 0.38056438287691474
2024-07-29 21:46:51,371 DIST_check: 28, [234], [ 7.3421 10.9329 18.6095], 29, 242, [ 7.5595 10.7738 18.342 ], 0.3796485233040265
2024-07-29 21:46:51,371 DIST_check: 28, [234], [ 7.3421 10.9329 18.6095], 30, 250, [ 7.8933 10.9283 18.2647], 0.6501770554595172
2024-07-29 21:46:51,372 DIST_check: 28, [234], [ 7.3421 10.9329 18.6095], 142, 1099, [ 6.7983 10.8465 18.3622], 0.6036071780937386
2024-07-29 21:46:51,372 DIST_check: 28, [234], [ 7.3421 10.9329 18.6095], 143, 1110, [ 7.0428 11.1335 18.3745], 0.4301698741601731
2024-07-29 21:46:51,373 DIST_check: 28, [234], [ 7.3421 10.9329 18.6095], 144, 1118, [ 7.343  11.1297 18.1456], 0.5039200190490793
2024-07-29 21:46:51,373 DIST_check: 28, [234], [ 7.3421 10.9329 18.6095], 145, 1123, [ 7.6492 11.3503 18.1288], 0.7068284403815884
2024-07-29 21:46:51,374 DIST_check: 28, [234], [ 7.3421 10.9329 18.6095], 156, 1213, [ 7.4576 11.4172 19.1779], 0.7556218071879817
2024-07-29 21:46:51,374 DIST_check: 28, [234], [ 7.3421 10.9329 18.6095], 159, 1241, [ 7.1397 10.9705 19.1667], 0.5940124827280453
2024-07-29 21:46:51,375 DIST_check: 28, [234], [ 7.3421 10.9329 18.6095], 160, 1247, [ 7.3566 10.6664 19.1286], 0.5836915012372287
2024-07-29 21:46:51,375 DIST_check: 28, [234], [ 7.3421 10.9329 18.6095], 161, 1258, [ 7.6601 10.7463 18.9154], 0.4790800641679144
2024-07-29 21:46:51,376 DIST_check: 28, [234], [ 7.3421 10.9329 18.6095], 162, 1266, [ 7.7609 10.4618 18.6811], 0.6343940904270364
2024-07-29 21:46:51,377 DIST_check: 29, [242], [ 7.5595 10.7738 18.342 ], 27, 226, [ 7.0588 10.7078 18.7274], 0.6352875255040202
2024-07-29 21:46:51,377 DIST_check: 29, [242], [ 7.5595 10.7738 18.342 ], 28, 234, [ 7.3421 10.9329 18.6095], 0.3796485233040265
2024-07-29 21:46:51,378 DIST_check: 29, [242], [ 7.5595 10.7738 18.342 ], 30, 250, [ 7.8933 10.9283 18.2647], 0.3758560077172916
2024-07-29 21:46:51,378 DIST_check: 29, [242], [ 7.5595 10.7738 18.342 ], 31, 259, [ 8.0597 10.8415 17.9385], 0.6462159908253928
2024-07-29 21:46:51,379 DIST_check: 29, [242], [ 7.5595 10.7738 18.342 ], 37, 295, [ 7.5841 10.6325 17.6024], 0.7533776627990023
2024-07-29 21:46:51,379 DIST_check: 29, [242], [ 7.5595 10.7738 18.342 ], 142, 1099, [ 6.7983 10.8465 18.3622], 0.7649310582264696
2024-07-29 21:46:51,380 DIST_check: 29, [242], [ 7.5595 10.7738 18.342 ], 143, 1110, [ 7.0428 11.1335 18.3745], 0.6304123508305477
2024-07-29 21:46:51,380 DIST_check: 29, [242], [ 7.5595 10.7738 18.342 ], 144, 1118, [ 7.343  11.1297 18.1456], 0.46055388966035155
2024-07-29 21:46:51,381 DIST_check: 29, [242], [ 7.5595 10.7738 18.342 ], 145, 1123, [ 7.6492 11.3503 18.1288], 0.6211701054877751
2024-07-29 21:46:51,382 DIST_check: 29, [242], [ 7.5595 10.7738 18.342 ], 161, 1258, [ 7.6601 10.7463 18.9154], 0.5828076026677375
2024-07-29 21:46:51,382 DIST_check: 29, [242], [ 7.5595 10.7738 18.342 ], 162, 1266, [ 7.7609 10.4618 18.6811], 0.5028877379880167
2024-07-29 21:46:51,383 DIST_check: 29, [242], [ 7.5595 10.7738 18.342 ], 163, 1276, [ 8.085  10.468  18.4868], 0.6250043840213896
2024-07-29 21:46:51,383 DIST_check: 29, [242], [ 7.5595 10.7738 18.342 ], 164, 1288, [ 8.0549 10.3583 18.1276], 0.681196138033392
2024-07-29 21:46:51,383 ent_res: {14, 17, 18, 19, 20, 21, 22, 23, 24, 25, 26, 27, 28, 29, 30, 31, 37, 41, 97, 109, 110, 111, 112, 113, 114, 115, 116, 117, 118, 125, 126, 127, 128, 129, 130, 131, 132, 133, 134, 135, 136, 137, 138, 139, 140, 141, 142, 143, 144, 145, 146, 147, 148, 155, 156, 158, 159, 160, 161, 162, 163, 164} 62
2024-07-29 21:46:51,385 #######: ENT-ID: 2
2024-07-29 21:46:51,385 ['Chain E', "(40, 164, '+28')", '0.62769', '0.05413', '2', '40-164;37-164']
2024-07-29 21:46:51,385 Gn: 0.62769 | Gc: 0.05413 | num_zipper_nc: 2 | ACO: 125.5 | RCO: 0.37574850299401197
2024-07-29 21:46:51,385 pdb_NC: [37, 38, 39, 40, 41, 42, 43, 161, 162, 163, 164, 165, 166, 167]
2024-07-29 21:46:51,385 pdb_NC_core: [40, 164]
2024-07-29 21:46:51,388 num_loop_contacting_res: 149
2024-07-29 21:46:51,388 pdb_crossing_res: [25, 26, 27, 28, 29, 30, 31]
2024-07-29 21:46:51,388 pdb_crossing_res_core: [28]
2024-07-29 21:46:51,389 num_cross_nearest_neighbors: 35
2024-07-29 21:46:51,389 N_term_thread: [28]
2024-07-29 21:46:51,389 C_term_thread: []
2024-07-29 21:46:51,389 ent_core: [25, 26, 27, 28, 29, 30, 31, 161, 162, 163, 164, 37, 38, 39, 40, 41, 42, 43, 165, 166, 167]
2024-07-29 21:46:51,395 DIST_check: 25, [211], [ 6.5047 10.5501 19.0672], 23, 197, [ 6.6963  9.9499 19.1119], 0.6316244695654344
2024-07-29 21:46:51,396 DIST_check: 25, [211], [ 6.5047 10.5501 19.0672], 24, 201, [ 6.7864 10.3137 19.1689], 0.38155313906459554
2024-07-29 21:46:51,396 DIST_check: 25, [211], [ 6.5047 10.5501 19.0672], 26, 221, [ 6.7626 10.8057 18.943 ], 0.38375643900726925
2024-07-29 21:46:51,397 DIST_check: 25, [211], [ 6.5047 10.5501 19.0672], 27, 226, [ 7.0588 10.7078 18.7274], 0.6688497355874141
2024-07-29 21:46:51,398 DIST_check: 25, [211], [ 6.5047 10.5501 19.0672], 135, 1039, [ 5.9587 10.9907 19.4212], 0.7858498182605004
2024-07-29 21:46:51,398 DIST_check: 25, [211], [ 6.5047 10.5501 19.0672], 138, 1058, [ 5.7591 10.2921 19.0714], 0.7889876590243471
2024-07-29 21:46:51,399 DIST_check: 25, [211], [ 6.5047 10.5501 19.0672], 139, 1067, [ 5.8917 10.5681 18.8407], 0.6537549377433607
2024-07-29 21:46:51,399 DIST_check: 25, [211], [ 6.5047 10.5501 19.0672], 140, 1074, [ 6.2386 10.5716 18.6795], 0.4707252637156196
2024-07-29 21:46:51,400 DIST_check: 25, [211], [ 6.5047 10.5501 19.0672], 141, 1088, [ 6.4936 10.8373 18.5863], 0.5602425096384488
2024-07-29 21:46:51,400 DIST_check: 25, [211], [ 6.5047 10.5501 19.0672], 159, 1241, [ 7.1397 10.9705 19.1667], 0.7680240521616395
2024-07-29 21:46:51,401 DIST_check: 26, [221], [ 6.7626 10.8057 18.943 ], 24, 201, [ 6.7864 10.3137 19.1689], 0.5419052016363394
2024-07-29 21:46:51,402 DIST_check: 26, [221], [ 6.7626 10.8057 18.943 ], 25, 211, [ 6.5047 10.5501 19.0672], 0.38375643900726925
2024-07-29 21:46:51,402 DIST_check: 26, [221], [ 6.7626 10.8057 18.943 ], 27, 226, [ 7.0588 10.7078 18.7274], 0.37921348445304565
2024-07-29 21:46:51,403 DIST_check: 26, [221], [ 6.7626 10.8057 18.943 ], 28, 234, [ 7.3421 10.9329 18.6095], 0.6806045408736288
2024-07-29 21:46:51,403 DIST_check: 26, [221], [ 6.7626 10.8057 18.943 ], 132, 1013, [ 6.3655 11.2951 19.3342], 0.7417798896194844
2024-07-29 21:46:51,404 DIST_check: 26, [221], [ 6.7626 10.8057 18.943 ], 140, 1074, [ 6.2386 10.5716 18.6795], 0.6315152480440623
2024-07-29 21:46:51,404 DIST_check: 26, [221], [ 6.7626 10.8057 18.943 ], 141, 1088, [ 6.4936 10.8373 18.5863], 0.4478784642189609
2024-07-29 21:46:51,405 DIST_check: 26, [221], [ 6.7626 10.8057 18.943 ], 142, 1099, [ 6.7983 10.8465 18.3622], 0.5833257580265506
2024-07-29 21:46:51,405 DIST_check: 26, [221], [ 6.7626 10.8057 18.943 ], 143, 1110, [ 7.0428 11.1335 18.3745], 0.7135527936958691
2024-07-29 21:46:51,406 DIST_check: 26, [221], [ 6.7626 10.8057 18.943 ], 158, 1230, [ 7.0481 11.1823 19.4677], 0.706148413121107
2024-07-29 21:46:51,406 DIST_check: 26, [221], [ 6.7626 10.8057 18.943 ], 159, 1241, [ 7.1397 10.9705 19.1667], 0.4684067020073353
2024-07-29 21:46:51,407 DIST_check: 26, [221], [ 6.7626 10.8057 18.943 ], 160, 1247, [ 7.3566 10.6664 19.1286], 0.6377202988510625
2024-07-29 21:46:51,408 DIST_check: 27, [226], [ 7.0588 10.7078 18.7274], 24, 201, [ 6.7864 10.3137 19.1689], 0.6514897694636806
2024-07-29 21:46:51,409 DIST_check: 27, [226], [ 7.0588 10.7078 18.7274], 25, 211, [ 6.5047 10.5501 19.0672], 0.6688497355874141
2024-07-29 21:46:51,409 DIST_check: 27, [226], [ 7.0588 10.7078 18.7274], 26, 221, [ 6.7626 10.8057 18.943 ], 0.37921348445304565
2024-07-29 21:46:51,410 DIST_check: 27, [226], [ 7.0588 10.7078 18.7274], 28, 234, [ 7.3421 10.9329 18.6095], 0.38056438287691474
2024-07-29 21:46:51,410 DIST_check: 27, [226], [ 7.0588 10.7078 18.7274], 29, 242, [ 7.5595 10.7738 18.342 ], 0.6352875255040202
2024-07-29 21:46:51,411 DIST_check: 27, [226], [ 7.0588 10.7078 18.7274], 141, 1088, [ 6.4936 10.8373 18.5863], 0.5967670841083061
2024-07-29 21:46:51,411 DIST_check: 27, [226], [ 7.0588 10.7078 18.7274], 142, 1099, [ 6.7983 10.8465 18.3622], 0.4695416599108231
2024-07-29 21:46:51,412 DIST_check: 27, [226], [ 7.0588 10.7078 18.7274], 143, 1110, [ 7.0428 11.1335 18.3745], 0.5531860011179697
2024-07-29 21:46:51,412 DIST_check: 27, [226], [ 7.0588 10.7078 18.7274], 144, 1118, [ 7.343  11.1297 18.1456], 0.7728264303764285
2024-07-29 21:46:51,413 DIST_check: 27, [226], [ 7.0588 10.7078 18.7274], 159, 1241, [ 7.1397 10.9705 19.1667], 0.5182094734276266
2024-07-29 21:46:51,413 DIST_check: 27, [226], [ 7.0588 10.7078 18.7274], 160, 1247, [ 7.3566 10.6664 19.1286], 0.5013576184489867
2024-07-29 21:46:51,414 DIST_check: 27, [226], [ 7.0588 10.7078 18.7274], 161, 1258, [ 7.6601 10.7463 18.9154], 0.6311794819689281
2024-07-29 21:46:51,414 DIST_check: 27, [226], [ 7.0588 10.7078 18.7274], 162, 1266, [ 7.7609 10.4618 18.6811], 0.7453884004789764
2024-07-29 21:46:51,416 DIST_check: 28, [234], [ 7.3421 10.9329 18.6095], 26, 221, [ 6.7626 10.8057 18.943 ], 0.6806045408736288
2024-07-29 21:46:51,416 DIST_check: 28, [234], [ 7.3421 10.9329 18.6095], 27, 226, [ 7.0588 10.7078 18.7274], 0.38056438287691474
2024-07-29 21:46:51,417 DIST_check: 28, [234], [ 7.3421 10.9329 18.6095], 29, 242, [ 7.5595 10.7738 18.342 ], 0.3796485233040265
2024-07-29 21:46:51,417 DIST_check: 28, [234], [ 7.3421 10.9329 18.6095], 30, 250, [ 7.8933 10.9283 18.2647], 0.6501770554595172
2024-07-29 21:46:51,418 DIST_check: 28, [234], [ 7.3421 10.9329 18.6095], 142, 1099, [ 6.7983 10.8465 18.3622], 0.6036071780937386
2024-07-29 21:46:51,418 DIST_check: 28, [234], [ 7.3421 10.9329 18.6095], 143, 1110, [ 7.0428 11.1335 18.3745], 0.4301698741601731
2024-07-29 21:46:51,419 DIST_check: 28, [234], [ 7.3421 10.9329 18.6095], 144, 1118, [ 7.343  11.1297 18.1456], 0.5039200190490793
2024-07-29 21:46:51,419 DIST_check: 28, [234], [ 7.3421 10.9329 18.6095], 145, 1123, [ 7.6492 11.3503 18.1288], 0.7068284403815884
2024-07-29 21:46:51,420 DIST_check: 28, [234], [ 7.3421 10.9329 18.6095], 156, 1213, [ 7.4576 11.4172 19.1779], 0.7556218071879817
2024-07-29 21:46:51,420 DIST_check: 28, [234], [ 7.3421 10.9329 18.6095], 159, 1241, [ 7.1397 10.9705 19.1667], 0.5940124827280453
2024-07-29 21:46:51,421 DIST_check: 28, [234], [ 7.3421 10.9329 18.6095], 160, 1247, [ 7.3566 10.6664 19.1286], 0.5836915012372287
2024-07-29 21:46:51,421 DIST_check: 28, [234], [ 7.3421 10.9329 18.6095], 161, 1258, [ 7.6601 10.7463 18.9154], 0.4790800641679144
2024-07-29 21:46:51,422 DIST_check: 28, [234], [ 7.3421 10.9329 18.6095], 162, 1266, [ 7.7609 10.4618 18.6811], 0.6343940904270364
2024-07-29 21:46:51,423 DIST_check: 29, [242], [ 7.5595 10.7738 18.342 ], 27, 226, [ 7.0588 10.7078 18.7274], 0.6352875255040202
2024-07-29 21:46:51,423 DIST_check: 29, [242], [ 7.5595 10.7738 18.342 ], 28, 234, [ 7.3421 10.9329 18.6095], 0.3796485233040265
2024-07-29 21:46:51,424 DIST_check: 29, [242], [ 7.5595 10.7738 18.342 ], 30, 250, [ 7.8933 10.9283 18.2647], 0.3758560077172916
2024-07-29 21:46:51,425 DIST_check: 29, [242], [ 7.5595 10.7738 18.342 ], 31, 259, [ 8.0597 10.8415 17.9385], 0.6462159908253928
2024-07-29 21:46:51,425 DIST_check: 29, [242], [ 7.5595 10.7738 18.342 ], 37, 295, [ 7.5841 10.6325 17.6024], 0.7533776627990023
2024-07-29 21:46:51,426 DIST_check: 29, [242], [ 7.5595 10.7738 18.342 ], 142, 1099, [ 6.7983 10.8465 18.3622], 0.7649310582264696
2024-07-29 21:46:51,426 DIST_check: 29, [242], [ 7.5595 10.7738 18.342 ], 143, 1110, [ 7.0428 11.1335 18.3745], 0.6304123508305477
2024-07-29 21:46:51,427 DIST_check: 29, [242], [ 7.5595 10.7738 18.342 ], 144, 1118, [ 7.343  11.1297 18.1456], 0.46055388966035155
2024-07-29 21:46:51,427 DIST_check: 29, [242], [ 7.5595 10.7738 18.342 ], 145, 1123, [ 7.6492 11.3503 18.1288], 0.6211701054877751
2024-07-29 21:46:51,428 DIST_check: 29, [242], [ 7.5595 10.7738 18.342 ], 161, 1258, [ 7.6601 10.7463 18.9154], 0.5828076026677375
2024-07-29 21:46:51,428 DIST_check: 29, [242], [ 7.5595 10.7738 18.342 ], 162, 1266, [ 7.7609 10.4618 18.6811], 0.5028877379880167
2024-07-29 21:46:51,429 DIST_check: 29, [242], [ 7.5595 10.7738 18.342 ], 163, 1276, [ 8.085  10.468  18.4868], 0.6250043840213896
2024-07-29 21:46:51,429 DIST_check: 29, [242], [ 7.5595 10.7738 18.342 ], 164, 1288, [ 8.0549 10.3583 18.1276], 0.681196138033392
2024-07-29 21:46:51,430 DIST_check: 30, [250], [ 7.8933 10.9283 18.2647], 28, 234, [ 7.3421 10.9329 18.6095], 0.6501770554595172
2024-07-29 21:46:51,431 DIST_check: 30, [250], [ 7.8933 10.9283 18.2647], 29, 242, [ 7.5595 10.7738 18.342 ], 0.3758560077172916
2024-07-29 21:46:51,431 DIST_check: 30, [250], [ 7.8933 10.9283 18.2647], 31, 259, [ 8.0597 10.8415 17.9385], 0.3763374498295106
2024-07-29 21:46:51,432 DIST_check: 30, [250], [ 7.8933 10.9283 18.2647], 32, 264, [ 8.284  10.9697 17.6614], 0.7199525792534692
2024-07-29 21:46:51,432 DIST_check: 30, [250], [ 7.8933 10.9283 18.2647], 37, 295, [ 7.5841 10.6325 17.6024], 0.7885074613431162
2024-07-29 21:46:51,433 DIST_check: 30, [250], [ 7.8933 10.9283 18.2647], 144, 1118, [ 7.343  11.1297 18.1456], 0.5979774662647781
2024-07-29 21:46:51,433 DIST_check: 30, [250], [ 7.8933 10.9283 18.2647], 145, 1123, [ 7.6492 11.3503 18.1288], 0.5061005266388025
2024-07-29 21:46:51,434 DIST_check: 30, [250], [ 7.8933 10.9283 18.2647], 146, 1130, [ 7.9997 11.3564 17.9898], 0.5197696680622534
2024-07-29 21:46:51,434 DIST_check: 30, [250], [ 7.8933 10.9283 18.2647], 147, 1141, [ 8.1177 11.5625 18.2883], 0.6731432757797635
2024-07-29 21:46:51,435 DIST_check: 30, [250], [ 7.8933 10.9283 18.2647], 148, 1150, [ 7.9475 11.485  18.6193], 0.6622643552742224
2024-07-29 21:46:51,435 DIST_check: 30, [250], [ 7.8933 10.9283 18.2647], 161, 1258, [ 7.6601 10.7463 18.9154], 0.7147841087091732
2024-07-29 21:46:51,436 DIST_check: 30, [250], [ 7.8933 10.9283 18.2647], 162, 1266, [ 7.7609 10.4618 18.6811], 0.6391729032418693
2024-07-29 21:46:51,436 DIST_check: 30, [250], [ 7.8933 10.9283 18.2647], 163, 1276, [ 8.085  10.468  18.4868], 0.5458503514083687
2024-07-29 21:46:51,437 DIST_check: 30, [250], [ 7.8933 10.9283 18.2647], 164, 1288, [ 8.0549 10.3583 18.1276], 0.6081206449734523
2024-07-29 21:46:51,438 DIST_check: 31, [259], [ 8.0597 10.8415 17.9385], 29, 242, [ 7.5595 10.7738 18.342 ], 0.6462159908253928
2024-07-29 21:46:51,439 DIST_check: 31, [259], [ 8.0597 10.8415 17.9385], 30, 250, [ 7.8933 10.9283 18.2647], 0.3763374498295106
2024-07-29 21:46:51,439 DIST_check: 31, [259], [ 8.0597 10.8415 17.9385], 32, 264, [ 8.284  10.9697 17.6614], 0.3788535173919461
2024-07-29 21:46:51,440 DIST_check: 31, [259], [ 8.0597 10.8415 17.9385], 33, 272, [ 8.127  11.0703 17.3317], 0.6519854007161131
2024-07-29 21:46:51,440 DIST_check: 31, [259], [ 8.0597 10.8415 17.9385], 35, 283, [ 8.0633 10.5261 17.3819], 0.6397595414319797
2024-07-29 21:46:51,441 DIST_check: 31, [259], [ 8.0597 10.8415 17.9385], 37, 295, [ 7.5841 10.6325 17.6024], 0.6187404900394161
2024-07-29 21:46:51,441 DIST_check: 31, [259], [ 8.0597 10.8415 17.9385], 144, 1118, [ 7.343  11.1297 18.1456], 0.7997551397039331
2024-07-29 21:46:51,442 DIST_check: 31, [259], [ 8.0597 10.8415 17.9385], 145, 1123, [ 7.6492 11.3503 18.1288], 0.6808827807466558
2024-07-29 21:46:51,442 DIST_check: 31, [259], [ 8.0597 10.8415 17.9385], 146, 1130, [ 7.9997 11.3564 17.9898], 0.520915472753186
2024-07-29 21:46:51,443 DIST_check: 31, [259], [ 8.0597 10.8415 17.9385], 163, 1276, [ 8.085  10.468  18.4868], 0.6639088066251766
2024-07-29 21:46:51,443 DIST_check: 31, [259], [ 8.0597 10.8415 17.9385], 164, 1288, [ 8.0549 10.3583 18.1276], 0.5189067928691717
2024-07-29 21:46:51,444 DIST_check: 31, [259], [ 8.0597 10.8415 17.9385], 165, 1296, [ 8.4225 10.2645 18.0855], 0.697253660818425
2024-07-29 21:46:51,445 DIST_check: 161, [1258], [ 7.6601 10.7463 18.9154], 27, 226, [ 7.0588 10.7078 18.7274], 0.6311794819689281
2024-07-29 21:46:51,445 DIST_check: 161, [1258], [ 7.6601 10.7463 18.9154], 28, 234, [ 7.3421 10.9329 18.6095], 0.4790800641679144
2024-07-29 21:46:51,446 DIST_check: 161, [1258], [ 7.6601 10.7463 18.9154], 29, 242, [ 7.5595 10.7738 18.342 ], 0.5828076026677375
2024-07-29 21:46:51,446 DIST_check: 161, [1258], [ 7.6601 10.7463 18.9154], 30, 250, [ 7.8933 10.9283 18.2647], 0.7147841087091732
2024-07-29 21:46:51,447 DIST_check: 161, [1258], [ 7.6601 10.7463 18.9154], 156, 1213, [ 7.4576 11.4172 19.1779], 0.7483449199323087
2024-07-29 21:46:51,447 DIST_check: 161, [1258], [ 7.6601 10.7463 18.9154], 159, 1241, [ 7.1397 10.9705 19.1667], 0.6198661619676897
2024-07-29 21:46:51,448 DIST_check: 161, [1258], [ 7.6601 10.7463 18.9154], 160, 1247, [ 7.3566 10.6664 19.1286], 0.37940797126722614
2024-07-29 21:46:51,448 DIST_check: 161, [1258], [ 7.6601 10.7463 18.9154], 162, 1266, [ 7.7609 10.4618 18.6811], 0.3820953423604455
2024-07-29 21:46:51,449 DIST_check: 161, [1258], [ 7.6601 10.7463 18.9154], 163, 1276, [ 8.085  10.468  18.4868], 0.664596720963043
2024-07-29 21:46:51,450 DIST_check: 162, [1266], [ 7.7609 10.4618 18.6811], 27, 226, [ 7.0588 10.7078 18.7274], 0.7453884004789764
2024-07-29 21:46:51,451 DIST_check: 162, [1266], [ 7.7609 10.4618 18.6811], 28, 234, [ 7.3421 10.9329 18.6095], 0.6343940904270364
2024-07-29 21:46:51,451 DIST_check: 162, [1266], [ 7.7609 10.4618 18.6811], 29, 242, [ 7.5595 10.7738 18.342 ], 0.5028877379880167
2024-07-29 21:46:51,452 DIST_check: 162, [1266], [ 7.7609 10.4618 18.6811], 30, 250, [ 7.8933 10.9283 18.2647], 0.6391729032418693
2024-07-29 21:46:51,452 DIST_check: 162, [1266], [ 7.7609 10.4618 18.6811], 160, 1247, [ 7.3566 10.6664 19.1286], 0.636847475173771
2024-07-29 21:46:51,453 DIST_check: 162, [1266], [ 7.7609 10.4618 18.6811], 161, 1258, [ 7.6601 10.7463 18.9154], 0.3820953423604455
2024-07-29 21:46:51,453 DIST_check: 162, [1266], [ 7.7609 10.4618 18.6811], 163, 1276, [ 8.085  10.468  18.4868], 0.3779317199824189
2024-07-29 21:46:51,454 DIST_check: 162, [1266], [ 7.7609 10.4618 18.6811], 164, 1288, [ 8.0549 10.3583 18.1276], 0.6352257203898807
2024-07-29 21:46:51,455 DIST_check: 163, [1276], [ 8.085  10.468  18.4868], 29, 242, [ 7.5595 10.7738 18.342 ], 0.6250043840213896
2024-07-29 21:46:51,456 DIST_check: 163, [1276], [ 8.085  10.468  18.4868], 30, 250, [ 7.8933 10.9283 18.2647], 0.5458503514083687
2024-07-29 21:46:51,456 DIST_check: 163, [1276], [ 8.085  10.468  18.4868], 31, 259, [ 8.0597 10.8415 17.9385], 0.6639088066251766
2024-07-29 21:46:51,457 DIST_check: 163, [1276], [ 8.085  10.468  18.4868], 161, 1258, [ 7.6601 10.7463 18.9154], 0.664596720963043
2024-07-29 21:46:51,457 DIST_check: 163, [1276], [ 8.085  10.468  18.4868], 162, 1266, [ 7.7609 10.4618 18.6811], 0.3779317199824189
2024-07-29 21:46:51,458 DIST_check: 163, [1276], [ 8.085  10.468  18.4868], 164, 1288, [ 8.0549 10.3583 18.1276], 0.37678168030603304
2024-07-29 21:46:51,458 DIST_check: 163, [1276], [ 8.085  10.468  18.4868], 165, 1296, [ 8.4225 10.2645 18.0855], 0.5624580440671945
2024-07-29 21:46:51,459 DIST_check: 164, [1288], [ 8.0549 10.3583 18.1276], 10, 93, [ 7.6923  9.7151 18.218 ], 0.7438799772385903
2024-07-29 21:46:51,460 DIST_check: 164, [1288], [ 8.0549 10.3583 18.1276], 29, 242, [ 7.5595 10.7738 18.342 ], 0.681196138033392
2024-07-29 21:46:51,460 DIST_check: 164, [1288], [ 8.0549 10.3583 18.1276], 30, 250, [ 7.8933 10.9283 18.2647], 0.6081206449734523
2024-07-29 21:46:51,461 DIST_check: 164, [1288], [ 8.0549 10.3583 18.1276], 31, 259, [ 8.0597 10.8415 17.9385], 0.5189067928691717
2024-07-29 21:46:51,461 DIST_check: 164, [1288], [ 8.0549 10.3583 18.1276], 35, 283, [ 8.0633 10.5261 17.3819], 0.764391440917977
2024-07-29 21:46:51,462 DIST_check: 164, [1288], [ 8.0549 10.3583 18.1276], 37, 295, [ 7.5841 10.6325 17.6024], 0.7567518080812558
2024-07-29 21:46:51,462 DIST_check: 164, [1288], [ 8.0549 10.3583 18.1276], 162, 1266, [ 7.7609 10.4618 18.6811], 0.6352257203898807
2024-07-29 21:46:51,463 DIST_check: 164, [1288], [ 8.0549 10.3583 18.1276], 163, 1276, [ 8.085  10.468  18.4868], 0.37678168030603304
2024-07-29 21:46:51,463 DIST_check: 164, [1288], [ 8.0549 10.3583 18.1276], 165, 1296, [ 8.4225 10.2645 18.0855], 0.3817070224383282
2024-07-29 21:46:51,464 DIST_check: 164, [1288], [ 8.0549 10.3583 18.1276], 166, 1301, [ 8.5884 10.2212 17.7441], 0.6711855284893343
2024-07-29 21:46:51,465 DIST_check: 37, [295], [ 7.5841 10.6325 17.6024], 29, 242, [ 7.5595 10.7738 18.342 ], 0.7533776627990023
2024-07-29 21:46:51,466 DIST_check: 37, [295], [ 7.5841 10.6325 17.6024], 30, 250, [ 7.8933 10.9283 18.2647], 0.7885074613431162
2024-07-29 21:46:51,466 DIST_check: 37, [295], [ 7.5841 10.6325 17.6024], 31, 259, [ 8.0597 10.8415 17.9385], 0.6187404900394161
2024-07-29 21:46:51,467 DIST_check: 37, [295], [ 7.5841 10.6325 17.6024], 32, 264, [ 8.284  10.9697 17.6614], 0.7791314656744063
2024-07-29 21:46:51,467 DIST_check: 37, [295], [ 7.5841 10.6325 17.6024], 33, 272, [ 8.127  11.0703 17.3317], 0.7481232757307297
2024-07-29 21:46:51,468 DIST_check: 37, [295], [ 7.5841 10.6325 17.6024], 34, 279, [ 8.0337 10.7821 17.1043], 0.6874768475718972
2024-07-29 21:46:51,468 DIST_check: 37, [295], [ 7.5841 10.6325 17.6024], 35, 283, [ 8.0633 10.5261 17.3819], 0.5381205026823964
2024-07-29 21:46:51,469 DIST_check: 37, [295], [ 7.5841 10.6325 17.6024], 36, 291, [ 7.7116 10.4121 17.3227], 0.37823811823468334
2024-07-29 21:46:51,469 DIST_check: 37, [295], [ 7.5841 10.6325 17.6024], 38, 303, [ 7.2945 10.6807 17.3665], 0.3766161478036644
2024-07-29 21:46:51,470 DIST_check: 37, [295], [ 7.5841 10.6325 17.6024], 39, 311, [ 7.2003 10.3153 17.3267], 0.5691467551830284
2024-07-29 21:46:51,470 DIST_check: 37, [295], [ 7.5841 10.6325 17.6024], 40, 316, [ 7.2326 10.2116 17.6909], 0.5554643636298279
2024-07-29 21:46:51,471 DIST_check: 37, [295], [ 7.5841 10.6325 17.6024], 41, 324, [ 6.9612 10.4462 17.8223], 0.6863434513501929
2024-07-29 21:46:51,471 DIST_check: 37, [295], [ 7.5841 10.6325 17.6024], 144, 1118, [ 7.343  11.1297 18.1456], 0.7748565813600787
2024-07-29 21:46:51,472 DIST_check: 37, [295], [ 7.5841 10.6325 17.6024], 164, 1288, [ 8.0549 10.3583 18.1276], 0.7567518080812558
2024-07-29 21:46:51,473 DIST_check: 38, [303], [ 7.2945 10.6807 17.3665], 1, 1, [ 7.168  10.4968 16.8324], 0.5788658958736761
2024-07-29 21:46:51,473 DIST_check: 38, [303], [ 7.2945 10.6807 17.3665], 34, 279, [ 8.0337 10.7821 17.1043], 0.790852817903048
2024-07-29 21:46:51,474 DIST_check: 38, [303], [ 7.2945 10.6807 17.3665], 35, 283, [ 8.0633 10.5261 17.3819], 0.7843418897145743
2024-07-29 21:46:51,474 DIST_check: 38, [303], [ 7.2945 10.6807 17.3665], 36, 291, [ 7.7116 10.4121 17.3227], 0.49803318236941235
2024-07-29 21:46:51,475 DIST_check: 38, [303], [ 7.2945 10.6807 17.3665], 37, 295, [ 7.5841 10.6325 17.6024], 0.3766161478036644
2024-07-29 21:46:51,475 DIST_check: 38, [303], [ 7.2945 10.6807 17.3665], 39, 311, [ 7.2003 10.3153 17.3267], 0.37944045175969315
2024-07-29 21:46:51,476 DIST_check: 38, [303], [ 7.2945 10.6807 17.3665], 40, 316, [ 7.2326 10.2116 17.6909], 0.5736912959655879
2024-07-29 21:46:51,476 DIST_check: 38, [303], [ 7.2945 10.6807 17.3665], 41, 324, [ 6.9612 10.4462 17.8223], 0.6114177686431153
2024-07-29 21:46:51,477 DIST_check: 38, [303], [ 7.2945 10.6807 17.3665], 42, 332, [ 6.7156 10.3447 17.5474], 0.6933582574777599
2024-07-29 21:46:51,478 DIST_check: 39, [311], [ 7.2003 10.3153 17.3267], 1, 1, [ 7.168  10.4968 16.8324], 0.5275594945104211
2024-07-29 21:46:51,479 DIST_check: 39, [311], [ 7.2003 10.3153 17.3267], 2, 9, [ 7.3316 10.1577 16.7621], 0.6007085145244407
2024-07-29 21:46:51,479 DIST_check: 39, [311], [ 7.2003 10.3153 17.3267], 3, 20, [ 7.3777  9.8843 17.0273], 0.5539602670943307
2024-07-29 21:46:51,480 DIST_check: 39, [311], [ 7.2003 10.3153 17.3267], 4, 34, [ 7.745   9.8174 17.0725], 0.7805253225170732
2024-07-29 21:46:51,480 DIST_check: 39, [311], [ 7.2003 10.3153 17.3267], 36, 291, [ 7.7116 10.4121 17.3227], 0.520397444322879
2024-07-29 21:46:51,481 DIST_check: 39, [311], [ 7.2003 10.3153 17.3267], 37, 295, [ 7.5841 10.6325 17.6024], 0.5691467551830284
2024-07-29 21:46:51,481 DIST_check: 39, [311], [ 7.2003 10.3153 17.3267], 38, 303, [ 7.2945 10.6807 17.3665], 0.37944045175969315
2024-07-29 21:46:51,482 DIST_check: 39, [311], [ 7.2003 10.3153 17.3267], 40, 316, [ 7.2326 10.2116 17.6909], 0.38005129316801795
2024-07-29 21:46:51,482 DIST_check: 39, [311], [ 7.2003 10.3153 17.3267], 41, 324, [ 6.9612 10.4462 17.8223], 0.5656172021349332
2024-07-29 21:46:51,483 DIST_check: 39, [311], [ 7.2003 10.3153 17.3267], 42, 332, [ 6.7156 10.3447 17.5474], 0.5333918116763808
2024-07-29 21:46:51,483 DIST_check: 39, [311], [ 7.2003 10.3153 17.3267], 43, 344, [ 6.7954  9.9721 17.5805], 0.5883402752805114
2024-07-29 21:46:51,484 DIST_check: 40, [316], [ 7.2326 10.2116 17.6909], 3, 20, [ 7.3777  9.8843 17.0273], 0.754019512765938
2024-07-29 21:46:51,485 DIST_check: 40, [316], [ 7.2326 10.2116 17.6909], 7, 67, [ 7.7325  9.8001 17.6496], 0.6487973012155075
2024-07-29 21:46:51,486 DIST_check: 40, [316], [ 7.2326 10.2116 17.6909], 11, 101, [ 7.3442  9.6488 18.0799], 0.6931953503347824
2024-07-29 21:46:51,486 DIST_check: 40, [316], [ 7.2326 10.2116 17.6909], 36, 291, [ 7.7116 10.4121 17.3227], 0.6365627673368036
2024-07-29 21:46:51,487 DIST_check: 40, [316], [ 7.2326 10.2116 17.6909], 37, 295, [ 7.5841 10.6325 17.6024], 0.5554643636298279
2024-07-29 21:46:51,487 DIST_check: 40, [316], [ 7.2326 10.2116 17.6909], 38, 303, [ 7.2945 10.6807 17.3665], 0.5736912959655879
2024-07-29 21:46:51,488 DIST_check: 40, [316], [ 7.2326 10.2116 17.6909], 39, 311, [ 7.2003 10.3153 17.3267], 0.38005129316801795
2024-07-29 21:46:51,488 DIST_check: 40, [316], [ 7.2326 10.2116 17.6909], 41, 324, [ 6.9612 10.4462 17.8223], 0.3820482635499956
2024-07-29 21:46:51,489 DIST_check: 40, [316], [ 7.2326 10.2116 17.6909], 42, 332, [ 6.7156 10.3447 17.5474], 0.5528085697313492
2024-07-29 21:46:51,489 DIST_check: 40, [316], [ 7.2326 10.2116 17.6909], 43, 344, [ 6.7954  9.9721 17.5805], 0.5105806374537192
2024-07-29 21:46:51,490 DIST_check: 40, [316], [ 7.2326 10.2116 17.6909], 44, 349, [ 6.7292  9.9893 17.954 ], 0.6099597117576997
2024-07-29 21:46:51,491 DIST_check: 41, [324], [ 6.9612 10.4462 17.8223], 37, 295, [ 7.5841 10.6325 17.6024], 0.6863434513501929
2024-07-29 21:46:51,491 DIST_check: 41, [324], [ 6.9612 10.4462 17.8223], 38, 303, [ 7.2945 10.6807 17.3665], 0.6114177686431153
2024-07-29 21:46:51,492 DIST_check: 41, [324], [ 6.9612 10.4462 17.8223], 39, 311, [ 7.2003 10.3153 17.3267], 0.5656172021349332
2024-07-29 21:46:51,492 DIST_check: 41, [324], [ 6.9612 10.4462 17.8223], 40, 316, [ 7.2326 10.2116 17.6909], 0.3820482635499956
2024-07-29 21:46:51,493 DIST_check: 41, [324], [ 6.9612 10.4462 17.8223], 42, 332, [ 6.7156 10.3447 17.5474], 0.38235072054964825
2024-07-29 21:46:51,493 DIST_check: 41, [324], [ 6.9612 10.4462 17.8223], 43, 344, [ 6.7954  9.9721 17.5805], 0.5574297960244359
2024-07-29 21:46:51,494 DIST_check: 41, [324], [ 6.9612 10.4462 17.8223], 44, 349, [ 6.7292  9.9893 17.954 ], 0.5290816041788307
2024-07-29 21:46:51,494 DIST_check: 41, [324], [ 6.9612 10.4462 17.8223], 45, 357, [ 6.3936 10.1665 17.9262], 0.6412469799234273
2024-07-29 21:46:51,495 DIST_check: 41, [324], [ 6.9612 10.4462 17.8223], 113, 876, [ 6.574  11.061  18.0239], 0.7540190617935494
2024-07-29 21:46:51,495 DIST_check: 41, [324], [ 6.9612 10.4462 17.8223], 142, 1099, [ 6.7983 10.8465 18.3622], 0.6915695835159165
2024-07-29 21:46:51,497 DIST_check: 42, [332], [ 6.7156 10.3447 17.5474], 38, 303, [ 7.2945 10.6807 17.3665], 0.6933582574777599
2024-07-29 21:46:51,497 DIST_check: 42, [332], [ 6.7156 10.3447 17.5474], 39, 311, [ 7.2003 10.3153 17.3267], 0.5333918116763808
2024-07-29 21:46:51,498 DIST_check: 42, [332], [ 6.7156 10.3447 17.5474], 40, 316, [ 7.2326 10.2116 17.6909], 0.5528085697313492
2024-07-29 21:46:51,498 DIST_check: 42, [332], [ 6.7156 10.3447 17.5474], 41, 324, [ 6.9612 10.4462 17.8223], 0.38235072054964825
2024-07-29 21:46:51,499 DIST_check: 42, [332], [ 6.7156 10.3447 17.5474], 43, 344, [ 6.7954  9.9721 17.5805], 0.38248417259336676
2024-07-29 21:46:51,499 DIST_check: 42, [332], [ 6.7156 10.3447 17.5474], 44, 349, [ 6.7292  9.9893 17.954 ], 0.540202287629151
2024-07-29 21:46:51,500 DIST_check: 42, [332], [ 6.7156 10.3447 17.5474], 45, 357, [ 6.3936 10.1665 17.9262], 0.5281378931061056
2024-07-29 21:46:51,500 DIST_check: 42, [332], [ 6.7156 10.3447 17.5474], 46, 363, [ 6.2588  9.9078 17.6764], 0.6451270277205493
2024-07-29 21:46:51,501 DIST_check: 43, [344], [ 6.7954  9.9721 17.5805], 39, 311, [ 7.2003 10.3153 17.3267], 0.5883402752805114
2024-07-29 21:46:51,502 DIST_check: 43, [344], [ 6.7954  9.9721 17.5805], 40, 316, [ 7.2326 10.2116 17.6909], 0.5105806374537192
2024-07-29 21:46:51,502 DIST_check: 43, [344], [ 6.7954  9.9721 17.5805], 41, 324, [ 6.9612 10.4462 17.8223], 0.5574297960244359
2024-07-29 21:46:51,503 DIST_check: 43, [344], [ 6.7954  9.9721 17.5805], 42, 332, [ 6.7156 10.3447 17.5474], 0.38248417259336676
2024-07-29 21:46:51,503 DIST_check: 43, [344], [ 6.7954  9.9721 17.5805], 44, 349, [ 6.7292  9.9893 17.954 ], 0.37971194715341416
2024-07-29 21:46:51,504 DIST_check: 43, [344], [ 6.7954  9.9721 17.5805], 45, 357, [ 6.3936 10.1665 17.9262], 0.5645741689912708
2024-07-29 21:46:51,505 DIST_check: 43, [344], [ 6.7954  9.9721 17.5805], 46, 363, [ 6.2588  9.9078 17.6764], 0.5488815628743073
2024-07-29 21:46:51,505 DIST_check: 43, [344], [ 6.7954  9.9721 17.5805], 47, 374, [ 6.3064  9.6464 17.9499], 0.694015889724187
2024-07-29 21:46:51,506 DIST_check: 165, [1296], [ 8.4225 10.2645 18.0855], 31, 259, [ 8.0597 10.8415 17.9385], 0.697253660818425
2024-07-29 21:46:51,507 DIST_check: 165, [1296], [ 8.4225 10.2645 18.0855], 163, 1276, [ 8.085  10.468  18.4868], 0.5624580440671945
2024-07-29 21:46:51,507 DIST_check: 165, [1296], [ 8.4225 10.2645 18.0855], 164, 1288, [ 8.0549 10.3583 18.1276], 0.3817070224383282
2024-07-29 21:46:51,508 DIST_check: 165, [1296], [ 8.4225 10.2645 18.0855], 166, 1301, [ 8.5884 10.2212 17.7441], 0.3820363965945314
2024-07-29 21:46:51,508 DIST_check: 165, [1296], [ 8.4225 10.2645 18.0855], 167, 1308, [ 8.6269  9.8499 17.6672], 0.6234159762556702
2024-07-29 21:46:51,509 DIST_check: 166, [1301], [ 8.5884 10.2212 17.7441], 6, 53, [ 8.0694  9.6687 17.5374], 0.7857114426629226
2024-07-29 21:46:51,510 DIST_check: 166, [1301], [ 8.5884 10.2212 17.7441], 35, 283, [ 8.0633 10.5261 17.3819], 0.7070237254331224
2024-07-29 21:46:51,510 DIST_check: 166, [1301], [ 8.5884 10.2212 17.7441], 164, 1288, [ 8.0549 10.3583 18.1276], 0.6711855284893343
2024-07-29 21:46:51,511 DIST_check: 166, [1301], [ 8.5884 10.2212 17.7441], 165, 1296, [ 8.4225 10.2645 18.0855], 0.3820363965945314
2024-07-29 21:46:51,511 DIST_check: 166, [1301], [ 8.5884 10.2212 17.7441], 167, 1308, [ 8.6269  9.8499 17.6672], 0.3811291393626287
2024-07-29 21:46:51,512 DIST_check: 166, [1301], [ 8.5884 10.2212 17.7441], 168, 1315, [ 8.9716  9.6875 17.6466], 0.6642167587608971
2024-07-29 21:46:51,512 DIST_check: 166, [1301], [ 8.5884 10.2212 17.7441], 196, 1533, [ 8.9317 10.4791 17.4058], 0.5466394584719941
2024-07-29 21:46:51,513 DIST_check: 166, [1301], [ 8.5884 10.2212 17.7441], 197, 1537, [ 8.5861 10.5696 17.2655], 0.591985882770992
2024-07-29 21:46:51,513 DIST_check: 166, [1301], [ 8.5884 10.2212 17.7441], 198, 1543, [ 8.5273 10.3246 16.9808], 0.7726911542633095
2024-07-29 21:46:51,515 DIST_check: 167, [1308], [ 8.6269  9.8499 17.6672], 6, 53, [ 8.0694  9.6687 17.5374], 0.6004063783191511
2024-07-29 21:46:51,515 DIST_check: 167, [1308], [ 8.6269  9.8499 17.6672], 165, 1296, [ 8.4225 10.2645 18.0855], 0.6234159762556702
2024-07-29 21:46:51,516 DIST_check: 167, [1308], [ 8.6269  9.8499 17.6672], 166, 1301, [ 8.5884 10.2212 17.7441], 0.3811291393626287
2024-07-29 21:46:51,516 DIST_check: 167, [1308], [ 8.6269  9.8499 17.6672], 168, 1315, [ 8.9716  9.6875 17.6466], 0.38159686432419127
2024-07-29 21:46:51,517 DIST_check: 167, [1308], [ 8.6269  9.8499 17.6672], 169, 1322, [ 9.1683  9.7999 17.3403], 0.6344114251864725
2024-07-29 21:46:51,517 DIST_check: 167, [1308], [ 8.6269  9.8499 17.6672], 171, 1340, [ 8.8197  9.4325 17.1723], 0.6755152582674029
2024-07-29 21:46:51,518 DIST_check: 167, [1308], [ 8.6269  9.8499 17.6672], 172, 1352, [ 8.7729  9.7854 17.0446], 0.6427345145362743
2024-07-29 21:46:51,518 DIST_check: 167, [1308], [ 8.6269  9.8499 17.6672], 196, 1533, [ 8.9317 10.4791 17.4058], 0.7464085703489959
2024-07-29 21:46:51,518 ent_res: {1, 2, 3, 4, 6, 7, 10, 11, 23, 24, 25, 26, 27, 28, 29, 30, 31, 32, 33, 34, 35, 36, 37, 38, 39, 40, 41, 42, 43, 44, 45, 46, 47, 113, 132, 135, 138, 139, 140, 141, 142, 143, 144, 145, 146, 147, 148, 156, 158, 159, 160, 161, 162, 163, 164, 165, 166, 167, 168, 169, 171, 172, 196, 197, 198} 65
2024-07-29 21:46:51,554 SAVED: EntFeatures/uent_features_lib/P28631_native_uents.csv
2024-07-29 21:46:51,554 Finished processing
